{ "time": "2023-08-03 12:11:45.6620", "level": "INFO", "logger": "KsiazkaAPI.Filters.LoggerFilterAttribbute", "message": "Request started: GET /books/ X-Request-ID: 9e60b236-081e-4ce3-8bea-3af6a12be1e6" }
{ "time": "2023-08-03 12:11:45.6976", "level": "INFO", "logger": "KsiazkaAPI.Services.BookService", "message": "GET action for all books with filtering parameters:  and  invoked, X-Request-ID: 9e60b236-081e-4ce3-8bea-3af6a12be1e6" }
{ "time": "2023-08-03 12:11:46.6633", "level": "INFO", "logger": "KsiazkaAPI.Services.BookService", "message": "GET action for all books with filtering executed, X-Request-ID: 9e60b236-081e-4ce3-8bea-3af6a12be1e6" }
{ "time": "2023-08-03 12:11:46.6736", "level": "INFO", "logger": "KsiazkaAPI.Filters.LoggerFilterAttribbute", "message": "Request finished: GET /books/, Response: 200, Duration: 1013 ms, X-Request-ID: 9e60b236-081e-4ce3-8bea-3af6a12be1e6" }
{ "time": "2023-08-03 12:18:20.9753", "level": "INFO", "logger": "KsiazkaAPI.Filters.LoggerFilterAttribbute", "message": "Request started: GET /books/25 X-Request-ID: 042c838c-95a7-4e2e-8a97-e1ee1dc84d70" }
{ "time": "2023-08-03 12:18:20.9972", "level": "INFO", "logger": "KsiazkaAPI.Services.BookService", "message": "Book with id: 25 GET action invoked, X-Request-ID: 042c838c-95a7-4e2e-8a97-e1ee1dc84d70" }
{ "time": "2023-08-03 12:18:22.2109", "level": "INFO", "logger": "KsiazkaAPI.Services.BookService", "message": "Book with id: 25 GET action executed, X-Request-ID: 042c838c-95a7-4e2e-8a97-e1ee1dc84d70" }
{ "time": "2023-08-03 12:18:22.2148", "level": "INFO", "logger": "KsiazkaAPI.Filters.LoggerFilterAttribbute", "message": "Request finished: GET /books/25, Response: 200, Duration: 1241 ms, X-Request-ID: 042c838c-95a7-4e2e-8a97-e1ee1dc84d70" }
{ "time": "2023-08-03 12:18:22.2698", "level": "INFO", "logger": "KsiazkaAPI.Filters.LoggerFilterAttribbute", "message": "Request started: GET /books/25 X-Request-ID: 78a94092-5512-4708-9e22-75c2eb706bc2" }
{ "time": "2023-08-03 12:18:22.2698", "level": "INFO", "logger": "KsiazkaAPI.Services.BookService", "message": "Book with id: 25 GET action invoked, X-Request-ID: 78a94092-5512-4708-9e22-75c2eb706bc2" }
{ "time": "2023-08-03 12:18:22.3167", "level": "INFO", "logger": "KsiazkaAPI.Services.BookService", "message": "Book with id: 25 GET action executed, X-Request-ID: 78a94092-5512-4708-9e22-75c2eb706bc2" }
{ "time": "2023-08-03 12:18:22.3167", "level": "INFO", "logger": "KsiazkaAPI.Filters.LoggerFilterAttribbute", "message": "Request finished: GET /books/25, Response: 200, Duration: 47 ms, X-Request-ID: 78a94092-5512-4708-9e22-75c2eb706bc2" }
{ "time": "2023-08-03 12:18:22.3234", "level": "INFO", "logger": "KsiazkaAPI.Filters.LoggerFilterAttribbute", "message": "Request started: GET /books/25 X-Request-ID: fe3fc866-dec2-412a-ba86-87b4f1c0d786" }
{ "time": "2023-08-03 12:18:22.3234", "level": "INFO", "logger": "KsiazkaAPI.Services.BookService", "message": "Book with id: 25 GET action invoked, X-Request-ID: fe3fc866-dec2-412a-ba86-87b4f1c0d786" }
{ "time": "2023-08-03 12:18:22.3234", "level": "INFO", "logger": "KsiazkaAPI.Services.BookService", "message": "Book with id: 25 GET action executed, X-Request-ID: fe3fc866-dec2-412a-ba86-87b4f1c0d786" }
{ "time": "2023-08-03 12:18:22.3234", "level": "INFO", "logger": "KsiazkaAPI.Filters.LoggerFilterAttribbute", "message": "Request finished: GET /books/25, Response: 200, Duration: 10 ms, X-Request-ID: fe3fc866-dec2-412a-ba86-87b4f1c0d786" }
{ "time": "2023-08-03 12:18:22.3234", "level": "INFO", "logger": "KsiazkaAPI.Filters.LoggerFilterAttribbute", "message": "Request started: GET /books/25 X-Request-ID: df7f8939-7301-4847-835d-529deea1ddab" }
{ "time": "2023-08-03 12:18:22.3234", "level": "INFO", "logger": "KsiazkaAPI.Services.BookService", "message": "Book with id: 25 GET action invoked, X-Request-ID: df7f8939-7301-4847-835d-529deea1ddab" }
{ "time": "2023-08-03 12:18:22.3234", "level": "INFO", "logger": "KsiazkaAPI.Services.BookService", "message": "Book with id: 25 GET action executed, X-Request-ID: df7f8939-7301-4847-835d-529deea1ddab" }
{ "time": "2023-08-03 12:18:22.3234", "level": "INFO", "logger": "KsiazkaAPI.Filters.LoggerFilterAttribbute", "message": "Request finished: GET /books/25, Response: 200, Duration: 2 ms, X-Request-ID: df7f8939-7301-4847-835d-529deea1ddab" }
{ "time": "2023-08-03 12:18:22.3399", "level": "INFO", "logger": "KsiazkaAPI.Filters.LoggerFilterAttribbute", "message": "Request started: GET /books/25 X-Request-ID: e1d03abf-51e2-43d5-9739-33dc1bfa5ca8" }
{ "time": "2023-08-03 12:18:22.3399", "level": "INFO", "logger": "KsiazkaAPI.Services.BookService", "message": "Book with id: 25 GET action invoked, X-Request-ID: e1d03abf-51e2-43d5-9739-33dc1bfa5ca8" }
{ "time": "2023-08-03 12:18:22.3399", "level": "INFO", "logger": "KsiazkaAPI.Services.BookService", "message": "Book with id: 25 GET action executed, X-Request-ID: e1d03abf-51e2-43d5-9739-33dc1bfa5ca8" }
{ "time": "2023-08-03 12:18:22.3399", "level": "INFO", "logger": "KsiazkaAPI.Filters.LoggerFilterAttribbute", "message": "Request finished: GET /books/25, Response: 200, Duration: 2 ms, X-Request-ID: e1d03abf-51e2-43d5-9739-33dc1bfa5ca8" }
{ "time": "2023-08-03 12:18:22.3399", "level": "INFO", "logger": "KsiazkaAPI.Filters.LoggerFilterAttribbute", "message": "Request started: GET /books/25 X-Request-ID: 8cd16e32-81d4-40a0-ad23-83f3f261ea79" }
{ "time": "2023-08-03 12:18:22.3399", "level": "INFO", "logger": "KsiazkaAPI.Services.BookService", "message": "Book with id: 25 GET action invoked, X-Request-ID: 8cd16e32-81d4-40a0-ad23-83f3f261ea79" }
{ "time": "2023-08-03 12:18:22.3399", "level": "INFO", "logger": "KsiazkaAPI.Services.BookService", "message": "Book with id: 25 GET action executed, X-Request-ID: 8cd16e32-81d4-40a0-ad23-83f3f261ea79" }
{ "time": "2023-08-03 12:18:22.3399", "level": "INFO", "logger": "KsiazkaAPI.Filters.LoggerFilterAttribbute", "message": "Request finished: GET /books/25, Response: 200, Duration: 2 ms, X-Request-ID: 8cd16e32-81d4-40a0-ad23-83f3f261ea79" }
{ "time": "2023-08-03 12:19:02.2693", "level": "INFO", "logger": "KsiazkaAPI.Filters.LoggerFilterAttribbute", "message": "Request started: GET /books/ X-Request-ID: 9d405875-fff0-4a8f-ae2b-bc6d1e11498e" }
{ "time": "2023-08-03 12:19:02.2693", "level": "INFO", "logger": "KsiazkaAPI.Services.BookService", "message": "GET action for all books with filtering parameters:  and  invoked, X-Request-ID: 9d405875-fff0-4a8f-ae2b-bc6d1e11498e" }
{ "time": "2023-08-03 12:19:02.2910", "level": "INFO", "logger": "KsiazkaAPI.Services.BookService", "message": "GET action for all books with filtering executed, X-Request-ID: 9d405875-fff0-4a8f-ae2b-bc6d1e11498e" }
{ "time": "2023-08-03 12:19:02.2910", "level": "INFO", "logger": "KsiazkaAPI.Filters.LoggerFilterAttribbute", "message": "Request finished: GET /books/, Response: 200, Duration: 21 ms, X-Request-ID: 9d405875-fff0-4a8f-ae2b-bc6d1e11498e" }
{ "time": "2023-08-03 12:19:52.3640", "level": "INFO", "logger": "KsiazkaAPI.Filters.LoggerFilterAttribbute", "message": "Request started: GET /books/25 X-Request-ID: aa6e1a56-708f-4c89-9b73-51b3ccba1650" }
{ "time": "2023-08-03 12:19:52.3640", "level": "INFO", "logger": "KsiazkaAPI.Services.BookService", "message": "Book with id: 25 GET action invoked, X-Request-ID: aa6e1a56-708f-4c89-9b73-51b3ccba1650" }
{ "time": "2023-08-03 12:19:52.3640", "level": "INFO", "logger": "KsiazkaAPI.Services.BookService", "message": "Book with id: 25 GET action executed, X-Request-ID: aa6e1a56-708f-4c89-9b73-51b3ccba1650" }
{ "time": "2023-08-03 12:19:52.3640", "level": "INFO", "logger": "KsiazkaAPI.Filters.LoggerFilterAttribbute", "message": "Request finished: GET /books/25, Response: 200, Duration: 3 ms, X-Request-ID: aa6e1a56-708f-4c89-9b73-51b3ccba1650" }
{ "time": "2023-08-03 12:19:52.3753", "level": "INFO", "logger": "KsiazkaAPI.Filters.LoggerFilterAttribbute", "message": "Request started: GET /books/25 X-Request-ID: c8e3e6cc-569f-4828-9874-113c22be7020" }
{ "time": "2023-08-03 12:19:52.3753", "level": "INFO", "logger": "KsiazkaAPI.Services.BookService", "message": "Book with id: 25 GET action invoked, X-Request-ID: c8e3e6cc-569f-4828-9874-113c22be7020" }
{ "time": "2023-08-03 12:19:52.3753", "level": "INFO", "logger": "KsiazkaAPI.Services.BookService", "message": "Book with id: 25 GET action executed, X-Request-ID: c8e3e6cc-569f-4828-9874-113c22be7020" }
{ "time": "2023-08-03 12:19:52.3753", "level": "INFO", "logger": "KsiazkaAPI.Filters.LoggerFilterAttribbute", "message": "Request finished: GET /books/25, Response: 200, Duration: 2 ms, X-Request-ID: c8e3e6cc-569f-4828-9874-113c22be7020" }
{ "time": "2023-08-03 12:19:52.3753", "level": "INFO", "logger": "KsiazkaAPI.Filters.LoggerFilterAttribbute", "message": "Request started: GET /books/25 X-Request-ID: 2e159ca9-e16e-4903-bc60-9992076a6b17" }
{ "time": "2023-08-03 12:19:52.3753", "level": "INFO", "logger": "KsiazkaAPI.Services.BookService", "message": "Book with id: 25 GET action invoked, X-Request-ID: 2e159ca9-e16e-4903-bc60-9992076a6b17" }
{ "time": "2023-08-03 12:19:52.3753", "level": "INFO", "logger": "KsiazkaAPI.Services.BookService", "message": "Book with id: 25 GET action executed, X-Request-ID: 2e159ca9-e16e-4903-bc60-9992076a6b17" }
{ "time": "2023-08-03 12:19:52.3753", "level": "INFO", "logger": "KsiazkaAPI.Filters.LoggerFilterAttribbute", "message": "Request finished: GET /books/25, Response: 200, Duration: 2 ms, X-Request-ID: 2e159ca9-e16e-4903-bc60-9992076a6b17" }
{ "time": "2023-08-03 12:19:52.3753", "level": "INFO", "logger": "KsiazkaAPI.Filters.LoggerFilterAttribbute", "message": "Request started: GET /books/25 X-Request-ID: 7558e881-4d93-4ad5-9cef-f2651028a528" }
{ "time": "2023-08-03 12:19:52.3753", "level": "INFO", "logger": "KsiazkaAPI.Services.BookService", "message": "Book with id: 25 GET action invoked, X-Request-ID: 7558e881-4d93-4ad5-9cef-f2651028a528" }
{ "time": "2023-08-03 12:19:52.3864", "level": "INFO", "logger": "KsiazkaAPI.Services.BookService", "message": "Book with id: 25 GET action executed, X-Request-ID: 7558e881-4d93-4ad5-9cef-f2651028a528" }
{ "time": "2023-08-03 12:19:52.3864", "level": "INFO", "logger": "KsiazkaAPI.Filters.LoggerFilterAttribbute", "message": "Request finished: GET /books/25, Response: 200, Duration: 2 ms, X-Request-ID: 7558e881-4d93-4ad5-9cef-f2651028a528" }
{ "time": "2023-08-03 12:19:52.3864", "level": "INFO", "logger": "KsiazkaAPI.Filters.LoggerFilterAttribbute", "message": "Request started: GET /books/25 X-Request-ID: ce94f115-7059-4e7b-92d4-3ad38bc01145" }
{ "time": "2023-08-03 12:19:52.3864", "level": "INFO", "logger": "KsiazkaAPI.Services.BookService", "message": "Book with id: 25 GET action invoked, X-Request-ID: ce94f115-7059-4e7b-92d4-3ad38bc01145" }
{ "time": "2023-08-03 12:19:52.3864", "level": "INFO", "logger": "KsiazkaAPI.Services.BookService", "message": "Book with id: 25 GET action executed, X-Request-ID: ce94f115-7059-4e7b-92d4-3ad38bc01145" }
{ "time": "2023-08-03 12:19:52.3864", "level": "INFO", "logger": "KsiazkaAPI.Filters.LoggerFilterAttribbute", "message": "Request finished: GET /books/25, Response: 200, Duration: 2 ms, X-Request-ID: ce94f115-7059-4e7b-92d4-3ad38bc01145" }
{ "time": "2023-08-03 12:19:52.3864", "level": "INFO", "logger": "KsiazkaAPI.Filters.LoggerFilterAttribbute", "message": "Request started: GET /books/25 X-Request-ID: 78b4b59b-e158-4588-bf77-e9ebc83362b5" }
{ "time": "2023-08-03 12:19:52.3864", "level": "INFO", "logger": "KsiazkaAPI.Services.BookService", "message": "Book with id: 25 GET action invoked, X-Request-ID: 78b4b59b-e158-4588-bf77-e9ebc83362b5" }
{ "time": "2023-08-03 12:19:52.3864", "level": "INFO", "logger": "KsiazkaAPI.Services.BookService", "message": "Book with id: 25 GET action executed, X-Request-ID: 78b4b59b-e158-4588-bf77-e9ebc83362b5" }
{ "time": "2023-08-03 12:19:52.3864", "level": "INFO", "logger": "KsiazkaAPI.Filters.LoggerFilterAttribbute", "message": "Request finished: GET /books/25, Response: 200, Duration: 2 ms, X-Request-ID: 78b4b59b-e158-4588-bf77-e9ebc83362b5" }
{ "time": "2023-08-03 12:19:56.1322", "level": "INFO", "logger": "KsiazkaAPI.Filters.LoggerFilterAttribbute", "message": "Request started: GET /books/25 X-Request-ID: 972a7f9b-e78f-42cf-8eb1-f9790599c7e3" }
{ "time": "2023-08-03 12:19:56.1322", "level": "INFO", "logger": "KsiazkaAPI.Services.BookService", "message": "Book with id: 25 GET action invoked, X-Request-ID: 972a7f9b-e78f-42cf-8eb1-f9790599c7e3" }
{ "time": "2023-08-03 12:19:56.1356", "level": "INFO", "logger": "KsiazkaAPI.Services.BookService", "message": "Book with id: 25 GET action executed, X-Request-ID: 972a7f9b-e78f-42cf-8eb1-f9790599c7e3" }
{ "time": "2023-08-03 12:19:56.1356", "level": "INFO", "logger": "KsiazkaAPI.Filters.LoggerFilterAttribbute", "message": "Request finished: GET /books/25, Response: 200, Duration: 3 ms, X-Request-ID: 972a7f9b-e78f-42cf-8eb1-f9790599c7e3" }
{ "time": "2023-08-03 12:19:56.1356", "level": "INFO", "logger": "KsiazkaAPI.Filters.LoggerFilterAttribbute", "message": "Request started: GET /books/25 X-Request-ID: 0ab3e787-7270-41c7-8139-1b09ec0e0b00" }
{ "time": "2023-08-03 12:19:56.1356", "level": "INFO", "logger": "KsiazkaAPI.Services.BookService", "message": "Book with id: 25 GET action invoked, X-Request-ID: 0ab3e787-7270-41c7-8139-1b09ec0e0b00" }
{ "time": "2023-08-03 12:19:56.1356", "level": "INFO", "logger": "KsiazkaAPI.Services.BookService", "message": "Book with id: 25 GET action executed, X-Request-ID: 0ab3e787-7270-41c7-8139-1b09ec0e0b00" }
{ "time": "2023-08-03 12:19:56.1356", "level": "INFO", "logger": "KsiazkaAPI.Filters.LoggerFilterAttribbute", "message": "Request finished: GET /books/25, Response: 200, Duration: 2 ms, X-Request-ID: 0ab3e787-7270-41c7-8139-1b09ec0e0b00" }
{ "time": "2023-08-03 12:19:56.1356", "level": "INFO", "logger": "KsiazkaAPI.Filters.LoggerFilterAttribbute", "message": "Request started: GET /books/25 X-Request-ID: 52ab7671-d69c-452c-84f6-19df089fd2cd" }
{ "time": "2023-08-03 12:19:56.1356", "level": "INFO", "logger": "KsiazkaAPI.Services.BookService", "message": "Book with id: 25 GET action invoked, X-Request-ID: 52ab7671-d69c-452c-84f6-19df089fd2cd" }
{ "time": "2023-08-03 12:19:56.1356", "level": "INFO", "logger": "KsiazkaAPI.Services.BookService", "message": "Book with id: 25 GET action executed, X-Request-ID: 52ab7671-d69c-452c-84f6-19df089fd2cd" }
{ "time": "2023-08-03 12:19:56.1356", "level": "INFO", "logger": "KsiazkaAPI.Filters.LoggerFilterAttribbute", "message": "Request finished: GET /books/25, Response: 200, Duration: 1 ms, X-Request-ID: 52ab7671-d69c-452c-84f6-19df089fd2cd" }
{ "time": "2023-08-03 12:19:56.1356", "level": "INFO", "logger": "KsiazkaAPI.Filters.LoggerFilterAttribbute", "message": "Request started: GET /books/25 X-Request-ID: cb32b6d6-25d5-4001-b198-d1d81a2ce49a" }
{ "time": "2023-08-03 12:19:56.1356", "level": "INFO", "logger": "KsiazkaAPI.Services.BookService", "message": "Book with id: 25 GET action invoked, X-Request-ID: cb32b6d6-25d5-4001-b198-d1d81a2ce49a" }
{ "time": "2023-08-03 12:19:56.1356", "level": "INFO", "logger": "KsiazkaAPI.Services.BookService", "message": "Book with id: 25 GET action executed, X-Request-ID: cb32b6d6-25d5-4001-b198-d1d81a2ce49a" }
{ "time": "2023-08-03 12:19:56.1356", "level": "INFO", "logger": "KsiazkaAPI.Filters.LoggerFilterAttribbute", "message": "Request finished: GET /books/25, Response: 200, Duration: 2 ms, X-Request-ID: cb32b6d6-25d5-4001-b198-d1d81a2ce49a" }
{ "time": "2023-08-03 12:19:56.1356", "level": "INFO", "logger": "KsiazkaAPI.Filters.LoggerFilterAttribbute", "message": "Request started: GET /books/25 X-Request-ID: 0785c8b7-65bf-4fcd-93b8-0527fa3a2af1" }
{ "time": "2023-08-03 12:19:56.1356", "level": "INFO", "logger": "KsiazkaAPI.Services.BookService", "message": "Book with id: 25 GET action invoked, X-Request-ID: 0785c8b7-65bf-4fcd-93b8-0527fa3a2af1" }
{ "time": "2023-08-03 12:19:56.1511", "level": "INFO", "logger": "KsiazkaAPI.Services.BookService", "message": "Book with id: 25 GET action executed, X-Request-ID: 0785c8b7-65bf-4fcd-93b8-0527fa3a2af1" }
{ "time": "2023-08-03 12:19:56.1511", "level": "INFO", "logger": "KsiazkaAPI.Filters.LoggerFilterAttribbute", "message": "Request finished: GET /books/25, Response: 200, Duration: 1 ms, X-Request-ID: 0785c8b7-65bf-4fcd-93b8-0527fa3a2af1" }
{ "time": "2023-08-03 12:19:56.1511", "level": "INFO", "logger": "KsiazkaAPI.Filters.LoggerFilterAttribbute", "message": "Request started: GET /books/25 X-Request-ID: 8fd307c4-afcc-4cf3-9102-4c8adecd756a" }
{ "time": "2023-08-03 12:19:56.1511", "level": "INFO", "logger": "KsiazkaAPI.Services.BookService", "message": "Book with id: 25 GET action invoked, X-Request-ID: 8fd307c4-afcc-4cf3-9102-4c8adecd756a" }
{ "time": "2023-08-03 12:19:56.1511", "level": "INFO", "logger": "KsiazkaAPI.Services.BookService", "message": "Book with id: 25 GET action executed, X-Request-ID: 8fd307c4-afcc-4cf3-9102-4c8adecd756a" }
{ "time": "2023-08-03 12:19:56.1511", "level": "INFO", "logger": "KsiazkaAPI.Filters.LoggerFilterAttribbute", "message": "Request finished: GET /books/25, Response: 200, Duration: 2 ms, X-Request-ID: 8fd307c4-afcc-4cf3-9102-4c8adecd756a" }
{ "time": "2023-08-03 13:45:53.1561", "level": "INFO", "logger": "KsiazkaAPI.Filters.LoggerFilterAttribbute", "message": "Request started: GET /books/25 X-Request-ID: 35a5ba78-4a75-4b68-b296-c355d2b4350d" }
{ "time": "2023-08-03 13:45:53.1561", "level": "INFO", "logger": "KsiazkaAPI.Services.BookService", "message": "Book with id: 25 GET action invoked, X-Request-ID: 35a5ba78-4a75-4b68-b296-c355d2b4350d" }
{ "time": "2023-08-03 13:45:53.2498", "level": "INFO", "logger": "KsiazkaAPI.Services.BookService", "message": "Book with id: 25 GET action executed, X-Request-ID: 35a5ba78-4a75-4b68-b296-c355d2b4350d" }
{ "time": "2023-08-03 13:45:53.2498", "level": "INFO", "logger": "KsiazkaAPI.Filters.LoggerFilterAttribbute", "message": "Request finished: GET /books/25, Response: 200, Duration: 93 ms, X-Request-ID: 35a5ba78-4a75-4b68-b296-c355d2b4350d" }
{ "time": "2023-08-03 13:45:53.2498", "level": "INFO", "logger": "KsiazkaAPI.Filters.LoggerFilterAttribbute", "message": "Request started: GET /books/25 X-Request-ID: 007528c2-d3f2-4aa5-a8a3-e7f32598ea0b" }
{ "time": "2023-08-03 13:45:53.2498", "level": "INFO", "logger": "KsiazkaAPI.Services.BookService", "message": "Book with id: 25 GET action invoked, X-Request-ID: 007528c2-d3f2-4aa5-a8a3-e7f32598ea0b" }
{ "time": "2023-08-03 13:45:53.2610", "level": "INFO", "logger": "KsiazkaAPI.Services.BookService", "message": "Book with id: 25 GET action executed, X-Request-ID: 007528c2-d3f2-4aa5-a8a3-e7f32598ea0b" }
{ "time": "2023-08-03 13:45:53.2610", "level": "INFO", "logger": "KsiazkaAPI.Filters.LoggerFilterAttribbute", "message": "Request finished: GET /books/25, Response: 200, Duration: 2 ms, X-Request-ID: 007528c2-d3f2-4aa5-a8a3-e7f32598ea0b" }
{ "time": "2023-08-03 13:45:53.2610", "level": "INFO", "logger": "KsiazkaAPI.Filters.LoggerFilterAttribbute", "message": "Request started: GET /books/25 X-Request-ID: 4539bf01-d2fa-4c72-bfa0-9e3b90be234f" }
{ "time": "2023-08-03 13:45:53.2610", "level": "INFO", "logger": "KsiazkaAPI.Services.BookService", "message": "Book with id: 25 GET action invoked, X-Request-ID: 4539bf01-d2fa-4c72-bfa0-9e3b90be234f" }
{ "time": "2023-08-03 13:45:53.2610", "level": "INFO", "logger": "KsiazkaAPI.Services.BookService", "message": "Book with id: 25 GET action executed, X-Request-ID: 4539bf01-d2fa-4c72-bfa0-9e3b90be234f" }
{ "time": "2023-08-03 13:45:53.2610", "level": "INFO", "logger": "KsiazkaAPI.Filters.LoggerFilterAttribbute", "message": "Request finished: GET /books/25, Response: 200, Duration: 1 ms, X-Request-ID: 4539bf01-d2fa-4c72-bfa0-9e3b90be234f" }
{ "time": "2023-08-03 13:45:53.2610", "level": "INFO", "logger": "KsiazkaAPI.Filters.LoggerFilterAttribbute", "message": "Request started: GET /books/25 X-Request-ID: 75316487-5311-441e-b1a0-c50d5a349399" }
{ "time": "2023-08-03 13:45:53.2610", "level": "INFO", "logger": "KsiazkaAPI.Services.BookService", "message": "Book with id: 25 GET action invoked, X-Request-ID: 75316487-5311-441e-b1a0-c50d5a349399" }
{ "time": "2023-08-03 13:45:53.2610", "level": "INFO", "logger": "KsiazkaAPI.Services.BookService", "message": "Book with id: 25 GET action executed, X-Request-ID: 75316487-5311-441e-b1a0-c50d5a349399" }
{ "time": "2023-08-03 13:45:53.2610", "level": "INFO", "logger": "KsiazkaAPI.Filters.LoggerFilterAttribbute", "message": "Request finished: GET /books/25, Response: 200, Duration: 1 ms, X-Request-ID: 75316487-5311-441e-b1a0-c50d5a349399" }
{ "time": "2023-08-03 13:45:53.2610", "level": "INFO", "logger": "KsiazkaAPI.Filters.LoggerFilterAttribbute", "message": "Request started: GET /books/25 X-Request-ID: 9d1df8ea-06d3-4b82-a6a6-518f661dcdda" }
{ "time": "2023-08-03 13:45:53.2610", "level": "INFO", "logger": "KsiazkaAPI.Services.BookService", "message": "Book with id: 25 GET action invoked, X-Request-ID: 9d1df8ea-06d3-4b82-a6a6-518f661dcdda" }
{ "time": "2023-08-03 13:45:53.2610", "level": "INFO", "logger": "KsiazkaAPI.Services.BookService", "message": "Book with id: 25 GET action executed, X-Request-ID: 9d1df8ea-06d3-4b82-a6a6-518f661dcdda" }
{ "time": "2023-08-03 13:45:53.2610", "level": "INFO", "logger": "KsiazkaAPI.Filters.LoggerFilterAttribbute", "message": "Request finished: GET /books/25, Response: 200, Duration: 2 ms, X-Request-ID: 9d1df8ea-06d3-4b82-a6a6-518f661dcdda" }
{ "time": "2023-08-03 13:45:53.2610", "level": "INFO", "logger": "KsiazkaAPI.Filters.LoggerFilterAttribbute", "message": "Request started: GET /books/25 X-Request-ID: 3fa63591-f04c-4a75-9ca3-bb41de489854" }
{ "time": "2023-08-03 13:45:53.2610", "level": "INFO", "logger": "KsiazkaAPI.Services.BookService", "message": "Book with id: 25 GET action invoked, X-Request-ID: 3fa63591-f04c-4a75-9ca3-bb41de489854" }
{ "time": "2023-08-03 13:45:53.2610", "level": "INFO", "logger": "KsiazkaAPI.Services.BookService", "message": "Book with id: 25 GET action executed, X-Request-ID: 3fa63591-f04c-4a75-9ca3-bb41de489854" }
{ "time": "2023-08-03 13:45:53.2610", "level": "INFO", "logger": "KsiazkaAPI.Filters.LoggerFilterAttribbute", "message": "Request finished: GET /books/25, Response: 200, Duration: 1 ms, X-Request-ID: 3fa63591-f04c-4a75-9ca3-bb41de489854" }
{ "time": "2023-08-03 13:48:12.6298", "level": "INFO", "logger": "KsiazkaAPI.Filters.LoggerFilterAttribbute", "message": "Request started: GET /books/25 X-Request-ID: bf6aff72-829d-46c2-ab00-e06fffa8d379" }
{ "time": "2023-08-03 13:48:12.6298", "level": "INFO", "logger": "KsiazkaAPI.Services.BookService", "message": "Book with id: 25 GET action invoked, X-Request-ID: bf6aff72-829d-46c2-ab00-e06fffa8d379" }
{ "time": "2023-08-03 13:48:12.6404", "level": "INFO", "logger": "KsiazkaAPI.Services.BookService", "message": "Book with id: 25 GET action executed, X-Request-ID: bf6aff72-829d-46c2-ab00-e06fffa8d379" }
{ "time": "2023-08-03 13:48:12.6404", "level": "INFO", "logger": "KsiazkaAPI.Filters.LoggerFilterAttribbute", "message": "Request finished: GET /books/25, Response: 200, Duration: 10 ms, X-Request-ID: bf6aff72-829d-46c2-ab00-e06fffa8d379" }
{ "time": "2023-08-03 13:48:12.6404", "level": "INFO", "logger": "KsiazkaAPI.Filters.LoggerFilterAttribbute", "message": "Request started: GET /books/25 X-Request-ID: 38d5279c-4946-4533-b8ce-a0f81addd145" }
{ "time": "2023-08-03 13:48:12.6404", "level": "INFO", "logger": "KsiazkaAPI.Services.BookService", "message": "Book with id: 25 GET action invoked, X-Request-ID: 38d5279c-4946-4533-b8ce-a0f81addd145" }
{ "time": "2023-08-03 13:48:12.6514", "level": "INFO", "logger": "KsiazkaAPI.Services.BookService", "message": "Book with id: 25 GET action executed, X-Request-ID: 38d5279c-4946-4533-b8ce-a0f81addd145" }
{ "time": "2023-08-03 13:48:12.6514", "level": "INFO", "logger": "KsiazkaAPI.Filters.LoggerFilterAttribbute", "message": "Request finished: GET /books/25, Response: 200, Duration: 2 ms, X-Request-ID: 38d5279c-4946-4533-b8ce-a0f81addd145" }
{ "time": "2023-08-03 13:48:12.6514", "level": "INFO", "logger": "KsiazkaAPI.Filters.LoggerFilterAttribbute", "message": "Request started: GET /books/25 X-Request-ID: 73829756-c9c7-4ae3-bcbd-c03a04cf371e" }
{ "time": "2023-08-03 13:48:12.6514", "level": "INFO", "logger": "KsiazkaAPI.Services.BookService", "message": "Book with id: 25 GET action invoked, X-Request-ID: 73829756-c9c7-4ae3-bcbd-c03a04cf371e" }
{ "time": "2023-08-03 13:48:12.6514", "level": "INFO", "logger": "KsiazkaAPI.Services.BookService", "message": "Book with id: 25 GET action executed, X-Request-ID: 73829756-c9c7-4ae3-bcbd-c03a04cf371e" }
{ "time": "2023-08-03 13:48:12.6514", "level": "INFO", "logger": "KsiazkaAPI.Filters.LoggerFilterAttribbute", "message": "Request finished: GET /books/25, Response: 200, Duration: 1 ms, X-Request-ID: 73829756-c9c7-4ae3-bcbd-c03a04cf371e" }
{ "time": "2023-08-03 13:48:12.6514", "level": "INFO", "logger": "KsiazkaAPI.Filters.LoggerFilterAttribbute", "message": "Request started: GET /books/25 X-Request-ID: 497bd621-cbb9-4d10-9d6a-32305e576a07" }
{ "time": "2023-08-03 13:48:12.6514", "level": "INFO", "logger": "KsiazkaAPI.Services.BookService", "message": "Book with id: 25 GET action invoked, X-Request-ID: 497bd621-cbb9-4d10-9d6a-32305e576a07" }
{ "time": "2023-08-03 13:48:12.6514", "level": "INFO", "logger": "KsiazkaAPI.Services.BookService", "message": "Book with id: 25 GET action executed, X-Request-ID: 497bd621-cbb9-4d10-9d6a-32305e576a07" }
{ "time": "2023-08-03 13:48:12.6514", "level": "INFO", "logger": "KsiazkaAPI.Filters.LoggerFilterAttribbute", "message": "Request finished: GET /books/25, Response: 200, Duration: 1 ms, X-Request-ID: 497bd621-cbb9-4d10-9d6a-32305e576a07" }
{ "time": "2023-08-03 13:48:12.6514", "level": "INFO", "logger": "KsiazkaAPI.Filters.LoggerFilterAttribbute", "message": "Request started: GET /books/25 X-Request-ID: 8259ac85-3b8c-4ec4-be20-5d985b50bbc3" }
{ "time": "2023-08-03 13:48:12.6514", "level": "INFO", "logger": "KsiazkaAPI.Services.BookService", "message": "Book with id: 25 GET action invoked, X-Request-ID: 8259ac85-3b8c-4ec4-be20-5d985b50bbc3" }
{ "time": "2023-08-03 13:48:12.6514", "level": "INFO", "logger": "KsiazkaAPI.Services.BookService", "message": "Book with id: 25 GET action executed, X-Request-ID: 8259ac85-3b8c-4ec4-be20-5d985b50bbc3" }
{ "time": "2023-08-03 13:48:12.6514", "level": "INFO", "logger": "KsiazkaAPI.Filters.LoggerFilterAttribbute", "message": "Request finished: GET /books/25, Response: 200, Duration: 1 ms, X-Request-ID: 8259ac85-3b8c-4ec4-be20-5d985b50bbc3" }
{ "time": "2023-08-03 13:48:12.6514", "level": "INFO", "logger": "KsiazkaAPI.Filters.LoggerFilterAttribbute", "message": "Request started: GET /books/25 X-Request-ID: eb12a7f5-8fa9-420d-9b5e-e1ed0857c4ff" }
{ "time": "2023-08-03 13:48:12.6514", "level": "INFO", "logger": "KsiazkaAPI.Services.BookService", "message": "Book with id: 25 GET action invoked, X-Request-ID: eb12a7f5-8fa9-420d-9b5e-e1ed0857c4ff" }
{ "time": "2023-08-03 13:48:12.6514", "level": "INFO", "logger": "KsiazkaAPI.Services.BookService", "message": "Book with id: 25 GET action executed, X-Request-ID: eb12a7f5-8fa9-420d-9b5e-e1ed0857c4ff" }
{ "time": "2023-08-03 13:48:12.6514", "level": "INFO", "logger": "KsiazkaAPI.Filters.LoggerFilterAttribbute", "message": "Request finished: GET /books/25, Response: 200, Duration: 2 ms, X-Request-ID: eb12a7f5-8fa9-420d-9b5e-e1ed0857c4ff" }
