{ "time": "2023-08-03 12:19:51.8949", "level": "INFO", "logger": "RentalHistoryAPI.Filters.LoggerFilterAttribbute", "message": "Request started: GET /rentals/1 X-Request-ID: 0588c3c1-d383-4019-a4fe-ec74c842b517" }
{ "time": "2023-08-03 12:19:51.9195", "level": "INFO", "logger": "RentalHistoryAPI.Services.RentalHistoryService", "message": "GET action to see customer with id: 1 invoked, X-Request-ID: 0588c3c1-d383-4019-a4fe-ec74c842b517" }
{ "time": "2023-08-03 12:19:51.9195", "level": "INFO", "logger": "RentalHistoryAPI.CustomerClient", "message": "Request action  with path: https://localhost:7107/rentals/customers/only/1 and customerId: 1  GET_CUSTOMER_BY_ID action invoked" }
{ "time": "2023-08-03 12:19:52.1739", "level": "INFO", "logger": "RentalHistoryAPI.CustomerClient", "message": "Request action  with path: https://localhost:7107/rentals/customers/only/1 and customerId: 1  GET_CUSTOMER_BY_ID action executed with System.Func`1[System.Net.Http.HttpResponseMessage]" }
{ "time": "2023-08-03 12:19:52.3475", "level": "INFO", "logger": "RentalHistoryAPI.BooksClient", "message": "Request action  with path: https://localhost:7008/books/25 and bookId: 25  GET_BOOK_BY_ID action invoked" }
{ "time": "2023-08-03 12:19:52.3730", "level": "INFO", "logger": "RentalHistoryAPI.BooksClient", "message": "Request action  with path: https://localhost:7008/books/25 and bookId: 25  GET_BOOK_BY_ID action executed with System.Func`1[System.Net.Http.HttpResponseMessage]" }
{ "time": "2023-08-03 12:19:52.3730", "level": "INFO", "logger": "RentalHistoryAPI.BooksClient", "message": "Request action  with path: https://localhost:7008/books/25 and bookId: 25  GET_BOOK_BY_ID action invoked" }
{ "time": "2023-08-03 12:19:52.3730", "level": "INFO", "logger": "RentalHistoryAPI.BooksClient", "message": "Request action  with path: https://localhost:7008/books/25 and bookId: 25  GET_BOOK_BY_ID action executed with System.Func`1[System.Net.Http.HttpResponseMessage]" }
{ "time": "2023-08-03 12:19:52.3730", "level": "INFO", "logger": "RentalHistoryAPI.BooksClient", "message": "Request action  with path: https://localhost:7008/books/25 and bookId: 25  GET_BOOK_BY_ID action invoked" }
{ "time": "2023-08-03 12:19:52.3730", "level": "INFO", "logger": "RentalHistoryAPI.BooksClient", "message": "Request action  with path: https://localhost:7008/books/25 and bookId: 25  GET_BOOK_BY_ID action executed with System.Func`1[System.Net.Http.HttpResponseMessage]" }
{ "time": "2023-08-03 12:19:52.3730", "level": "INFO", "logger": "RentalHistoryAPI.BooksClient", "message": "Request action  with path: https://localhost:7008/books/25 and bookId: 25  GET_BOOK_BY_ID action invoked" }
{ "time": "2023-08-03 12:19:52.3872", "level": "INFO", "logger": "RentalHistoryAPI.BooksClient", "message": "Request action  with path: https://localhost:7008/books/25 and bookId: 25  GET_BOOK_BY_ID action executed with System.Func`1[System.Net.Http.HttpResponseMessage]" }
{ "time": "2023-08-03 12:19:52.3872", "level": "INFO", "logger": "RentalHistoryAPI.BooksClient", "message": "Request action  with path: https://localhost:7008/books/25 and bookId: 25  GET_BOOK_BY_ID action invoked" }
{ "time": "2023-08-03 12:19:52.3872", "level": "INFO", "logger": "RentalHistoryAPI.BooksClient", "message": "Request action  with path: https://localhost:7008/books/25 and bookId: 25  GET_BOOK_BY_ID action executed with System.Func`1[System.Net.Http.HttpResponseMessage]" }
{ "time": "2023-08-03 12:19:52.3872", "level": "INFO", "logger": "RentalHistoryAPI.BooksClient", "message": "Request action  with path: https://localhost:7008/books/25 and bookId: 25  GET_BOOK_BY_ID action invoked" }
{ "time": "2023-08-03 12:19:52.3872", "level": "INFO", "logger": "RentalHistoryAPI.BooksClient", "message": "Request action  with path: https://localhost:7008/books/25 and bookId: 25  GET_BOOK_BY_ID action executed with System.Func`1[System.Net.Http.HttpResponseMessage]" }
{ "time": "2023-08-03 12:19:52.3872", "level": "INFO", "logger": "RentalHistoryAPI.Services.RentalHistoryService", "message": "GET action to see customer with id: 1 executed, X-Request-ID: 0588c3c1-d383-4019-a4fe-ec74c842b517" }
{ "time": "2023-08-03 12:19:52.3872", "level": "INFO", "logger": "RentalHistoryAPI.Filters.LoggerFilterAttribbute", "message": "Request finished: GET /rentals/1, Response: 200, Duration: 504 ms, X-Request-ID: 0588c3c1-d383-4019-a4fe-ec74c842b517" }
{ "time": "2023-08-03 12:19:56.0608", "level": "INFO", "logger": "RentalHistoryAPI.Filters.LoggerFilterAttribbute", "message": "Request started: GET /rentals/1 X-Request-ID: 9e9d3d00-15b0-4a66-809e-3373e9cfd75d" }
{ "time": "2023-08-03 12:19:56.0608", "level": "INFO", "logger": "RentalHistoryAPI.Services.RentalHistoryService", "message": "GET action to see customer with id: 1 invoked, X-Request-ID: 9e9d3d00-15b0-4a66-809e-3373e9cfd75d" }
{ "time": "2023-08-03 12:19:56.0608", "level": "INFO", "logger": "RentalHistoryAPI.CustomerClient", "message": "Request action  with path: https://localhost:7107/rentals/customers/only/1 and customerId: 1  GET_CUSTOMER_BY_ID action invoked" }
{ "time": "2023-08-03 12:19:56.1180", "level": "INFO", "logger": "RentalHistoryAPI.CustomerClient", "message": "Request action  with path: https://localhost:7107/rentals/customers/only/1 and customerId: 1  GET_CUSTOMER_BY_ID action executed with System.Func`1[System.Net.Http.HttpResponseMessage]" }
{ "time": "2023-08-03 12:19:56.1306", "level": "INFO", "logger": "RentalHistoryAPI.BooksClient", "message": "Request action  with path: https://localhost:7008/books/25 and bookId: 25  GET_BOOK_BY_ID action invoked" }
{ "time": "2023-08-03 12:19:56.1363", "level": "INFO", "logger": "RentalHistoryAPI.BooksClient", "message": "Request action  with path: https://localhost:7008/books/25 and bookId: 25  GET_BOOK_BY_ID action executed with System.Func`1[System.Net.Http.HttpResponseMessage]" }
{ "time": "2023-08-03 12:19:56.1363", "level": "INFO", "logger": "RentalHistoryAPI.BooksClient", "message": "Request action  with path: https://localhost:7008/books/25 and bookId: 25  GET_BOOK_BY_ID action invoked" }
{ "time": "2023-08-03 12:19:56.1363", "level": "INFO", "logger": "RentalHistoryAPI.BooksClient", "message": "Request action  with path: https://localhost:7008/books/25 and bookId: 25  GET_BOOK_BY_ID action executed with System.Func`1[System.Net.Http.HttpResponseMessage]" }
{ "time": "2023-08-03 12:19:56.1363", "level": "INFO", "logger": "RentalHistoryAPI.BooksClient", "message": "Request action  with path: https://localhost:7008/books/25 and bookId: 25  GET_BOOK_BY_ID action invoked" }
{ "time": "2023-08-03 12:19:56.1363", "level": "INFO", "logger": "RentalHistoryAPI.BooksClient", "message": "Request action  with path: https://localhost:7008/books/25 and bookId: 25  GET_BOOK_BY_ID action executed with System.Func`1[System.Net.Http.HttpResponseMessage]" }
{ "time": "2023-08-03 12:19:56.1363", "level": "INFO", "logger": "RentalHistoryAPI.BooksClient", "message": "Request action  with path: https://localhost:7008/books/25 and bookId: 25  GET_BOOK_BY_ID action invoked" }
{ "time": "2023-08-03 12:19:56.1363", "level": "INFO", "logger": "RentalHistoryAPI.BooksClient", "message": "Request action  with path: https://localhost:7008/books/25 and bookId: 25  GET_BOOK_BY_ID action executed with System.Func`1[System.Net.Http.HttpResponseMessage]" }
{ "time": "2023-08-03 12:19:56.1363", "level": "INFO", "logger": "RentalHistoryAPI.BooksClient", "message": "Request action  with path: https://localhost:7008/books/25 and bookId: 25  GET_BOOK_BY_ID action invoked" }
{ "time": "2023-08-03 12:19:56.1521", "level": "INFO", "logger": "RentalHistoryAPI.BooksClient", "message": "Request action  with path: https://localhost:7008/books/25 and bookId: 25  GET_BOOK_BY_ID action executed with System.Func`1[System.Net.Http.HttpResponseMessage]" }
{ "time": "2023-08-03 12:19:56.1521", "level": "INFO", "logger": "RentalHistoryAPI.BooksClient", "message": "Request action  with path: https://localhost:7008/books/25 and bookId: 25  GET_BOOK_BY_ID action invoked" }
{ "time": "2023-08-03 12:19:56.1521", "level": "INFO", "logger": "RentalHistoryAPI.BooksClient", "message": "Request action  with path: https://localhost:7008/books/25 and bookId: 25  GET_BOOK_BY_ID action executed with System.Func`1[System.Net.Http.HttpResponseMessage]" }
{ "time": "2023-08-03 12:19:56.1521", "level": "INFO", "logger": "RentalHistoryAPI.Services.RentalHistoryService", "message": "GET action to see customer with id: 1 executed, X-Request-ID: 9e9d3d00-15b0-4a66-809e-3373e9cfd75d" }
{ "time": "2023-08-03 12:19:56.1521", "level": "INFO", "logger": "RentalHistoryAPI.Filters.LoggerFilterAttribbute", "message": "Request finished: GET /rentals/1, Response: 200, Duration: 95 ms, X-Request-ID: 9e9d3d00-15b0-4a66-809e-3373e9cfd75d" }
{ "time": "2023-08-03 13:45:52.6332", "level": "INFO", "logger": "RentalHistoryAPI.Filters.LoggerFilterAttribbute", "message": "Request started: GET /rentals/1 X-Request-ID: e68c7e71-e1f5-47c8-a011-195bd0d2273e" }
{ "time": "2023-08-03 13:45:52.6571", "level": "INFO", "logger": "RentalHistoryAPI.Services.RentalHistoryService", "message": "GET action to see customer with id: 1 invoked, X-Request-ID: e68c7e71-e1f5-47c8-a011-195bd0d2273e" }
{ "time": "2023-08-03 13:45:52.6571", "level": "INFO", "logger": "RentalHistoryAPI.CustomerClient", "message": "Request action  with path: https://localhost:7107/rentals/customers/only/1 and customerId: 1  GET_CUSTOMER_BY_ID action invoked" }
{ "time": "2023-08-03 13:45:52.9397", "level": "INFO", "logger": "RentalHistoryAPI.CustomerClient", "message": "Request action  with path: https://localhost:7107/rentals/customers/only/1 and customerId: 1  GET_CUSTOMER_BY_ID action executed with System.Func`1[System.Net.Http.HttpResponseMessage]" }
{ "time": "2023-08-03 13:45:53.1098", "level": "INFO", "logger": "RentalHistoryAPI.BooksClient", "message": "Request action  with path: https://localhost:7008/books/25 and bookId: 25  GET_BOOK_BY_ID action invoked" }
{ "time": "2023-08-03 13:45:53.2565", "level": "INFO", "logger": "RentalHistoryAPI.BooksClient", "message": "Request action  with path: https://localhost:7008/books/25 and bookId: 25  GET_BOOK_BY_ID action executed with System.Func`1[System.Net.Http.HttpResponseMessage]" }
{ "time": "2023-08-03 13:45:53.2565", "level": "INFO", "logger": "RentalHistoryAPI.BooksClient", "message": "Request action  with path: https://localhost:7008/books/25 and bookId: 25  GET_BOOK_BY_ID action invoked" }
{ "time": "2023-08-03 13:45:53.2617", "level": "INFO", "logger": "RentalHistoryAPI.BooksClient", "message": "Request action  with path: https://localhost:7008/books/25 and bookId: 25  GET_BOOK_BY_ID action executed with System.Func`1[System.Net.Http.HttpResponseMessage]" }
{ "time": "2023-08-03 13:45:53.2617", "level": "INFO", "logger": "RentalHistoryAPI.BooksClient", "message": "Request action  with path: https://localhost:7008/books/25 and bookId: 25  GET_BOOK_BY_ID action invoked" }
{ "time": "2023-08-03 13:45:53.2617", "level": "INFO", "logger": "RentalHistoryAPI.BooksClient", "message": "Request action  with path: https://localhost:7008/books/25 and bookId: 25  GET_BOOK_BY_ID action executed with System.Func`1[System.Net.Http.HttpResponseMessage]" }
{ "time": "2023-08-03 13:45:53.2617", "level": "INFO", "logger": "RentalHistoryAPI.BooksClient", "message": "Request action  with path: https://localhost:7008/books/25 and bookId: 25  GET_BOOK_BY_ID action invoked" }
{ "time": "2023-08-03 13:45:53.2617", "level": "INFO", "logger": "RentalHistoryAPI.BooksClient", "message": "Request action  with path: https://localhost:7008/books/25 and bookId: 25  GET_BOOK_BY_ID action executed with System.Func`1[System.Net.Http.HttpResponseMessage]" }
{ "time": "2023-08-03 13:45:53.2617", "level": "INFO", "logger": "RentalHistoryAPI.BooksClient", "message": "Request action  with path: https://localhost:7008/books/25 and bookId: 25  GET_BOOK_BY_ID action invoked" }
{ "time": "2023-08-03 13:45:53.2617", "level": "INFO", "logger": "RentalHistoryAPI.BooksClient", "message": "Request action  with path: https://localhost:7008/books/25 and bookId: 25  GET_BOOK_BY_ID action executed with System.Func`1[System.Net.Http.HttpResponseMessage]" }
{ "time": "2023-08-03 13:45:53.2617", "level": "INFO", "logger": "RentalHistoryAPI.BooksClient", "message": "Request action  with path: https://localhost:7008/books/25 and bookId: 25  GET_BOOK_BY_ID action invoked" }
{ "time": "2023-08-03 13:45:53.2617", "level": "INFO", "logger": "RentalHistoryAPI.BooksClient", "message": "Request action  with path: https://localhost:7008/books/25 and bookId: 25  GET_BOOK_BY_ID action executed with System.Func`1[System.Net.Http.HttpResponseMessage]" }
{ "time": "2023-08-03 13:45:53.2755", "level": "INFO", "logger": "RentalHistoryAPI.Services.RentalHistoryService", "message": "GET action to see customer with id: 1 executed, X-Request-ID: e68c7e71-e1f5-47c8-a011-195bd0d2273e" }
{ "time": "2023-08-03 13:45:53.2755", "level": "INFO", "logger": "RentalHistoryAPI.Filters.LoggerFilterAttribbute", "message": "Request finished: GET /rentals/1, Response: 200, Duration: 646 ms, X-Request-ID: e68c7e71-e1f5-47c8-a011-195bd0d2273e" }
{ "time": "2023-08-03 13:48:12.1757", "level": "INFO", "logger": "RentalHistoryAPI.Filters.LoggerFilterAttribbute", "message": "Request started: GET /rentals/1 X-Request-ID: e6c9fb6f-c07a-4fcc-a25d-179c9bfdefc7" }
{ "time": "2023-08-03 13:48:12.1984", "level": "INFO", "logger": "RentalHistoryAPI.Services.RentalHistoryService", "message": "GET action to see customer with id: 1 invoked, X-Request-ID: e6c9fb6f-c07a-4fcc-a25d-179c9bfdefc7" }
{ "time": "2023-08-03 13:48:12.1984", "level": "INFO", "logger": "RentalHistoryAPI.CustomerClient", "message": "Request action  with path: https://localhost:7107/rentals/customers/only/1 and customerId: 1  GET_CUSTOMER_BY_ID action invoked" }
{ "time": "2023-08-03 13:48:12.4292", "level": "INFO", "logger": "RentalHistoryAPI.CustomerClient", "message": "Request action  with path: https://localhost:7107/rentals/customers/only/1 and customerId: 1  GET_CUSTOMER_BY_ID action executed with System.Func`1[System.Net.Http.HttpResponseMessage]" }
{ "time": "2023-08-03 13:48:12.6077", "level": "INFO", "logger": "RentalHistoryAPI.BooksClient", "message": "Request action  with path: https://localhost:7008/books/25 and bookId: 25  GET_BOOK_BY_ID action invoked" }
{ "time": "2023-08-03 13:48:12.6470", "level": "INFO", "logger": "RentalHistoryAPI.BooksClient", "message": "Request action  with path: https://localhost:7008/books/25 and bookId: 25  GET_BOOK_BY_ID action executed with System.Func`1[System.Net.Http.HttpResponseMessage]" }
{ "time": "2023-08-03 13:48:12.6470", "level": "INFO", "logger": "RentalHistoryAPI.BooksClient", "message": "Request action  with path: https://localhost:7008/books/25 and bookId: 25  GET_BOOK_BY_ID action invoked" }
{ "time": "2023-08-03 13:48:12.6528", "level": "INFO", "logger": "RentalHistoryAPI.BooksClient", "message": "Request action  with path: https://localhost:7008/books/25 and bookId: 25  GET_BOOK_BY_ID action executed with System.Func`1[System.Net.Http.HttpResponseMessage]" }
{ "time": "2023-08-03 13:48:12.6528", "level": "INFO", "logger": "RentalHistoryAPI.BooksClient", "message": "Request action  with path: https://localhost:7008/books/25 and bookId: 25  GET_BOOK_BY_ID action invoked" }
{ "time": "2023-08-03 13:48:12.6528", "level": "INFO", "logger": "RentalHistoryAPI.BooksClient", "message": "Request action  with path: https://localhost:7008/books/25 and bookId: 25  GET_BOOK_BY_ID action executed with System.Func`1[System.Net.Http.HttpResponseMessage]" }
{ "time": "2023-08-03 13:48:12.6528", "level": "INFO", "logger": "RentalHistoryAPI.BooksClient", "message": "Request action  with path: https://localhost:7008/books/25 and bookId: 25  GET_BOOK_BY_ID action invoked" }
{ "time": "2023-08-03 13:48:12.6528", "level": "INFO", "logger": "RentalHistoryAPI.BooksClient", "message": "Request action  with path: https://localhost:7008/books/25 and bookId: 25  GET_BOOK_BY_ID action executed with System.Func`1[System.Net.Http.HttpResponseMessage]" }
{ "time": "2023-08-03 13:48:12.6528", "level": "INFO", "logger": "RentalHistoryAPI.BooksClient", "message": "Request action  with path: https://localhost:7008/books/25 and bookId: 25  GET_BOOK_BY_ID action invoked" }
{ "time": "2023-08-03 13:48:12.6528", "level": "INFO", "logger": "RentalHistoryAPI.BooksClient", "message": "Request action  with path: https://localhost:7008/books/25 and bookId: 25  GET_BOOK_BY_ID action executed with System.Func`1[System.Net.Http.HttpResponseMessage]" }
{ "time": "2023-08-03 13:48:12.6528", "level": "INFO", "logger": "RentalHistoryAPI.BooksClient", "message": "Request action  with path: https://localhost:7008/books/25 and bookId: 25  GET_BOOK_BY_ID action invoked" }
{ "time": "2023-08-03 13:48:12.6528", "level": "INFO", "logger": "RentalHistoryAPI.BooksClient", "message": "Request action  with path: https://localhost:7008/books/25 and bookId: 25  GET_BOOK_BY_ID action executed with System.Func`1[System.Net.Http.HttpResponseMessage]" }
{ "time": "2023-08-03 13:48:12.6528", "level": "INFO", "logger": "RentalHistoryAPI.Services.RentalHistoryService", "message": "GET action to see customer with id: 1 executed, X-Request-ID: e6c9fb6f-c07a-4fcc-a25d-179c9bfdefc7" }
{ "time": "2023-08-03 13:48:12.6683", "level": "INFO", "logger": "RentalHistoryAPI.Filters.LoggerFilterAttribbute", "message": "Request finished: GET /rentals/1, Response: 200, Duration: 494 ms, X-Request-ID: e6c9fb6f-c07a-4fcc-a25d-179c9bfdefc7" }
