{ "timestamp": "2023-08-03 10:22:46.0572", "level": "INFO", "logger": "WypozyczalniaAPI.Filters.LoggerFilterAttribbute", "message": "Request started: GET /rentals/ X-Request-ID: 88e0ed4f-060c-4e85-88e2-415b3862ca72" }
{ "timestamp": "2023-08-03 10:22:46.0572", "level": "INFO", "logger": "WypozyczalniaAPI.Services.RentService", "message": "GET action for all rents with data filtering parameters:  and  invoked, , X-Request-ID: 88e0ed4f-060c-4e85-88e2-415b3862ca72" }
{ "timestamp": "2023-08-03 10:22:46.0572", "level": "INFO", "logger": "WypozyczalniaAPI.BooksClient", "message": "Request action  with path: https://localhost:7008/books/27 and bookId: 27, X-Request-ID: 88e0ed4f-060c-4e85-88e2-415b3862ca72  GET_BOOK_BY_ID action invoked" }
{ "timestamp": "2023-08-03 10:22:46.1879", "level": "INFO", "logger": "WypozyczalniaAPI.BooksClient", "message": "Request action  with path: https://localhost:7008/books/27 and bookId: 27, X-Request-ID: 88e0ed4f-060c-4e85-88e2-415b3862ca72  GET_BOOK_BY_ID action executed " }
{ "timestamp": "2023-08-03 10:22:46.1879", "level": "INFO", "logger": "WypozyczalniaAPI.BooksClient", "message": "Request action  with path: https://localhost:7008/books/27 and bookId: 27, X-Request-ID: 88e0ed4f-060c-4e85-88e2-415b3862ca72  GET_BOOK_BY_ID action invoked" }
{ "timestamp": "2023-08-03 10:22:46.1879", "level": "INFO", "logger": "WypozyczalniaAPI.BooksClient", "message": "Request action  with path: https://localhost:7008/books/27 and bookId: 27, X-Request-ID: 88e0ed4f-060c-4e85-88e2-415b3862ca72  GET_BOOK_BY_ID action executed " }
{ "timestamp": "2023-08-03 10:22:46.1879", "level": "INFO", "logger": "WypozyczalniaAPI.BooksClient", "message": "Request action  with path: https://localhost:7008/books/27 and bookId: 27, X-Request-ID: 88e0ed4f-060c-4e85-88e2-415b3862ca72  GET_BOOK_BY_ID action invoked" }
{ "timestamp": "2023-08-03 10:22:46.1879", "level": "INFO", "logger": "WypozyczalniaAPI.BooksClient", "message": "Request action  with path: https://localhost:7008/books/27 and bookId: 27, X-Request-ID: 88e0ed4f-060c-4e85-88e2-415b3862ca72  GET_BOOK_BY_ID action executed " }
{ "timestamp": "2023-08-03 10:22:46.1879", "level": "INFO", "logger": "WypozyczalniaAPI.BooksClient", "message": "Request action  with path: https://localhost:7008/books/27 and bookId: 27, X-Request-ID: 88e0ed4f-060c-4e85-88e2-415b3862ca72  GET_BOOK_BY_ID action invoked" }
{ "timestamp": "2023-08-03 10:22:46.2026", "level": "INFO", "logger": "WypozyczalniaAPI.BooksClient", "message": "Request action  with path: https://localhost:7008/books/27 and bookId: 27, X-Request-ID: 88e0ed4f-060c-4e85-88e2-415b3862ca72  GET_BOOK_BY_ID action executed " }
{ "timestamp": "2023-08-03 10:22:46.2026", "level": "INFO", "logger": "WypozyczalniaAPI.BooksClient", "message": "Request action  with path: https://localhost:7008/books/28 and bookId: 28, X-Request-ID: 88e0ed4f-060c-4e85-88e2-415b3862ca72  GET_BOOK_BY_ID action invoked" }
{ "timestamp": "2023-08-03 10:22:46.2026", "level": "INFO", "logger": "WypozyczalniaAPI.BooksClient", "message": "Request action  with path: https://localhost:7008/books/28 and bookId: 28, X-Request-ID: 88e0ed4f-060c-4e85-88e2-415b3862ca72  GET_BOOK_BY_ID action executed " }
{ "timestamp": "2023-08-03 10:22:46.2026", "level": "INFO", "logger": "WypozyczalniaAPI.BooksClient", "message": "Request action  with path: https://localhost:7008/books/29 and bookId: 29, X-Request-ID: 88e0ed4f-060c-4e85-88e2-415b3862ca72  GET_BOOK_BY_ID action invoked" }
{ "timestamp": "2023-08-03 10:22:46.2026", "level": "INFO", "logger": "WypozyczalniaAPI.BooksClient", "message": "Request action  with path: https://localhost:7008/books/29 and bookId: 29, X-Request-ID: 88e0ed4f-060c-4e85-88e2-415b3862ca72  GET_BOOK_BY_ID action executed " }
{ "timestamp": "2023-08-03 10:22:46.2026", "level": "INFO", "logger": "WypozyczalniaAPI.BooksClient", "message": "Request action  with path: https://localhost:7008/books/29 and bookId: 29, X-Request-ID: 88e0ed4f-060c-4e85-88e2-415b3862ca72  GET_BOOK_BY_ID action invoked" }
{ "timestamp": "2023-08-03 10:22:46.2133", "level": "INFO", "logger": "WypozyczalniaAPI.BooksClient", "message": "Request action  with path: https://localhost:7008/books/29 and bookId: 29, X-Request-ID: 88e0ed4f-060c-4e85-88e2-415b3862ca72  GET_BOOK_BY_ID action executed " }
{ "timestamp": "2023-08-03 10:22:46.2133", "level": "INFO", "logger": "WypozyczalniaAPI.BooksClient", "message": "Request action  with path: https://localhost:7008/books/31 and bookId: 31, X-Request-ID: 88e0ed4f-060c-4e85-88e2-415b3862ca72  GET_BOOK_BY_ID action invoked" }
{ "timestamp": "2023-08-03 10:22:46.2133", "level": "INFO", "logger": "WypozyczalniaAPI.BooksClient", "message": "Request action  with path: https://localhost:7008/books/31 and bookId: 31, X-Request-ID: 88e0ed4f-060c-4e85-88e2-415b3862ca72  GET_BOOK_BY_ID action executed " }
{ "timestamp": "2023-08-03 10:22:46.2133", "level": "INFO", "logger": "WypozyczalniaAPI.BooksClient", "message": "Request action  with path: https://localhost:7008/books/31 and bookId: 31, X-Request-ID: 88e0ed4f-060c-4e85-88e2-415b3862ca72  GET_BOOK_BY_ID action invoked" }
{ "timestamp": "2023-08-03 10:22:46.2133", "level": "INFO", "logger": "WypozyczalniaAPI.BooksClient", "message": "Request action  with path: https://localhost:7008/books/31 and bookId: 31, X-Request-ID: 88e0ed4f-060c-4e85-88e2-415b3862ca72  GET_BOOK_BY_ID action executed " }
{ "timestamp": "2023-08-03 10:22:46.2133", "level": "INFO", "logger": "WypozyczalniaAPI.BooksClient", "message": "Request action  with path: https://localhost:7008/books/33 and bookId: 33, X-Request-ID: 88e0ed4f-060c-4e85-88e2-415b3862ca72  GET_BOOK_BY_ID action invoked" }
{ "timestamp": "2023-08-03 10:22:46.2133", "level": "INFO", "logger": "WypozyczalniaAPI.BooksClient", "message": "Request action  with path: https://localhost:7008/books/33 and bookId: 33, X-Request-ID: 88e0ed4f-060c-4e85-88e2-415b3862ca72  GET_BOOK_BY_ID action executed " }
{ "timestamp": "2023-08-03 10:22:46.2133", "level": "INFO", "logger": "WypozyczalniaAPI.BooksClient", "message": "Request action  with path: https://localhost:7008/books/33 and bookId: 33, X-Request-ID: 88e0ed4f-060c-4e85-88e2-415b3862ca72  GET_BOOK_BY_ID action invoked" }
{ "timestamp": "2023-08-03 10:22:46.2133", "level": "INFO", "logger": "WypozyczalniaAPI.BooksClient", "message": "Request action  with path: https://localhost:7008/books/33 and bookId: 33, X-Request-ID: 88e0ed4f-060c-4e85-88e2-415b3862ca72  GET_BOOK_BY_ID action executed " }
{ "timestamp": "2023-08-03 10:22:46.2133", "level": "INFO", "logger": "WypozyczalniaAPI.BooksClient", "message": "Request action  with path: https://localhost:7008/books/33 and bookId: 33, X-Request-ID: 88e0ed4f-060c-4e85-88e2-415b3862ca72  GET_BOOK_BY_ID action invoked" }
{ "timestamp": "2023-08-03 10:22:46.2133", "level": "INFO", "logger": "WypozyczalniaAPI.BooksClient", "message": "Request action  with path: https://localhost:7008/books/33 and bookId: 33, X-Request-ID: 88e0ed4f-060c-4e85-88e2-415b3862ca72  GET_BOOK_BY_ID action executed " }
{ "timestamp": "2023-08-03 10:22:46.2133", "level": "INFO", "logger": "WypozyczalniaAPI.BooksClient", "message": "Request action  with path: https://localhost:7008/books/32 and bookId: 32, X-Request-ID: 88e0ed4f-060c-4e85-88e2-415b3862ca72  GET_BOOK_BY_ID action invoked" }
{ "timestamp": "2023-08-03 10:22:46.2297", "level": "INFO", "logger": "WypozyczalniaAPI.BooksClient", "message": "Request action  with path: https://localhost:7008/books/32 and bookId: 32, X-Request-ID: 88e0ed4f-060c-4e85-88e2-415b3862ca72  GET_BOOK_BY_ID action executed " }
{ "timestamp": "2023-08-03 10:22:46.2297", "level": "INFO", "logger": "WypozyczalniaAPI.BooksClient", "message": "Request action  with path: https://localhost:7008/books/32 and bookId: 32, X-Request-ID: 88e0ed4f-060c-4e85-88e2-415b3862ca72  GET_BOOK_BY_ID action invoked" }
{ "timestamp": "2023-08-03 10:22:46.2297", "level": "INFO", "logger": "WypozyczalniaAPI.BooksClient", "message": "Request action  with path: https://localhost:7008/books/32 and bookId: 32, X-Request-ID: 88e0ed4f-060c-4e85-88e2-415b3862ca72  GET_BOOK_BY_ID action executed " }
{ "timestamp": "2023-08-03 10:22:46.2297", "level": "INFO", "logger": "WypozyczalniaAPI.BooksClient", "message": "Request action  with path: https://localhost:7008/books/32 and bookId: 32, X-Request-ID: 88e0ed4f-060c-4e85-88e2-415b3862ca72  GET_BOOK_BY_ID action invoked" }
{ "timestamp": "2023-08-03 10:22:46.2297", "level": "INFO", "logger": "WypozyczalniaAPI.BooksClient", "message": "Request action  with path: https://localhost:7008/books/32 and bookId: 32, X-Request-ID: 88e0ed4f-060c-4e85-88e2-415b3862ca72  GET_BOOK_BY_ID action executed " }
{ "timestamp": "2023-08-03 10:22:46.2297", "level": "INFO", "logger": "WypozyczalniaAPI.BooksClient", "message": "Request action  with path: https://localhost:7008/books/33 and bookId: 33, X-Request-ID: 88e0ed4f-060c-4e85-88e2-415b3862ca72  GET_BOOK_BY_ID action invoked" }
{ "timestamp": "2023-08-03 10:22:46.2297", "level": "INFO", "logger": "WypozyczalniaAPI.BooksClient", "message": "Request action  with path: https://localhost:7008/books/33 and bookId: 33, X-Request-ID: 88e0ed4f-060c-4e85-88e2-415b3862ca72  GET_BOOK_BY_ID action executed " }
{ "timestamp": "2023-08-03 10:22:46.2297", "level": "INFO", "logger": "WypozyczalniaAPI.BooksClient", "message": "Request action  with path: https://localhost:7008/books/30 and bookId: 30, X-Request-ID: 88e0ed4f-060c-4e85-88e2-415b3862ca72  GET_BOOK_BY_ID action invoked" }
{ "timestamp": "2023-08-03 10:22:46.2297", "level": "INFO", "logger": "WypozyczalniaAPI.BooksClient", "message": "Request action  with path: https://localhost:7008/books/30 and bookId: 30, X-Request-ID: 88e0ed4f-060c-4e85-88e2-415b3862ca72  GET_BOOK_BY_ID action executed " }
{ "timestamp": "2023-08-03 10:22:46.2297", "level": "INFO", "logger": "WypozyczalniaAPI.BooksClient", "message": "Request action  with path: https://localhost:7008/books/30 and bookId: 30, X-Request-ID: 88e0ed4f-060c-4e85-88e2-415b3862ca72  GET_BOOK_BY_ID action invoked" }
{ "timestamp": "2023-08-03 10:22:46.2297", "level": "INFO", "logger": "WypozyczalniaAPI.BooksClient", "message": "Request action  with path: https://localhost:7008/books/30 and bookId: 30, X-Request-ID: 88e0ed4f-060c-4e85-88e2-415b3862ca72  GET_BOOK_BY_ID action executed " }
{ "timestamp": "2023-08-03 10:22:46.2297", "level": "INFO", "logger": "WypozyczalniaAPI.BooksClient", "message": "Request action  with path: https://localhost:7008/books/30 and bookId: 30, X-Request-ID: 88e0ed4f-060c-4e85-88e2-415b3862ca72  GET_BOOK_BY_ID action invoked" }
{ "timestamp": "2023-08-03 10:22:46.2467", "level": "INFO", "logger": "WypozyczalniaAPI.BooksClient", "message": "Request action  with path: https://localhost:7008/books/30 and bookId: 30, X-Request-ID: 88e0ed4f-060c-4e85-88e2-415b3862ca72  GET_BOOK_BY_ID action executed " }
{ "timestamp": "2023-08-03 10:22:46.2467", "level": "INFO", "logger": "WypozyczalniaAPI.BooksClient", "message": "Request action  with path: https://localhost:7008/books/30 and bookId: 30, X-Request-ID: 88e0ed4f-060c-4e85-88e2-415b3862ca72  GET_BOOK_BY_ID action invoked" }
{ "timestamp": "2023-08-03 10:22:46.2467", "level": "INFO", "logger": "WypozyczalniaAPI.BooksClient", "message": "Request action  with path: https://localhost:7008/books/30 and bookId: 30, X-Request-ID: 88e0ed4f-060c-4e85-88e2-415b3862ca72  GET_BOOK_BY_ID action executed " }
{ "timestamp": "2023-08-03 10:22:46.2467", "level": "INFO", "logger": "WypozyczalniaAPI.BooksClient", "message": "Request action  with path: https://localhost:7008/books/25 and bookId: 25, X-Request-ID: 88e0ed4f-060c-4e85-88e2-415b3862ca72  GET_BOOK_BY_ID action invoked" }
{ "timestamp": "2023-08-03 10:22:46.2467", "level": "INFO", "logger": "WypozyczalniaAPI.BooksClient", "message": "Request action  with path: https://localhost:7008/books/25 and bookId: 25, X-Request-ID: 88e0ed4f-060c-4e85-88e2-415b3862ca72  GET_BOOK_BY_ID action executed " }
{ "timestamp": "2023-08-03 10:22:46.2467", "level": "INFO", "logger": "WypozyczalniaAPI.BooksClient", "message": "Request action  with path: https://localhost:7008/books/25 and bookId: 25, X-Request-ID: 88e0ed4f-060c-4e85-88e2-415b3862ca72  GET_BOOK_BY_ID action invoked" }
{ "timestamp": "2023-08-03 10:22:46.2467", "level": "INFO", "logger": "WypozyczalniaAPI.BooksClient", "message": "Request action  with path: https://localhost:7008/books/25 and bookId: 25, X-Request-ID: 88e0ed4f-060c-4e85-88e2-415b3862ca72  GET_BOOK_BY_ID action executed " }
{ "timestamp": "2023-08-03 10:22:46.2467", "level": "INFO", "logger": "WypozyczalniaAPI.BooksClient", "message": "Request action  with path: https://localhost:7008/books/25 and bookId: 25, X-Request-ID: 88e0ed4f-060c-4e85-88e2-415b3862ca72  GET_BOOK_BY_ID action invoked" }
{ "timestamp": "2023-08-03 10:22:46.2467", "level": "INFO", "logger": "WypozyczalniaAPI.BooksClient", "message": "Request action  with path: https://localhost:7008/books/25 and bookId: 25, X-Request-ID: 88e0ed4f-060c-4e85-88e2-415b3862ca72  GET_BOOK_BY_ID action executed " }
{ "timestamp": "2023-08-03 10:22:46.2467", "level": "INFO", "logger": "WypozyczalniaAPI.BooksClient", "message": "Request action  with path: https://localhost:7008/books/25 and bookId: 25, X-Request-ID: 88e0ed4f-060c-4e85-88e2-415b3862ca72  GET_BOOK_BY_ID action invoked" }
{ "timestamp": "2023-08-03 10:22:46.2614", "level": "INFO", "logger": "WypozyczalniaAPI.BooksClient", "message": "Request action  with path: https://localhost:7008/books/25 and bookId: 25, X-Request-ID: 88e0ed4f-060c-4e85-88e2-415b3862ca72  GET_BOOK_BY_ID action executed " }
{ "timestamp": "2023-08-03 10:22:46.2614", "level": "INFO", "logger": "WypozyczalniaAPI.BooksClient", "message": "Request action  with path: https://localhost:7008/books/25 and bookId: 25, X-Request-ID: 88e0ed4f-060c-4e85-88e2-415b3862ca72  GET_BOOK_BY_ID action invoked" }
{ "timestamp": "2023-08-03 10:22:46.2614", "level": "INFO", "logger": "WypozyczalniaAPI.BooksClient", "message": "Request action  with path: https://localhost:7008/books/25 and bookId: 25, X-Request-ID: 88e0ed4f-060c-4e85-88e2-415b3862ca72  GET_BOOK_BY_ID action executed " }
{ "timestamp": "2023-08-03 10:22:46.2614", "level": "INFO", "logger": "WypozyczalniaAPI.BooksClient", "message": "Request action  with path: https://localhost:7008/books/25 and bookId: 25, X-Request-ID: 88e0ed4f-060c-4e85-88e2-415b3862ca72  GET_BOOK_BY_ID action invoked" }
{ "timestamp": "2023-08-03 10:22:46.2614", "level": "INFO", "logger": "WypozyczalniaAPI.BooksClient", "message": "Request action  with path: https://localhost:7008/books/25 and bookId: 25, X-Request-ID: 88e0ed4f-060c-4e85-88e2-415b3862ca72  GET_BOOK_BY_ID action executed " }
{ "timestamp": "2023-08-03 10:22:46.2614", "level": "INFO", "logger": "WypozyczalniaAPI.BooksClient", "message": "Request action  with path: https://localhost:7008/books/25 and bookId: 25, X-Request-ID: 88e0ed4f-060c-4e85-88e2-415b3862ca72  GET_BOOK_BY_ID action invoked" }
{ "timestamp": "2023-08-03 10:22:46.2614", "level": "INFO", "logger": "WypozyczalniaAPI.BooksClient", "message": "Request action  with path: https://localhost:7008/books/25 and bookId: 25, X-Request-ID: 88e0ed4f-060c-4e85-88e2-415b3862ca72  GET_BOOK_BY_ID action executed " }
{ "timestamp": "2023-08-03 10:22:46.2614", "level": "INFO", "logger": "WypozyczalniaAPI.BooksClient", "message": "Request action  with path: https://localhost:7008/books/25 and bookId: 25, X-Request-ID: 88e0ed4f-060c-4e85-88e2-415b3862ca72  GET_BOOK_BY_ID action invoked" }
{ "timestamp": "2023-08-03 10:22:46.2614", "level": "INFO", "logger": "WypozyczalniaAPI.BooksClient", "message": "Request action  with path: https://localhost:7008/books/25 and bookId: 25, X-Request-ID: 88e0ed4f-060c-4e85-88e2-415b3862ca72  GET_BOOK_BY_ID action executed " }
{ "timestamp": "2023-08-03 10:22:46.2614", "level": "INFO", "logger": "WypozyczalniaAPI.BooksClient", "message": "Request action  with path: https://localhost:7008/books/25 and bookId: 25, X-Request-ID: 88e0ed4f-060c-4e85-88e2-415b3862ca72  GET_BOOK_BY_ID action invoked" }
{ "timestamp": "2023-08-03 10:22:46.2779", "level": "INFO", "logger": "WypozyczalniaAPI.BooksClient", "message": "Request action  with path: https://localhost:7008/books/25 and bookId: 25, X-Request-ID: 88e0ed4f-060c-4e85-88e2-415b3862ca72  GET_BOOK_BY_ID action executed " }
{ "timestamp": "2023-08-03 10:22:46.2779", "level": "INFO", "logger": "WypozyczalniaAPI.BooksClient", "message": "Request action  with path: https://localhost:7008/books/25 and bookId: 25, X-Request-ID: 88e0ed4f-060c-4e85-88e2-415b3862ca72  GET_BOOK_BY_ID action invoked" }
{ "timestamp": "2023-08-03 10:22:46.2779", "level": "INFO", "logger": "WypozyczalniaAPI.BooksClient", "message": "Request action  with path: https://localhost:7008/books/25 and bookId: 25, X-Request-ID: 88e0ed4f-060c-4e85-88e2-415b3862ca72  GET_BOOK_BY_ID action executed " }
{ "timestamp": "2023-08-03 10:22:46.2779", "level": "INFO", "logger": "WypozyczalniaAPI.BooksClient", "message": "Request action  with path: https://localhost:7008/books/25 and bookId: 25, X-Request-ID: 88e0ed4f-060c-4e85-88e2-415b3862ca72  GET_BOOK_BY_ID action invoked" }
{ "timestamp": "2023-08-03 10:22:46.2779", "level": "INFO", "logger": "WypozyczalniaAPI.BooksClient", "message": "Request action  with path: https://localhost:7008/books/25 and bookId: 25, X-Request-ID: 88e0ed4f-060c-4e85-88e2-415b3862ca72  GET_BOOK_BY_ID action executed " }
{ "timestamp": "2023-08-03 10:22:46.2779", "level": "INFO", "logger": "WypozyczalniaAPI.BooksClient", "message": "Request action  with path: https://localhost:7008/books/25 and bookId: 25, X-Request-ID: 88e0ed4f-060c-4e85-88e2-415b3862ca72  GET_BOOK_BY_ID action invoked" }
{ "timestamp": "2023-08-03 10:22:46.2779", "level": "INFO", "logger": "WypozyczalniaAPI.BooksClient", "message": "Request action  with path: https://localhost:7008/books/25 and bookId: 25, X-Request-ID: 88e0ed4f-060c-4e85-88e2-415b3862ca72  GET_BOOK_BY_ID action executed " }
{ "timestamp": "2023-08-03 10:22:46.2779", "level": "INFO", "logger": "WypozyczalniaAPI.BooksClient", "message": "Request action  with path: https://localhost:7008/books/25 and bookId: 25, X-Request-ID: 88e0ed4f-060c-4e85-88e2-415b3862ca72  GET_BOOK_BY_ID action invoked" }
{ "timestamp": "2023-08-03 10:22:46.2779", "level": "INFO", "logger": "WypozyczalniaAPI.BooksClient", "message": "Request action  with path: https://localhost:7008/books/25 and bookId: 25, X-Request-ID: 88e0ed4f-060c-4e85-88e2-415b3862ca72  GET_BOOK_BY_ID action executed " }
{ "timestamp": "2023-08-03 10:22:46.2779", "level": "INFO", "logger": "WypozyczalniaAPI.BooksClient", "message": "Request action  with path: https://localhost:7008/books/25 and bookId: 25, X-Request-ID: 88e0ed4f-060c-4e85-88e2-415b3862ca72  GET_BOOK_BY_ID action invoked" }
{ "timestamp": "2023-08-03 10:22:46.2937", "level": "INFO", "logger": "WypozyczalniaAPI.BooksClient", "message": "Request action  with path: https://localhost:7008/books/25 and bookId: 25, X-Request-ID: 88e0ed4f-060c-4e85-88e2-415b3862ca72  GET_BOOK_BY_ID action executed " }
{ "timestamp": "2023-08-03 10:22:46.2937", "level": "INFO", "logger": "WypozyczalniaAPI.BooksClient", "message": "Request action  with path: https://localhost:7008/books/25 and bookId: 25, X-Request-ID: 88e0ed4f-060c-4e85-88e2-415b3862ca72  GET_BOOK_BY_ID action invoked" }
{ "timestamp": "2023-08-03 10:22:46.2937", "level": "INFO", "logger": "WypozyczalniaAPI.BooksClient", "message": "Request action  with path: https://localhost:7008/books/25 and bookId: 25, X-Request-ID: 88e0ed4f-060c-4e85-88e2-415b3862ca72  GET_BOOK_BY_ID action executed " }
{ "timestamp": "2023-08-03 10:22:46.2937", "level": "INFO", "logger": "WypozyczalniaAPI.BooksClient", "message": "Request action  with path: https://localhost:7008/books/25 and bookId: 25, X-Request-ID: 88e0ed4f-060c-4e85-88e2-415b3862ca72  GET_BOOK_BY_ID action invoked" }
{ "timestamp": "2023-08-03 10:22:46.2937", "level": "INFO", "logger": "WypozyczalniaAPI.BooksClient", "message": "Request action  with path: https://localhost:7008/books/25 and bookId: 25, X-Request-ID: 88e0ed4f-060c-4e85-88e2-415b3862ca72  GET_BOOK_BY_ID action executed " }
{ "timestamp": "2023-08-03 10:22:46.2937", "level": "INFO", "logger": "WypozyczalniaAPI.BooksClient", "message": "Request action  with path: https://localhost:7008/books/25 and bookId: 25, X-Request-ID: 88e0ed4f-060c-4e85-88e2-415b3862ca72  GET_BOOK_BY_ID action invoked" }
{ "timestamp": "2023-08-03 10:22:46.2937", "level": "INFO", "logger": "WypozyczalniaAPI.BooksClient", "message": "Request action  with path: https://localhost:7008/books/25 and bookId: 25, X-Request-ID: 88e0ed4f-060c-4e85-88e2-415b3862ca72  GET_BOOK_BY_ID action executed " }
{ "timestamp": "2023-08-03 10:22:46.2937", "level": "INFO", "logger": "WypozyczalniaAPI.BooksClient", "message": "Request action  with path: https://localhost:7008/books/25 and bookId: 25, X-Request-ID: 88e0ed4f-060c-4e85-88e2-415b3862ca72  GET_BOOK_BY_ID action invoked" }
{ "timestamp": "2023-08-03 10:22:46.2937", "level": "INFO", "logger": "WypozyczalniaAPI.BooksClient", "message": "Request action  with path: https://localhost:7008/books/25 and bookId: 25, X-Request-ID: 88e0ed4f-060c-4e85-88e2-415b3862ca72  GET_BOOK_BY_ID action executed " }
{ "timestamp": "2023-08-03 10:22:46.2937", "level": "INFO", "logger": "WypozyczalniaAPI.BooksClient", "message": "Request action  with path: https://localhost:7008/books/25 and bookId: 25, X-Request-ID: 88e0ed4f-060c-4e85-88e2-415b3862ca72  GET_BOOK_BY_ID action invoked" }
{ "timestamp": "2023-08-03 10:22:46.3101", "level": "INFO", "logger": "WypozyczalniaAPI.BooksClient", "message": "Request action  with path: https://localhost:7008/books/25 and bookId: 25, X-Request-ID: 88e0ed4f-060c-4e85-88e2-415b3862ca72  GET_BOOK_BY_ID action executed " }
{ "timestamp": "2023-08-03 10:22:46.3101", "level": "INFO", "logger": "WypozyczalniaAPI.BooksClient", "message": "Request action  with path: https://localhost:7008/books/25 and bookId: 25, X-Request-ID: 88e0ed4f-060c-4e85-88e2-415b3862ca72  GET_BOOK_BY_ID action invoked" }
{ "timestamp": "2023-08-03 10:22:46.3101", "level": "INFO", "logger": "WypozyczalniaAPI.BooksClient", "message": "Request action  with path: https://localhost:7008/books/25 and bookId: 25, X-Request-ID: 88e0ed4f-060c-4e85-88e2-415b3862ca72  GET_BOOK_BY_ID action executed " }
{ "timestamp": "2023-08-03 10:22:46.3101", "level": "INFO", "logger": "WypozyczalniaAPI.BooksClient", "message": "Request action  with path: https://localhost:7008/books/25 and bookId: 25, X-Request-ID: 88e0ed4f-060c-4e85-88e2-415b3862ca72  GET_BOOK_BY_ID action invoked" }
{ "timestamp": "2023-08-03 10:22:46.3101", "level": "INFO", "logger": "WypozyczalniaAPI.BooksClient", "message": "Request action  with path: https://localhost:7008/books/25 and bookId: 25, X-Request-ID: 88e0ed4f-060c-4e85-88e2-415b3862ca72  GET_BOOK_BY_ID action executed " }
{ "timestamp": "2023-08-03 10:22:46.3101", "level": "INFO", "logger": "WypozyczalniaAPI.BooksClient", "message": "Request action  with path: https://localhost:7008/books/25 and bookId: 25, X-Request-ID: 88e0ed4f-060c-4e85-88e2-415b3862ca72  GET_BOOK_BY_ID action invoked" }
{ "timestamp": "2023-08-03 10:22:46.3101", "level": "INFO", "logger": "WypozyczalniaAPI.BooksClient", "message": "Request action  with path: https://localhost:7008/books/25 and bookId: 25, X-Request-ID: 88e0ed4f-060c-4e85-88e2-415b3862ca72  GET_BOOK_BY_ID action executed " }
{ "timestamp": "2023-08-03 10:22:46.3101", "level": "INFO", "logger": "WypozyczalniaAPI.BooksClient", "message": "Request action  with path: https://localhost:7008/books/25 and bookId: 25, X-Request-ID: 88e0ed4f-060c-4e85-88e2-415b3862ca72  GET_BOOK_BY_ID action invoked" }
{ "timestamp": "2023-08-03 10:22:46.3232", "level": "INFO", "logger": "WypozyczalniaAPI.BooksClient", "message": "Request action  with path: https://localhost:7008/books/25 and bookId: 25, X-Request-ID: 88e0ed4f-060c-4e85-88e2-415b3862ca72  GET_BOOK_BY_ID action executed " }
{ "timestamp": "2023-08-03 10:22:46.3232", "level": "INFO", "logger": "WypozyczalniaAPI.BooksClient", "message": "Request action  with path: https://localhost:7008/books/25 and bookId: 25, X-Request-ID: 88e0ed4f-060c-4e85-88e2-415b3862ca72  GET_BOOK_BY_ID action invoked" }
{ "timestamp": "2023-08-03 10:22:46.3232", "level": "INFO", "logger": "WypozyczalniaAPI.BooksClient", "message": "Request action  with path: https://localhost:7008/books/25 and bookId: 25, X-Request-ID: 88e0ed4f-060c-4e85-88e2-415b3862ca72  GET_BOOK_BY_ID action executed " }
{ "timestamp": "2023-08-03 10:22:46.3232", "level": "INFO", "logger": "WypozyczalniaAPI.BooksClient", "message": "Request action  with path: https://localhost:7008/books/25 and bookId: 25, X-Request-ID: 88e0ed4f-060c-4e85-88e2-415b3862ca72  GET_BOOK_BY_ID action invoked" }
{ "timestamp": "2023-08-03 10:22:46.3232", "level": "INFO", "logger": "WypozyczalniaAPI.BooksClient", "message": "Request action  with path: https://localhost:7008/books/25 and bookId: 25, X-Request-ID: 88e0ed4f-060c-4e85-88e2-415b3862ca72  GET_BOOK_BY_ID action executed " }
{ "timestamp": "2023-08-03 10:22:46.3232", "level": "INFO", "logger": "WypozyczalniaAPI.BooksClient", "message": "Request action  with path: https://localhost:7008/books/25 and bookId: 25, X-Request-ID: 88e0ed4f-060c-4e85-88e2-415b3862ca72  GET_BOOK_BY_ID action invoked" }
{ "timestamp": "2023-08-03 10:22:46.3232", "level": "INFO", "logger": "WypozyczalniaAPI.BooksClient", "message": "Request action  with path: https://localhost:7008/books/25 and bookId: 25, X-Request-ID: 88e0ed4f-060c-4e85-88e2-415b3862ca72  GET_BOOK_BY_ID action executed " }
{ "timestamp": "2023-08-03 10:22:46.3232", "level": "INFO", "logger": "WypozyczalniaAPI.BooksClient", "message": "Request action  with path: https://localhost:7008/books/25 and bookId: 25, X-Request-ID: 88e0ed4f-060c-4e85-88e2-415b3862ca72  GET_BOOK_BY_ID action invoked" }
{ "timestamp": "2023-08-03 10:22:46.3232", "level": "INFO", "logger": "WypozyczalniaAPI.BooksClient", "message": "Request action  with path: https://localhost:7008/books/25 and bookId: 25, X-Request-ID: 88e0ed4f-060c-4e85-88e2-415b3862ca72  GET_BOOK_BY_ID action executed " }
{ "timestamp": "2023-08-03 10:22:46.3232", "level": "INFO", "logger": "WypozyczalniaAPI.BooksClient", "message": "Request action  with path: https://localhost:7008/books/25 and bookId: 25, X-Request-ID: 88e0ed4f-060c-4e85-88e2-415b3862ca72  GET_BOOK_BY_ID action invoked" }
{ "timestamp": "2023-08-03 10:22:46.3398", "level": "INFO", "logger": "WypozyczalniaAPI.BooksClient", "message": "Request action  with path: https://localhost:7008/books/25 and bookId: 25, X-Request-ID: 88e0ed4f-060c-4e85-88e2-415b3862ca72  GET_BOOK_BY_ID action executed " }
{ "timestamp": "2023-08-03 10:22:46.3398", "level": "INFO", "logger": "WypozyczalniaAPI.BooksClient", "message": "Request action  with path: https://localhost:7008/books/25 and bookId: 25, X-Request-ID: 88e0ed4f-060c-4e85-88e2-415b3862ca72  GET_BOOK_BY_ID action invoked" }
{ "timestamp": "2023-08-03 10:22:46.3398", "level": "INFO", "logger": "WypozyczalniaAPI.BooksClient", "message": "Request action  with path: https://localhost:7008/books/25 and bookId: 25, X-Request-ID: 88e0ed4f-060c-4e85-88e2-415b3862ca72  GET_BOOK_BY_ID action executed " }
{ "timestamp": "2023-08-03 10:22:46.3398", "level": "INFO", "logger": "WypozyczalniaAPI.Services.RentService", "message": "GET action for all rents with data filtering executed, , X-Request-ID: 88e0ed4f-060c-4e85-88e2-415b3862ca72" }
{ "timestamp": "2023-08-03 10:22:46.3398", "level": "INFO", "logger": "WypozyczalniaAPI.Filters.LoggerFilterAttribbute", "message": "Request finished: GET /rentals/, Response: 200, Duration: 285 ms, X-Request-ID: 88e0ed4f-060c-4e85-88e2-415b3862ca72" }
{ "timestamp": "2023-08-03 11:14:15.9016", "level": "INFO", "logger": "WypozyczalniaAPI.Filters.LoggerFilterAttribbute", "message": "Request started: GET /rentals/customers/only/11 X-Request-ID: 10a4bcc2-09e8-4ffc-91a3-ce1f54f6977a" }
{ "timestamp": "2023-08-03 11:14:15.9016", "level": "INFO", "logger": "WypozyczalniaAPI.Filters.LoggerFilterAttribbute", "message": "Request finished: GET /rentals/customers/only/11, Response: 200, Duration: 8 ms, X-Request-ID: 10a4bcc2-09e8-4ffc-91a3-ce1f54f6977a" }
{ "timestamp": "2023-08-03 11:14:22.3214", "level": "INFO", "logger": "WypozyczalniaAPI.Filters.LoggerFilterAttribbute", "message": "Request started: GET /rentals/customers/only/1 X-Request-ID: 74ab21a9-2d8f-4a0c-aabe-0db8b938d655" }
{ "timestamp": "2023-08-03 11:14:22.3304", "level": "INFO", "logger": "WypozyczalniaAPI.Filters.LoggerFilterAttribbute", "message": "Request finished: GET /rentals/customers/only/1, Response: 200, Duration: 8 ms, X-Request-ID: 74ab21a9-2d8f-4a0c-aabe-0db8b938d655" }
{ "timestamp": "2023-08-03 11:14:29.5725", "level": "INFO", "logger": "WypozyczalniaAPI.Filters.LoggerFilterAttribbute", "message": "Request started: GET /rentals/customers/only/15 X-Request-ID: b7bb1378-ef27-449d-a637-c6826609ab2d" }
{ "timestamp": "2023-08-03 11:14:29.5725", "level": "INFO", "logger": "WypozyczalniaAPI.Filters.LoggerFilterAttribbute", "message": "Request finished: GET /rentals/customers/only/15, Response: 200, Duration: 0 ms, X-Request-ID: b7bb1378-ef27-449d-a637-c6826609ab2d" }
{ "timestamp": "2023-08-03 11:16:41.1216", "level": "INFO", "logger": "WypozyczalniaAPI.Filters.LoggerFilterAttribbute", "message": "Request started: GET /rentals/customers/only/1 X-Request-ID: 10988754-6689-4c1d-920b-6ecb5f1c6e09" }
{ "timestamp": "2023-08-03 11:16:41.1216", "level": "INFO", "logger": "WypozyczalniaAPI.Filters.LoggerFilterAttribbute", "message": "Request finished: GET /rentals/customers/only/1, Response: 200, Duration: 0 ms, X-Request-ID: 10988754-6689-4c1d-920b-6ecb5f1c6e09" }
{ "timestamp": "2023-08-03 11:16:42.6344", "level": "INFO", "logger": "WypozyczalniaAPI.Filters.LoggerFilterAttribbute", "message": "Request started: GET /rentals/customers/only/1 X-Request-ID: 1ca47f3e-21a0-42e7-becc-eb0e91e75112" }
{ "timestamp": "2023-08-03 11:16:42.6353", "level": "INFO", "logger": "WypozyczalniaAPI.Filters.LoggerFilterAttribbute", "message": "Request finished: GET /rentals/customers/only/1, Response: 200, Duration: 0 ms, X-Request-ID: 1ca47f3e-21a0-42e7-becc-eb0e91e75112" }
{ "timestamp": "2023-08-03 11:17:46.0064", "level": "INFO", "logger": "WypozyczalniaAPI.Filters.LoggerFilterAttribbute", "message": "Request started: GET /rentals/customers/only/1 X-Request-ID: ab383ec6-9d1f-4fbd-a7ce-92526108edc5" }
{ "timestamp": "2023-08-03 11:17:46.0064", "level": "INFO", "logger": "WypozyczalniaAPI.Filters.LoggerFilterAttribbute", "message": "Request finished: GET /rentals/customers/only/1, Response: 200, Duration: 0 ms, X-Request-ID: ab383ec6-9d1f-4fbd-a7ce-92526108edc5" }
{ "timestamp": "2023-08-03 11:17:48.9544", "level": "INFO", "logger": "WypozyczalniaAPI.Filters.LoggerFilterAttribbute", "message": "Request started: GET /rentals/customers/only/1 X-Request-ID: af47cbfb-dae0-41ad-ba95-39af68098ecb" }
{ "timestamp": "2023-08-03 11:17:48.9544", "level": "INFO", "logger": "WypozyczalniaAPI.Filters.LoggerFilterAttribbute", "message": "Request finished: GET /rentals/customers/only/1, Response: 200, Duration: 0 ms, X-Request-ID: af47cbfb-dae0-41ad-ba95-39af68098ecb" }
{ "timestamp": "2023-08-03 11:23:25.4169", "level": "INFO", "logger": "WypozyczalniaAPI.Filters.LoggerFilterAttribbute", "message": "Request started: GET /rentals/customers/only/1 X-Request-ID: 792bb949-2bda-4bb1-8c4d-bdb963cc05f2" }
{ "timestamp": "2023-08-03 11:23:25.4169", "level": "INFO", "logger": "WypozyczalniaAPI.Filters.LoggerFilterAttribbute", "message": "Request finished: GET /rentals/customers/only/1, Response: 200, Duration: 0 ms, X-Request-ID: 792bb949-2bda-4bb1-8c4d-bdb963cc05f2" }
{ "timestamp": "2023-08-03 12:05:31.2809", "level": "INFO", "logger": "WypozyczalniaAPI.Filters.LoggerFilterAttribbute", "message": "Request started: GET /rentals/68 X-Request-ID: b07e6c58-37cf-4fd7-b548-9be8f7567568" }
{ "timestamp": "2023-08-03 12:05:31.2809", "level": "INFO", "logger": "WypozyczalniaAPI.Services.RentService", "message": "GET action for rent with id: 68  invoked, , X-Request-ID: b07e6c58-37cf-4fd7-b548-9be8f7567568" }
{ "timestamp": "2023-08-03 12:05:31.2809", "level": "INFO", "logger": "WypozyczalniaAPI.BooksClient", "message": "Request action  with path: https://localhost:7008/books/25 and bookId: 25, X-Request-ID: b07e6c58-37cf-4fd7-b548-9be8f7567568  GET_BOOK_BY_ID action invoked" }
{ "timestamp": "2023-08-03 12:05:31.3903", "level": "INFO", "logger": "WypozyczalniaAPI.BooksClient", "message": "Request action  with path: https://localhost:7008/books/25 and bookId: 25, X-Request-ID: b07e6c58-37cf-4fd7-b548-9be8f7567568  GET_BOOK_BY_ID action executed " }
{ "timestamp": "2023-08-03 12:05:31.3903", "level": "INFO", "logger": "WypozyczalniaAPI.Services.RentService", "message": "GET action for rent with id: 68  executed, , X-Request-ID: b07e6c58-37cf-4fd7-b548-9be8f7567568" }
{ "timestamp": "2023-08-03 12:05:31.3903", "level": "INFO", "logger": "WypozyczalniaAPI.Filters.LoggerFilterAttribbute", "message": "Request finished: GET /rentals/68, Response: 200, Duration: 109 ms, X-Request-ID: b07e6c58-37cf-4fd7-b548-9be8f7567568" }
{ "timestamp": "2023-08-03 12:06:29.2019", "level": "INFO", "logger": "WypozyczalniaAPI.Filters.LoggerFilterAttribbute", "message": "Request started: GET /rentals/68 X-Request-ID: 939eece6-2bc1-4517-98df-b4e73f342bf1" }
{ "timestamp": "2023-08-03 12:06:29.2321", "level": "INFO", "logger": "WypozyczalniaAPI.Services.RentService", "message": "GET action for rent with id: 68  invoked, , X-Request-ID: 939eece6-2bc1-4517-98df-b4e73f342bf1" }
{ "timestamp": "2023-08-03 12:06:29.5182", "level": "INFO", "logger": "WypozyczalniaAPI.BooksClient", "message": "Request action  with path: https://localhost:7008/books/25 and bookId: 25, X-Request-ID: 939eece6-2bc1-4517-98df-b4e73f342bf1  GET_BOOK_BY_ID action invoked" }
{ "timestamp": "2023-08-03 12:06:29.7415", "level": "INFO", "logger": "WypozyczalniaAPI.BooksClient", "message": "Request action  with path: https://localhost:7008/books/25 and bookId: 25, X-Request-ID: 939eece6-2bc1-4517-98df-b4e73f342bf1  GET_BOOK_BY_ID action executed " }
{ "timestamp": "2023-08-03 12:06:29.7415", "level": "INFO", "logger": "WypozyczalniaAPI.Services.RentService", "message": "GET action for rent with id: 68  executed, , X-Request-ID: 939eece6-2bc1-4517-98df-b4e73f342bf1" }
{ "timestamp": "2023-08-03 12:06:29.7468", "level": "INFO", "logger": "WypozyczalniaAPI.Filters.LoggerFilterAttribbute", "message": "Request finished: GET /rentals/68, Response: 200, Duration: 546 ms, X-Request-ID: 939eece6-2bc1-4517-98df-b4e73f342bf1" }
{ "timestamp": "2023-08-03 12:06:31.6467", "level": "INFO", "logger": "WypozyczalniaAPI.Filters.LoggerFilterAttribbute", "message": "Request started: GET /rentals/68 X-Request-ID: 076cad48-d22e-499e-8914-b9a2fd358a45" }
{ "timestamp": "2023-08-03 12:06:31.6467", "level": "INFO", "logger": "WypozyczalniaAPI.Services.RentService", "message": "GET action for rent with id: 68  invoked, , X-Request-ID: 076cad48-d22e-499e-8914-b9a2fd358a45" }
{ "timestamp": "2023-08-03 12:06:31.6553", "level": "INFO", "logger": "WypozyczalniaAPI.BooksClient", "message": "Request action  with path: https://localhost:7008/books/25 and bookId: 25, X-Request-ID: 076cad48-d22e-499e-8914-b9a2fd358a45  GET_BOOK_BY_ID action invoked" }
{ "timestamp": "2023-08-03 12:06:31.6553", "level": "INFO", "logger": "WypozyczalniaAPI.BooksClient", "message": "Request action  with path: https://localhost:7008/books/25 and bookId: 25, X-Request-ID: 076cad48-d22e-499e-8914-b9a2fd358a45  GET_BOOK_BY_ID action executed " }
{ "timestamp": "2023-08-03 12:06:31.6553", "level": "INFO", "logger": "WypozyczalniaAPI.Services.RentService", "message": "GET action for rent with id: 68  executed, , X-Request-ID: 076cad48-d22e-499e-8914-b9a2fd358a45" }
{ "timestamp": "2023-08-03 12:06:31.6553", "level": "INFO", "logger": "WypozyczalniaAPI.Filters.LoggerFilterAttribbute", "message": "Request finished: GET /rentals/68, Response: 200, Duration: 14 ms, X-Request-ID: 076cad48-d22e-499e-8914-b9a2fd358a45" }
{ "timestamp": "2023-08-03 12:06:32.9655", "level": "INFO", "logger": "WypozyczalniaAPI.Filters.LoggerFilterAttribbute", "message": "Request started: GET /rentals/68 X-Request-ID: 699e0257-a009-4846-bb3b-8691628bcc22" }
{ "timestamp": "2023-08-03 12:06:32.9655", "level": "INFO", "logger": "WypozyczalniaAPI.Services.RentService", "message": "GET action for rent with id: 68  invoked, , X-Request-ID: 699e0257-a009-4846-bb3b-8691628bcc22" }
{ "timestamp": "2023-08-03 12:06:32.9655", "level": "INFO", "logger": "WypozyczalniaAPI.BooksClient", "message": "Request action  with path: https://localhost:7008/books/25 and bookId: 25, X-Request-ID: 699e0257-a009-4846-bb3b-8691628bcc22  GET_BOOK_BY_ID action invoked" }
{ "timestamp": "2023-08-03 12:06:32.9655", "level": "INFO", "logger": "WypozyczalniaAPI.BooksClient", "message": "Request action  with path: https://localhost:7008/books/25 and bookId: 25, X-Request-ID: 699e0257-a009-4846-bb3b-8691628bcc22  GET_BOOK_BY_ID action executed " }
{ "timestamp": "2023-08-03 12:06:32.9655", "level": "INFO", "logger": "WypozyczalniaAPI.Services.RentService", "message": "GET action for rent with id: 68  executed, , X-Request-ID: 699e0257-a009-4846-bb3b-8691628bcc22" }
{ "timestamp": "2023-08-03 12:06:32.9655", "level": "INFO", "logger": "WypozyczalniaAPI.Filters.LoggerFilterAttribbute", "message": "Request finished: GET /rentals/68, Response: 200, Duration: 6 ms, X-Request-ID: 699e0257-a009-4846-bb3b-8691628bcc22" }
{ "timestamp": "2023-08-03 12:06:33.7942", "level": "INFO", "logger": "WypozyczalniaAPI.Filters.LoggerFilterAttribbute", "message": "Request started: GET /rentals/68 X-Request-ID: d8f0b72a-e260-4285-ac40-8090a27886b6" }
{ "timestamp": "2023-08-03 12:06:33.7942", "level": "INFO", "logger": "WypozyczalniaAPI.Services.RentService", "message": "GET action for rent with id: 68  invoked, , X-Request-ID: d8f0b72a-e260-4285-ac40-8090a27886b6" }
{ "timestamp": "2023-08-03 12:06:33.7942", "level": "INFO", "logger": "WypozyczalniaAPI.BooksClient", "message": "Request action  with path: https://localhost:7008/books/25 and bookId: 25, X-Request-ID: d8f0b72a-e260-4285-ac40-8090a27886b6  GET_BOOK_BY_ID action invoked" }
{ "timestamp": "2023-08-03 12:06:33.7942", "level": "INFO", "logger": "WypozyczalniaAPI.BooksClient", "message": "Request action  with path: https://localhost:7008/books/25 and bookId: 25, X-Request-ID: d8f0b72a-e260-4285-ac40-8090a27886b6  GET_BOOK_BY_ID action executed " }
{ "timestamp": "2023-08-03 12:06:33.7942", "level": "INFO", "logger": "WypozyczalniaAPI.Services.RentService", "message": "GET action for rent with id: 68  executed, , X-Request-ID: d8f0b72a-e260-4285-ac40-8090a27886b6" }
{ "timestamp": "2023-08-03 12:06:33.7942", "level": "INFO", "logger": "WypozyczalniaAPI.Filters.LoggerFilterAttribbute", "message": "Request finished: GET /rentals/68, Response: 200, Duration: 6 ms, X-Request-ID: d8f0b72a-e260-4285-ac40-8090a27886b6" }
{ "timestamp": "2023-08-03 12:18:19.9656", "level": "INFO", "logger": "WypozyczalniaAPI.Filters.LoggerFilterAttribbute", "message": "Request started: GET /rentals/customers/only/1 X-Request-ID: 0cf2b344-b5be-4776-8a71-3808fb6401f8" }
{ "timestamp": "2023-08-03 12:18:20.2425", "level": "INFO", "logger": "WypozyczalniaAPI.Filters.LoggerFilterAttribbute", "message": "Request finished: GET /rentals/customers/only/1, Response: 200, Duration: 278 ms, X-Request-ID: 0cf2b344-b5be-4776-8a71-3808fb6401f8" }
{ "timestamp": "2023-08-03 12:19:52.0455", "level": "INFO", "logger": "WypozyczalniaAPI.Filters.LoggerFilterAttribbute", "message": "Request started: GET /rentals/customers/only/1 X-Request-ID: 903788f9-56d9-4e7b-b93e-e12e2f3f9591" }
{ "timestamp": "2023-08-03 12:19:52.0455", "level": "INFO", "logger": "WypozyczalniaAPI.Filters.LoggerFilterAttribbute", "message": "Request finished: GET /rentals/customers/only/1, Response: 200, Duration: 4 ms, X-Request-ID: 903788f9-56d9-4e7b-b93e-e12e2f3f9591" }
{ "timestamp": "2023-08-03 12:19:56.1157", "level": "INFO", "logger": "WypozyczalniaAPI.Filters.LoggerFilterAttribbute", "message": "Request started: GET /rentals/customers/only/1 X-Request-ID: 1a8ccdd7-810c-47a7-b992-22cf59e921e6" }
{ "timestamp": "2023-08-03 12:19:56.1157", "level": "INFO", "logger": "WypozyczalniaAPI.Filters.LoggerFilterAttribbute", "message": "Request finished: GET /rentals/customers/only/1, Response: 200, Duration: 1 ms, X-Request-ID: 1a8ccdd7-810c-47a7-b992-22cf59e921e6" }
{ "timestamp": "2023-08-03 13:45:52.7783", "level": "INFO", "logger": "WypozyczalniaAPI.Filters.LoggerFilterAttribbute", "message": "Request started: GET /rentals/customers/only/1 X-Request-ID: 9be3a953-f88f-47ff-86cf-ae6312bdb49f" }
{ "timestamp": "2023-08-03 13:45:52.7783", "level": "INFO", "logger": "WypozyczalniaAPI.Filters.LoggerFilterAttribbute", "message": "Request finished: GET /rentals/customers/only/1, Response: 200, Duration: 0 ms, X-Request-ID: 9be3a953-f88f-47ff-86cf-ae6312bdb49f" }
{ "timestamp": "2023-08-03 13:48:12.2948", "level": "INFO", "logger": "WypozyczalniaAPI.Filters.LoggerFilterAttribbute", "message": "Request started: GET /rentals/customers/only/1 X-Request-ID: 42e371d1-e277-473f-9aa1-08758c6b0f18" }
{ "timestamp": "2023-08-03 13:48:12.2948", "level": "INFO", "logger": "WypozyczalniaAPI.Filters.LoggerFilterAttribbute", "message": "Request finished: GET /rentals/customers/only/1, Response: 200, Duration: 4 ms, X-Request-ID: 42e371d1-e277-473f-9aa1-08758c6b0f18" }
