2023-08-02 10:37:46.4017||INFO|WypozyczalniaAPI.Filters.LoggerFilterAttribbute|Request started: GET /rentals/68 X-Request-ID: af7b2fdf-e152-4535-84ac-df92996f0dd6 
2023-08-02 10:37:46.4332||INFO|WypozyczalniaAPI.Services.RentService|GET action for rent with id: 68  invoked 
2023-08-02 10:37:46.7370||INFO|WypozyczalniaAPI.BooksClient|Request action  with path: https://localhost:7008/books/25 and bookId: 25  GET_BOOK_BY_ID action invoked 
2023-08-02 10:37:47.0900||INFO|WypozyczalniaAPI.BooksClient|Request action  with path: https://localhost:7008/books/25 and bookId: 25  GET_BOOK_BY_ID action executed with System.Func`1[System.Net.Http.HttpResponseMessage] 
2023-08-02 10:37:47.0900||INFO|WypozyczalniaAPI.Services.RentService|GET action for rent with id: 68  executed 
2023-08-02 10:37:47.0900||INFO|WypozyczalniaAPI.Filters.LoggerFilterAttribbute|Request finished: GET /rentals/68, Response: 200, Duration: 696 ms, X-Request-ID: af7b2fdf-e152-4535-84ac-df92996f0dd6 
2023-08-02 11:04:31.7985||INFO|WypozyczalniaAPI.Filters.LoggerFilterAttribbute|Request started: GET /rentals/68 X-Request-ID: 0ae9a975-da12-45f3-aabe-b8a3a888acff 
2023-08-02 11:04:31.8299||INFO|WypozyczalniaAPI.Services.RentService|GET action for rent with id: 68  invoked 
2023-08-02 11:04:32.0855||INFO|WypozyczalniaAPI.BooksClient|Request action  with path: https://localhost:7008/books/25 and bookId: 25, X-Request-ID: 0ae9a975-da12-45f3-aabe-b8a3a888acff  GET_BOOK_BY_ID action invoked 
2023-08-02 11:04:32.3912||INFO|WypozyczalniaAPI.BooksClient|Request action  with path: https://localhost:7008/books/25 and bookId: 25, X-Request-ID: 0ae9a975-da12-45f3-aabe-b8a3a888acff  GET_BOOK_BY_ID action executed  
2023-08-02 11:04:32.3912||INFO|WypozyczalniaAPI.Services.RentService|GET action for rent with id: 68  executed 
2023-08-02 11:04:32.3912||INFO|WypozyczalniaAPI.Filters.LoggerFilterAttribbute|Request finished: GET /rentals/68, Response: 200, Duration: 597 ms, X-Request-ID: 0ae9a975-da12-45f3-aabe-b8a3a888acff 
2023-08-02 11:58:57.4738||INFO|WypozyczalniaAPI.Filters.LoggerFilterAttribbute|Request started: GET /rentals/68 X-Request-ID: 54b0d5d3-ee71-4498-ae9c-0e618d23ea2f 
2023-08-02 11:58:57.5053||INFO|WypozyczalniaAPI.Services.RentService|GET action for rent with id: 68  invoked, , X-Request-ID: 76581603-c9f3-42d4-94dd-b6f015e45545 
2023-08-02 11:58:57.8018||INFO|WypozyczalniaAPI.BooksClient|Request action  with path: https://localhost:7008/books/25 and bookId: 25, X-Request-ID: 54b0d5d3-ee71-4498-ae9c-0e618d23ea2f  GET_BOOK_BY_ID action invoked 
2023-08-02 11:58:58.1356||INFO|WypozyczalniaAPI.BooksClient|Request action  with path: https://localhost:7008/books/25 and bookId: 25, X-Request-ID: 54b0d5d3-ee71-4498-ae9c-0e618d23ea2f  GET_BOOK_BY_ID action executed  
2023-08-02 11:58:58.1356||INFO|WypozyczalniaAPI.Services.RentService|GET action for rent with id: 68  executed, , X-Request-ID: 76581603-c9f3-42d4-94dd-b6f015e45545 
2023-08-02 11:58:58.1356||INFO|WypozyczalniaAPI.Filters.LoggerFilterAttribbute|Request finished: GET /rentals/68, Response: 200, Duration: 666 ms, X-Request-ID: 54b0d5d3-ee71-4498-ae9c-0e618d23ea2f 
2023-08-02 12:00:51.8273||INFO|WypozyczalniaAPI.Filters.LoggerFilterAttribbute|Request started: GET /rentals/68 X-Request-ID: 82152eee-690a-4cdc-8113-35c4b29f8d37 
2023-08-02 12:00:51.8582||INFO|WypozyczalniaAPI.Services.RentService|GET action for rent with id: 68  invoked, , X-Request-ID: 82152eee-690a-4cdc-8113-35c4b29f8d37 
2023-08-02 12:00:52.1236||INFO|WypozyczalniaAPI.BooksClient|Request action  with path: https://localhost:7008/books/25 and bookId: 25, X-Request-ID: 82152eee-690a-4cdc-8113-35c4b29f8d37  GET_BOOK_BY_ID action invoked 
2023-08-02 12:00:52.3327||INFO|WypozyczalniaAPI.BooksClient|Request action  with path: https://localhost:7008/books/25 and bookId: 25, X-Request-ID: 82152eee-690a-4cdc-8113-35c4b29f8d37  GET_BOOK_BY_ID action executed  
2023-08-02 12:00:52.3327||INFO|WypozyczalniaAPI.Services.RentService|GET action for rent with id: 68  executed, , X-Request-ID: 82152eee-690a-4cdc-8113-35c4b29f8d37 
2023-08-02 12:00:52.3327||INFO|WypozyczalniaAPI.Filters.LoggerFilterAttribbute|Request finished: GET /rentals/68, Response: 200, Duration: 510 ms, X-Request-ID: 82152eee-690a-4cdc-8113-35c4b29f8d37 
2023-08-02 12:04:35.0760||INFO|WypozyczalniaAPI.Filters.LoggerFilterAttribbute|Request started: GET /rentals/68 X-Request-ID: 3e6eea52-9cd0-4107-8597-89bb0e98e2a4 
2023-08-02 12:04:35.0760||INFO|WypozyczalniaAPI.Services.RentService|GET action for rent with id: 68  invoked, , X-Request-ID: 3e6eea52-9cd0-4107-8597-89bb0e98e2a4 
2023-08-02 12:04:35.0760||INFO|WypozyczalniaAPI.BooksClient|Request action  with path: https://localhost:7008/books/25 and bookId: 25, X-Request-ID: 3e6eea52-9cd0-4107-8597-89bb0e98e2a4  GET_BOOK_BY_ID action invoked 
2023-08-02 12:04:35.1790||INFO|WypozyczalniaAPI.BooksClient|Request action  with path: https://localhost:7008/books/25 and bookId: 25, X-Request-ID: 3e6eea52-9cd0-4107-8597-89bb0e98e2a4  GET_BOOK_BY_ID action executed  
2023-08-02 12:04:35.1790||INFO|WypozyczalniaAPI.Services.RentService|GET action for rent with id: 68  executed, , X-Request-ID: 3e6eea52-9cd0-4107-8597-89bb0e98e2a4 
2023-08-02 12:04:35.1790||INFO|WypozyczalniaAPI.Filters.LoggerFilterAttribbute|Request finished: GET /rentals/68, Response: 200, Duration: 103 ms, X-Request-ID: 3e6eea52-9cd0-4107-8597-89bb0e98e2a4 
2023-08-02 12:04:37.0981||INFO|WypozyczalniaAPI.Filters.LoggerFilterAttribbute|Request started: GET /rentals/68 X-Request-ID: 73af1e3d-cee3-48ac-ad4f-11380884da98 
2023-08-02 12:04:37.0981||INFO|WypozyczalniaAPI.Services.RentService|GET action for rent with id: 68  invoked, , X-Request-ID: 73af1e3d-cee3-48ac-ad4f-11380884da98 
2023-08-02 12:04:37.0981||INFO|WypozyczalniaAPI.BooksClient|Request action  with path: https://localhost:7008/books/25 and bookId: 25, X-Request-ID: 73af1e3d-cee3-48ac-ad4f-11380884da98  GET_BOOK_BY_ID action invoked 
2023-08-02 12:04:37.1047||INFO|WypozyczalniaAPI.BooksClient|Request action  with path: https://localhost:7008/books/25 and bookId: 25, X-Request-ID: 73af1e3d-cee3-48ac-ad4f-11380884da98  GET_BOOK_BY_ID action executed  
2023-08-02 12:04:37.1047||INFO|WypozyczalniaAPI.Services.RentService|GET action for rent with id: 68  executed, , X-Request-ID: 73af1e3d-cee3-48ac-ad4f-11380884da98 
2023-08-02 12:04:37.1047||INFO|WypozyczalniaAPI.Filters.LoggerFilterAttribbute|Request finished: GET /rentals/68, Response: 200, Duration: 6 ms, X-Request-ID: 73af1e3d-cee3-48ac-ad4f-11380884da98 
2023-08-02 12:45:34.0496||INFO|WypozyczalniaAPI.Filters.LoggerFilterAttribbute|Request started: GET /rentals/68 X-Request-ID: db8fc488-7351-4b64-9ef5-0c2d9d6ba2ba 
2023-08-02 12:45:34.0782||INFO|WypozyczalniaAPI.Services.RentService|GET action for rent with id: 68  invoked, , X-Request-ID: db8fc488-7351-4b64-9ef5-0c2d9d6ba2ba 
2023-08-02 12:45:34.3631||INFO|WypozyczalniaAPI.BooksClient|Request action  with path: https://localhost:7008/books/25 and bookId: 25, X-Request-ID: db8fc488-7351-4b64-9ef5-0c2d9d6ba2ba  GET_BOOK_BY_ID action invoked 
2023-08-02 12:45:34.7975||INFO|WypozyczalniaAPI.BooksClient|Request action  with path: https://localhost:7008/books/25 and bookId: 25, X-Request-ID: db8fc488-7351-4b64-9ef5-0c2d9d6ba2ba  GET_BOOK_BY_ID action executed  
2023-08-02 12:45:34.7975||INFO|WypozyczalniaAPI.Services.RentService|GET action for rent with id: 68  executed, , X-Request-ID: db8fc488-7351-4b64-9ef5-0c2d9d6ba2ba 
2023-08-02 12:45:34.7975||INFO|WypozyczalniaAPI.Filters.LoggerFilterAttribbute|Request finished: GET /rentals/68, Response: 200, Duration: 752 ms, X-Request-ID: db8fc488-7351-4b64-9ef5-0c2d9d6ba2ba 
2023-08-02 13:38:36.1470||INFO|WypozyczalniaAPI.Filters.LoggerFilterAttribbute|Request started: GET /rentals/customers X-Request-ID: cbdfcdf2-934f-4d21-b9b5-915d795e85b7 
2023-08-02 13:38:36.1767||INFO|WypozyczalniaAPI.Services.CustomerService|GET action for all customers invoked, X-Request-ID: cbdfcdf2-934f-4d21-b9b5-915d795e85b7 
2023-08-02 13:38:36.4702||INFO|WypozyczalniaAPI.Services.CustomerService|GET action for all customers executed, X-Request-ID: cbdfcdf2-934f-4d21-b9b5-915d795e85b7 
2023-08-02 13:38:36.4702||INFO|WypozyczalniaAPI.Filters.LoggerFilterAttribbute|Request finished: GET /rentals/customers, Response: 200, Duration: 326 ms, X-Request-ID: cbdfcdf2-934f-4d21-b9b5-915d795e85b7 
2023-08-02 13:38:41.3811||INFO|WypozyczalniaAPI.Filters.LoggerFilterAttribbute|Request started: GET /rentals/customers/2 X-Request-ID: 87d4f4b4-2e66-46e9-87ed-19a7c278ba15 
2023-08-02 13:38:41.3811||INFO|WypozyczalniaAPI.Services.CustomerService|GET action for customer with id: 2  invoked, X-Request-ID: 87d4f4b4-2e66-46e9-87ed-19a7c278ba15 
2023-08-02 13:38:41.3927||INFO|WypozyczalniaAPI.Services.CustomerService|GET action for rent with id: 2  executed, X-Request-ID: 87d4f4b4-2e66-46e9-87ed-19a7c278ba15 
2023-08-02 13:38:41.3927||INFO|WypozyczalniaAPI.Filters.LoggerFilterAttribbute|Request finished: GET /rentals/customers/2, Response: 200, Duration: 11 ms, X-Request-ID: 87d4f4b4-2e66-46e9-87ed-19a7c278ba15 
2023-08-02 13:39:08.0386||INFO|WypozyczalniaAPI.Filters.LoggerFilterAttribbute|Request started: GET /rentals/customers/1 X-Request-ID: fd0f9e82-2292-4b02-b948-21a5cd54ae68 
2023-08-02 13:39:08.0386||INFO|WypozyczalniaAPI.Services.CustomerService|GET action for customer with id: 1  invoked, X-Request-ID: fd0f9e82-2292-4b02-b948-21a5cd54ae68 
2023-08-02 13:39:08.0386||INFO|WypozyczalniaAPI.Services.CustomerService|GET action for rent with id: 1  executed, X-Request-ID: fd0f9e82-2292-4b02-b948-21a5cd54ae68 
2023-08-02 13:39:08.0386||INFO|WypozyczalniaAPI.Filters.LoggerFilterAttribbute|Request finished: GET /rentals/customers/1, Response: 200, Duration: 2 ms, X-Request-ID: fd0f9e82-2292-4b02-b948-21a5cd54ae68 
2023-08-02 13:39:15.0620||INFO|WypozyczalniaAPI.Filters.LoggerFilterAttribbute|Request started: GET /rentals/customers/4 X-Request-ID: bac23cf7-2dd7-476d-8228-72fe4b6acd60 
2023-08-02 13:39:15.0620||INFO|WypozyczalniaAPI.Services.CustomerService|GET action for customer with id: 4  invoked, X-Request-ID: bac23cf7-2dd7-476d-8228-72fe4b6acd60 
2023-08-02 13:39:15.0747||INFO|WypozyczalniaAPI.Services.CustomerService|GET action for rent with id: 4  executed, X-Request-ID: bac23cf7-2dd7-476d-8228-72fe4b6acd60 
2023-08-02 13:39:15.0747||INFO|WypozyczalniaAPI.Filters.LoggerFilterAttribbute|Request finished: GET /rentals/customers/4, Response: 200, Duration: 12 ms, X-Request-ID: bac23cf7-2dd7-476d-8228-72fe4b6acd60 
2023-08-02 13:41:38.6096||INFO|WypozyczalniaAPI.Filters.LoggerFilterAttribbute|Request started: GET /rentals/68 X-Request-ID: 9623b619-de1b-4eda-9ac2-23358582e7ec 
2023-08-02 13:41:38.6096||INFO|WypozyczalniaAPI.Services.RentService|GET action for rent with id: 68  invoked, , X-Request-ID: 9623b619-de1b-4eda-9ac2-23358582e7ec 
2023-08-02 13:41:38.6552||INFO|WypozyczalniaAPI.BooksClient|Request action  with path: https://localhost:7008/books/25 and bookId: 25, X-Request-ID: 9623b619-de1b-4eda-9ac2-23358582e7ec  GET_BOOK_BY_ID action invoked 
2023-08-02 13:41:39.0860||INFO|WypozyczalniaAPI.BooksClient|Request action  with path: https://localhost:7008/books/25 and bookId: 25, X-Request-ID: 9623b619-de1b-4eda-9ac2-23358582e7ec  GET_BOOK_BY_ID action executed  
2023-08-02 13:41:39.0860||INFO|WypozyczalniaAPI.Services.RentService|GET action for rent with id: 68  executed, , X-Request-ID: 9623b619-de1b-4eda-9ac2-23358582e7ec 
2023-08-02 13:41:39.0860||INFO|WypozyczalniaAPI.Filters.LoggerFilterAttribbute|Request finished: GET /rentals/68, Response: 200, Duration: 478 ms, X-Request-ID: 9623b619-de1b-4eda-9ac2-23358582e7ec 
2023-08-02 13:46:07.7847||INFO|WypozyczalniaAPI.Filters.LoggerFilterAttribbute|Request started: GET /rentals/customers/only/1 X-Request-ID: b9946172-03d0-4f83-b189-8421872f8a1e 
2023-08-02 13:46:07.7948||INFO|WypozyczalniaAPI.Filters.LoggerFilterAttribbute|Request finished: GET /rentals/customers/only/1, Response: 200, Duration: 10 ms, X-Request-ID: b9946172-03d0-4f83-b189-8421872f8a1e 
2023-08-02 13:47:53.6200||INFO|WypozyczalniaAPI.Filters.LoggerFilterAttribbute|Request started: GET /rentals/customers/only/1 X-Request-ID: 0ca6e25d-b452-4d79-bd1d-cddf1708e7f4 
2023-08-02 13:47:53.6200||INFO|WypozyczalniaAPI.Filters.LoggerFilterAttribbute|Request finished: GET /rentals/customers/only/1, Response: 200, Duration: 0 ms, X-Request-ID: 0ca6e25d-b452-4d79-bd1d-cddf1708e7f4 
2023-08-02 13:48:08.7223||INFO|WypozyczalniaAPI.Filters.LoggerFilterAttribbute|Request started: GET /rentals/customers/only/2 X-Request-ID: 3ff8d7b5-5698-4558-aca1-fae23c382df4 
2023-08-02 13:48:08.7223||INFO|WypozyczalniaAPI.Filters.LoggerFilterAttribbute|Request finished: GET /rentals/customers/only/2, Response: 200, Duration: 1 ms, X-Request-ID: 3ff8d7b5-5698-4558-aca1-fae23c382df4 
2023-08-02 13:48:11.4807||INFO|WypozyczalniaAPI.Filters.LoggerFilterAttribbute|Request started: GET /rentals/customers/only/3 X-Request-ID: 37ef92fe-1ab7-49c1-8386-9544227d33ef 
2023-08-02 13:48:11.4807||INFO|WypozyczalniaAPI.Filters.LoggerFilterAttribbute|Request finished: GET /rentals/customers/only/3, Response: 200, Duration: 0 ms, X-Request-ID: 37ef92fe-1ab7-49c1-8386-9544227d33ef 
2023-08-02 13:48:12.7777||INFO|WypozyczalniaAPI.Filters.LoggerFilterAttribbute|Request started: GET /rentals/customers/only/4 X-Request-ID: 421d0ca5-be4b-4281-9204-4331f12c5f1e 
2023-08-02 13:48:12.7777||INFO|WypozyczalniaAPI.Filters.LoggerFilterAttribbute|Request finished: GET /rentals/customers/only/4, Response: 200, Duration: 1 ms, X-Request-ID: 421d0ca5-be4b-4281-9204-4331f12c5f1e 
2023-08-02 13:48:13.7805||INFO|WypozyczalniaAPI.Filters.LoggerFilterAttribbute|Request started: GET /rentals/customers/only/5 X-Request-ID: 5f4daf7c-de4b-4406-a09d-d20f3c0688f3 
2023-08-02 13:48:13.7805||INFO|WypozyczalniaAPI.Filters.LoggerFilterAttribbute|Request finished: GET /rentals/customers/only/5, Response: 200, Duration: 0 ms, X-Request-ID: 5f4daf7c-de4b-4406-a09d-d20f3c0688f3 
2023-08-02 13:48:15.7786||INFO|WypozyczalniaAPI.Filters.LoggerFilterAttribbute|Request started: GET /rentals/customers/only/6 X-Request-ID: 64d0a9ab-941b-4a4a-8aaf-9fb7e5b7a886 
2023-08-02 13:48:15.7786||INFO|WypozyczalniaAPI.Filters.LoggerFilterAttribbute|Request finished: GET /rentals/customers/only/6, Response: 200, Duration: 1 ms, X-Request-ID: 64d0a9ab-941b-4a4a-8aaf-9fb7e5b7a886 
2023-08-02 13:48:17.8626||INFO|WypozyczalniaAPI.Filters.LoggerFilterAttribbute|Request started: GET /rentals/customers/only/7 X-Request-ID: fcd1b30f-6807-44fd-9714-7cf5f34da970 
2023-08-02 13:48:17.8626||INFO|WypozyczalniaAPI.Filters.LoggerFilterAttribbute|Request finished: GET /rentals/customers/only/7, Response: 200, Duration: 0 ms, X-Request-ID: fcd1b30f-6807-44fd-9714-7cf5f34da970 
2023-08-02 13:48:18.9588||INFO|WypozyczalniaAPI.Filters.LoggerFilterAttribbute|Request started: GET /rentals/customers/only/8 X-Request-ID: 6f2d6e48-e7e3-4668-85cd-92aa696b4c91 
2023-08-02 13:48:18.9588||INFO|WypozyczalniaAPI.Filters.LoggerFilterAttribbute|Request finished: GET /rentals/customers/only/8, Response: 200, Duration: 0 ms, X-Request-ID: 6f2d6e48-e7e3-4668-85cd-92aa696b4c91 
2023-08-02 13:48:19.8467||INFO|WypozyczalniaAPI.Filters.LoggerFilterAttribbute|Request started: GET /rentals/customers/only/9 X-Request-ID: c51899d0-691c-490d-9cf7-13b287d83599 
2023-08-02 13:48:19.8467||INFO|WypozyczalniaAPI.Filters.LoggerFilterAttribbute|Request finished: GET /rentals/customers/only/9, Response: 200, Duration: 0 ms, X-Request-ID: c51899d0-691c-490d-9cf7-13b287d83599 
2023-08-02 13:48:20.6430||INFO|WypozyczalniaAPI.Filters.LoggerFilterAttribbute|Request started: GET /rentals/customers/only/0 X-Request-ID: 7ab27231-b567-4713-a8ea-487007221e02 
2023-08-02 13:48:20.6430||INFO|WypozyczalniaAPI.Filters.LoggerFilterAttribbute|Request finished: GET /rentals/customers/only/0, Response: 200, Duration: 1 ms, X-Request-ID: 7ab27231-b567-4713-a8ea-487007221e02 
2023-08-02 13:48:22.6354||INFO|WypozyczalniaAPI.Filters.LoggerFilterAttribbute|Request started: GET /rentals/customers/only/10 X-Request-ID: 8f710e83-e52d-40cb-a9e9-758f874e232c 
2023-08-02 13:48:22.6360||INFO|WypozyczalniaAPI.Filters.LoggerFilterAttribbute|Request finished: GET /rentals/customers/only/10, Response: 200, Duration: 0 ms, X-Request-ID: 8f710e83-e52d-40cb-a9e9-758f874e232c 
2023-08-02 13:48:25.3940||INFO|WypozyczalniaAPI.Filters.LoggerFilterAttribbute|Request started: GET /rentals/customers/only/11 X-Request-ID: 614319f3-85b6-429c-b78a-c9921572d11d 
2023-08-02 13:48:25.3940||INFO|WypozyczalniaAPI.Filters.LoggerFilterAttribbute|Request finished: GET /rentals/customers/only/11, Response: 200, Duration: 0 ms, X-Request-ID: 614319f3-85b6-429c-b78a-c9921572d11d 
2023-08-02 14:08:22.2199||INFO|WypozyczalniaAPI.Filters.LoggerFilterAttribbute|Request started: GET /rentals/68 X-Request-ID: 7c9c3714-0fec-4d73-9b5c-d282b1817814 
2023-08-02 14:08:22.2199||INFO|WypozyczalniaAPI.Services.RentService|GET action for rent with id: 68  invoked, , X-Request-ID: 7c9c3714-0fec-4d73-9b5c-d282b1817814 
2023-08-02 14:08:22.2199||INFO|WypozyczalniaAPI.BooksClient|Request action  with path: https://localhost:7008/books/25 and bookId: 25, X-Request-ID: 7c9c3714-0fec-4d73-9b5c-d282b1817814  GET_BOOK_BY_ID action invoked 
2023-08-02 14:08:22.3488||INFO|WypozyczalniaAPI.BooksClient|Request action  with path: https://localhost:7008/books/25 and bookId: 25, X-Request-ID: 7c9c3714-0fec-4d73-9b5c-d282b1817814  GET_BOOK_BY_ID action executed  
2023-08-02 14:08:22.3488||INFO|WypozyczalniaAPI.Services.RentService|GET action for rent with id: 68  executed, , X-Request-ID: 7c9c3714-0fec-4d73-9b5c-d282b1817814 
2023-08-02 14:08:22.3488||INFO|WypozyczalniaAPI.Filters.LoggerFilterAttribbute|Request finished: GET /rentals/68, Response: 200, Duration: 129 ms, X-Request-ID: 7c9c3714-0fec-4d73-9b5c-d282b1817814 
2023-08-02 15:06:22.0872||INFO|WypozyczalniaAPI.Filters.LoggerFilterAttribbute|Request started: GET /rentals/68 X-Request-ID: 0451859b-a31e-46ac-b111-33a8f112a698 
2023-08-02 15:06:22.1147||INFO|WypozyczalniaAPI.Services.RentService|GET action for rent with id: 68  invoked, , X-Request-ID: 0451859b-a31e-46ac-b111-33a8f112a698 
2023-08-02 15:06:22.4140||INFO|WypozyczalniaAPI.BooksClient|Request action  with path: https://localhost:7008/books/25 and bookId: 25, X-Request-ID: 0451859b-a31e-46ac-b111-33a8f112a698  GET_BOOK_BY_ID action invoked 
2023-08-02 15:06:22.7477||INFO|WypozyczalniaAPI.BooksClient|Request action  with path: https://localhost:7008/books/25 and bookId: 25, X-Request-ID: 0451859b-a31e-46ac-b111-33a8f112a698  GET_BOOK_BY_ID action executed  
2023-08-02 15:06:22.7477||INFO|WypozyczalniaAPI.Services.RentService|GET action for rent with id: 68  executed, , X-Request-ID: 0451859b-a31e-46ac-b111-33a8f112a698 
2023-08-02 15:06:22.7477||INFO|WypozyczalniaAPI.Filters.LoggerFilterAttribbute|Request finished: GET /rentals/68, Response: 200, Duration: 665 ms, X-Request-ID: 0451859b-a31e-46ac-b111-33a8f112a698 
2023-08-02 15:06:23.7782||INFO|WypozyczalniaAPI.Filters.LoggerFilterAttribbute|Request started: GET /rentals/68 X-Request-ID: b0accaf1-dc1c-4047-8030-4aa5f8d0e596 
2023-08-02 15:06:23.7782||INFO|WypozyczalniaAPI.Services.RentService|GET action for rent with id: 68  invoked, , X-Request-ID: b0accaf1-dc1c-4047-8030-4aa5f8d0e596 
2023-08-02 15:06:23.7782||INFO|WypozyczalniaAPI.BooksClient|Request action  with path: https://localhost:7008/books/25 and bookId: 25, X-Request-ID: b0accaf1-dc1c-4047-8030-4aa5f8d0e596  GET_BOOK_BY_ID action invoked 
2023-08-02 15:06:23.7782||INFO|WypozyczalniaAPI.BooksClient|Request action  with path: https://localhost:7008/books/25 and bookId: 25, X-Request-ID: b0accaf1-dc1c-4047-8030-4aa5f8d0e596  GET_BOOK_BY_ID action executed  
2023-08-02 15:06:23.7782||INFO|WypozyczalniaAPI.Services.RentService|GET action for rent with id: 68  executed, , X-Request-ID: b0accaf1-dc1c-4047-8030-4aa5f8d0e596 
2023-08-02 15:06:23.7782||INFO|WypozyczalniaAPI.Filters.LoggerFilterAttribbute|Request finished: GET /rentals/68, Response: 200, Duration: 13 ms, X-Request-ID: b0accaf1-dc1c-4047-8030-4aa5f8d0e596 
2023-08-02 16:01:21.5218||INFO|WypozyczalniaAPI.Filters.LoggerFilterAttribbute|Request started: GET /rentals/68 X-Request-ID: 00b9d911-8347-4fc5-966a-bb44ae3a1810 
2023-08-02 16:01:21.5511||INFO|WypozyczalniaAPI.Services.RentService|GET action for rent with id: 68  invoked, , X-Request-ID: 00b9d911-8347-4fc5-966a-bb44ae3a1810 
2023-08-02 16:01:21.8452||INFO|WypozyczalniaAPI.BooksClient|Request action  with path: https://localhost:7008/books/25 and bookId: 25, X-Request-ID: 00b9d911-8347-4fc5-966a-bb44ae3a1810  GET_BOOK_BY_ID action invoked 
2023-08-02 16:01:22.1704||INFO|WypozyczalniaAPI.BooksClient|Request action  with path: https://localhost:7008/books/25 and bookId: 25, X-Request-ID: 00b9d911-8347-4fc5-966a-bb44ae3a1810  GET_BOOK_BY_ID action executed  
2023-08-02 16:01:22.1704||INFO|WypozyczalniaAPI.Services.RentService|GET action for rent with id: 68  executed, , X-Request-ID: 00b9d911-8347-4fc5-966a-bb44ae3a1810 
2023-08-02 16:01:22.1704||INFO|WypozyczalniaAPI.Filters.LoggerFilterAttribbute|Request finished: GET /rentals/68, Response: 200, Duration: 653 ms, X-Request-ID: 00b9d911-8347-4fc5-966a-bb44ae3a1810 
2023-08-02 16:20:03.1357||INFO|WypozyczalniaAPI.Filters.LoggerFilterAttribbute|Request started: GET /rentals/68 X-Request-ID: 0097183c-b6b7-4c44-a404-43fbf2fccaf9 
2023-08-02 16:20:03.1652||INFO|WypozyczalniaAPI.Services.RentService|GET action for rent with id: 68  invoked, , X-Request-ID: 0097183c-b6b7-4c44-a404-43fbf2fccaf9 
2023-08-02 16:20:03.4319||INFO|WypozyczalniaAPI.BooksClient|Request action  with path: https://localhost:7008/books/25 and bookId: 25, X-Request-ID: 0097183c-b6b7-4c44-a404-43fbf2fccaf9  GET_BOOK_BY_ID action invoked 
2023-08-02 16:20:03.8361||INFO|WypozyczalniaAPI.BooksClient|Request action  with path: https://localhost:7008/books/25 and bookId: 25, X-Request-ID: 0097183c-b6b7-4c44-a404-43fbf2fccaf9  GET_BOOK_BY_ID action executed  
2023-08-02 16:20:03.8361||INFO|WypozyczalniaAPI.Services.RentService|GET action for rent with id: 68  executed, , X-Request-ID: 0097183c-b6b7-4c44-a404-43fbf2fccaf9 
2023-08-02 16:20:03.8388||INFO|WypozyczalniaAPI.Filters.LoggerFilterAttribbute|Request finished: GET /rentals/68, Response: 200, Duration: 704 ms, X-Request-ID: 0097183c-b6b7-4c44-a404-43fbf2fccaf9 
{ "timestamp": "2023-08-02 16:32:47.1533", "level": "INFO", "logger": "WypozyczalniaAPI.Filters.LoggerFilterAttribbute", "message": "Request started: GET /rentals/68 X-Request-ID: 586575da-3840-47df-b260-7c5d0dfe091b" }
{ "timestamp": "2023-08-02 16:32:47.1850", "level": "INFO", "logger": "WypozyczalniaAPI.Services.RentService", "message": "GET action for rent with id: 68  invoked, , X-Request-ID: 586575da-3840-47df-b260-7c5d0dfe091b" }
{ "timestamp": "2023-08-02 16:32:47.4818", "level": "INFO", "logger": "WypozyczalniaAPI.BooksClient", "message": "Request action  with path: https://localhost:7008/books/25 and bookId: 25, X-Request-ID: 586575da-3840-47df-b260-7c5d0dfe091b  GET_BOOK_BY_ID action invoked" }
{ "timestamp": "2023-08-02 16:32:47.7283", "level": "INFO", "logger": "WypozyczalniaAPI.BooksClient", "message": "Request action  with path: https://localhost:7008/books/25 and bookId: 25, X-Request-ID: 586575da-3840-47df-b260-7c5d0dfe091b  GET_BOOK_BY_ID action executed " }
{ "timestamp": "2023-08-02 16:32:47.7283", "level": "INFO", "logger": "WypozyczalniaAPI.Services.RentService", "message": "GET action for rent with id: 68  executed, , X-Request-ID: 586575da-3840-47df-b260-7c5d0dfe091b" }
{ "timestamp": "2023-08-02 16:32:47.7310", "level": "INFO", "logger": "WypozyczalniaAPI.Filters.LoggerFilterAttribbute", "message": "Request finished: GET /rentals/68, Response: 200, Duration: 579 ms, X-Request-ID: 586575da-3840-47df-b260-7c5d0dfe091b" }
{ "timestamp": "2023-08-02 16:38:15.3258", "level": "INFO", "logger": "WypozyczalniaAPI.Filters.LoggerFilterAttribbute", "message": "Request started: GET /rentals/68 X-Request-ID: c24e88a3-d6ed-4a0a-bf68-65948177ff84" }
{ "timestamp": "2023-08-02 16:38:15.3569", "level": "INFO", "logger": "WypozyczalniaAPI.Services.RentService", "message": "GET action for rent with id: 68  invoked, , X-Request-ID: c24e88a3-d6ed-4a0a-bf68-65948177ff84" }
{ "timestamp": "2023-08-02 16:38:15.6223", "level": "INFO", "logger": "WypozyczalniaAPI.BooksClient", "message": "Request action  with path: https://localhost:7008/books/25 and bookId: 25, X-Request-ID: c24e88a3-d6ed-4a0a-bf68-65948177ff84  GET_BOOK_BY_ID action invoked" }
{ "timestamp": "2023-08-02 16:38:15.9162", "level": "INFO", "logger": "WypozyczalniaAPI.BooksClient", "message": "Request action  with path: https://localhost:7008/books/25 and bookId: 25, X-Request-ID: c24e88a3-d6ed-4a0a-bf68-65948177ff84  GET_BOOK_BY_ID action executed " }
{ "timestamp": "2023-08-02 16:38:15.9172", "level": "INFO", "logger": "WypozyczalniaAPI.Services.RentService", "message": "GET action for rent with id: 68  executed, , X-Request-ID: c24e88a3-d6ed-4a0a-bf68-65948177ff84" }
{ "timestamp": "2023-08-02 16:38:15.9172", "level": "INFO", "logger": "WypozyczalniaAPI.Filters.LoggerFilterAttribbute", "message": "Request finished: GET /rentals/68, Response: 200, Duration: 596 ms, X-Request-ID: c24e88a3-d6ed-4a0a-bf68-65948177ff84" }
{ "timestamp": "2023-08-02 16:38:47.3051", "level": "INFO", "logger": "WypozyczalniaAPI.Filters.LoggerFilterAttribbute", "message": "Request started: GET /rentals/68 X-Request-ID: 4d858c3f-5744-4cb6-a3ce-eb99f0d22db1" }
{ "timestamp": "2023-08-02 16:38:47.3051", "level": "INFO", "logger": "WypozyczalniaAPI.Services.RentService", "message": "GET action for rent with id: 68  invoked, , X-Request-ID: 4d858c3f-5744-4cb6-a3ce-eb99f0d22db1" }
{ "timestamp": "2023-08-02 16:38:47.3180", "level": "INFO", "logger": "WypozyczalniaAPI.BooksClient", "message": "Request action  with path: https://localhost:7008/books/25 and bookId: 25, X-Request-ID: 4d858c3f-5744-4cb6-a3ce-eb99f0d22db1  GET_BOOK_BY_ID action invoked" }
{ "timestamp": "2023-08-02 16:38:47.3358", "level": "INFO", "logger": "WypozyczalniaAPI.BooksClient", "message": "Request action  with path: https://localhost:7008/books/25 and bookId: 25, X-Request-ID: 4d858c3f-5744-4cb6-a3ce-eb99f0d22db1  GET_BOOK_BY_ID action executed " }
{ "timestamp": "2023-08-02 16:38:47.3358", "level": "INFO", "logger": "WypozyczalniaAPI.Services.RentService", "message": "GET action for rent with id: 68  executed, , X-Request-ID: 4d858c3f-5744-4cb6-a3ce-eb99f0d22db1" }
{ "timestamp": "2023-08-02 16:38:47.3358", "level": "INFO", "logger": "WypozyczalniaAPI.Filters.LoggerFilterAttribbute", "message": "Request finished: GET /rentals/68, Response: 200, Duration: 31 ms, X-Request-ID: 4d858c3f-5744-4cb6-a3ce-eb99f0d22db1" }
{ "timestamp": "2023-08-02 16:39:48.1394", "level": "INFO", "logger": "WypozyczalniaAPI.Filters.LoggerFilterAttribbute", "message": "Request started: GET /rentals/69 X-Request-ID: e432b9c7-d412-4b52-8604-fa185d8d78bd" }
{ "timestamp": "2023-08-02 16:39:48.1682", "level": "INFO", "logger": "WypozyczalniaAPI.Services.RentService", "message": "GET action for rent with id: 69  invoked, , X-Request-ID: e432b9c7-d412-4b52-8604-fa185d8d78bd" }
{ "timestamp": "2023-08-02 16:39:48.4289", "level": "INFO", "logger": "WypozyczalniaAPI.BooksClient", "message": "Request action  with path: https://localhost:7008/books/25 and bookId: 25, X-Request-ID: e432b9c7-d412-4b52-8604-fa185d8d78bd  GET_BOOK_BY_ID action invoked" }
{ "timestamp": "2023-08-02 16:39:48.6318", "level": "INFO", "logger": "WypozyczalniaAPI.BooksClient", "message": "Request action  with path: https://localhost:7008/books/25 and bookId: 25, X-Request-ID: e432b9c7-d412-4b52-8604-fa185d8d78bd  GET_BOOK_BY_ID action executed " }
{ "timestamp": "2023-08-02 16:39:48.6318", "level": "INFO", "logger": "WypozyczalniaAPI.Services.RentService", "message": "GET action for rent with id: 69  executed, , X-Request-ID: e432b9c7-d412-4b52-8604-fa185d8d78bd" }
{ "timestamp": "2023-08-02 16:39:48.6318", "level": "INFO", "logger": "WypozyczalniaAPI.Filters.LoggerFilterAttribbute", "message": "Request finished: GET /rentals/69, Response: 200, Duration: 497 ms, X-Request-ID: e432b9c7-d412-4b52-8604-fa185d8d78bd" }
{ "timestamp": "2023-08-02 16:49:20.6167", "level": "INFO", "logger": "WypozyczalniaAPI.Filters.LoggerFilterAttribbute", "message": "Request started: GET /rentals/69 X-Request-ID: a793cfbb-39fb-4c26-a0d1-260332ef3f30" }
{ "timestamp": "2023-08-02 16:49:20.6508", "level": "INFO", "logger": "WypozyczalniaAPI.Services.RentService", "message": "GET action for rent with id: 69  invoked, , X-Request-ID: a793cfbb-39fb-4c26-a0d1-260332ef3f30" }
{ "timestamp": "2023-08-02 16:49:20.9285", "level": "INFO", "logger": "WypozyczalniaAPI.BooksClient", "message": "Request action  with path: https://localhost:7008/books/25 and bookId: 25, X-Request-ID: a793cfbb-39fb-4c26-a0d1-260332ef3f30  GET_BOOK_BY_ID action invoked" }
{ "timestamp": "2023-08-02 16:49:21.3553", "level": "INFO", "logger": "WypozyczalniaAPI.BooksClient", "message": "Request action  with path: https://localhost:7008/books/25 and bookId: 25, X-Request-ID: a793cfbb-39fb-4c26-a0d1-260332ef3f30  GET_BOOK_BY_ID action executed " }
{ "timestamp": "2023-08-02 16:49:21.3553", "level": "INFO", "logger": "WypozyczalniaAPI.Services.RentService", "message": "GET action for rent with id: 69  executed, , X-Request-ID: a793cfbb-39fb-4c26-a0d1-260332ef3f30" }
{ "timestamp": "2023-08-02 16:49:21.3553", "level": "INFO", "logger": "WypozyczalniaAPI.Filters.LoggerFilterAttribbute", "message": "Request finished: GET /rentals/69, Response: 200, Duration: 743 ms, X-Request-ID: a793cfbb-39fb-4c26-a0d1-260332ef3f30" }
{ "timestamp": "2023-08-02 16:56:03.5123", "level": "INFO", "logger": "WypozyczalniaAPI.Filters.LoggerFilterAttribbute", "message": "Request started: GET /rentals/69 X-Request-ID: 92e83827-41ab-4518-93e7-58cb0cd4b0c4" }
{ "timestamp": "2023-08-02 16:56:03.5123", "level": "INFO", "logger": "WypozyczalniaAPI.Services.RentService", "message": "GET action for rent with id: 69  invoked, , X-Request-ID: 92e83827-41ab-4518-93e7-58cb0cd4b0c4" }
{ "timestamp": "2023-08-02 16:56:03.5123", "level": "INFO", "logger": "WypozyczalniaAPI.BooksClient", "message": "Request action  with path: https://localhost:7008/books/25 and bookId: 25, X-Request-ID: 92e83827-41ab-4518-93e7-58cb0cd4b0c4  GET_BOOK_BY_ID action invoked" }
{ "timestamp": "2023-08-02 16:56:03.6336", "level": "INFO", "logger": "WypozyczalniaAPI.BooksClient", "message": "Request action  with path: https://localhost:7008/books/25 and bookId: 25, X-Request-ID: 92e83827-41ab-4518-93e7-58cb0cd4b0c4  GET_BOOK_BY_ID action executed " }
{ "timestamp": "2023-08-02 16:56:03.6336", "level": "INFO", "logger": "WypozyczalniaAPI.Services.RentService", "message": "GET action for rent with id: 69  executed, , X-Request-ID: 92e83827-41ab-4518-93e7-58cb0cd4b0c4" }
{ "timestamp": "2023-08-02 16:56:03.6336", "level": "INFO", "logger": "WypozyczalniaAPI.Filters.LoggerFilterAttribbute", "message": "Request finished: GET /rentals/69, Response: 200, Duration: 121 ms, X-Request-ID: 92e83827-41ab-4518-93e7-58cb0cd4b0c4" }
{ "timestamp": "2023-08-02 17:00:41.1464", "level": "INFO", "logger": "WypozyczalniaAPI.Filters.LoggerFilterAttribbute", "message": "Request started: GET /rentals/ X-Request-ID: 673376a2-bd23-4c77-8aca-ac1b812ac54d" }
{ "timestamp": "2023-08-02 17:00:41.1895", "level": "INFO", "logger": "WypozyczalniaAPI.Services.RentService", "message": "GET action for all rents with data filtering parameters:  and  invoked, , X-Request-ID: 673376a2-bd23-4c77-8aca-ac1b812ac54d" }
{ "timestamp": "2023-08-02 17:00:41.1895", "level": "INFO", "logger": "WypozyczalniaAPI.BooksClient", "message": "Request action  with path: https://localhost:7008/books/27 and bookId: 27, X-Request-ID: 673376a2-bd23-4c77-8aca-ac1b812ac54d  GET_BOOK_BY_ID action invoked" }
{ "timestamp": "2023-08-02 17:00:41.2265", "level": "INFO", "logger": "WypozyczalniaAPI.BooksClient", "message": "Request action  with path: https://localhost:7008/books/27 and bookId: 27, X-Request-ID: 673376a2-bd23-4c77-8aca-ac1b812ac54d  GET_BOOK_BY_ID action executed " }
{ "timestamp": "2023-08-02 17:00:41.2265", "level": "INFO", "logger": "WypozyczalniaAPI.BooksClient", "message": "Request action  with path: https://localhost:7008/books/27 and bookId: 27, X-Request-ID: 673376a2-bd23-4c77-8aca-ac1b812ac54d  GET_BOOK_BY_ID action invoked" }
{ "timestamp": "2023-08-02 17:00:41.2613", "level": "INFO", "logger": "WypozyczalniaAPI.BooksClient", "message": "Request action  with path: https://localhost:7008/books/27 and bookId: 27, X-Request-ID: 673376a2-bd23-4c77-8aca-ac1b812ac54d  GET_BOOK_BY_ID action executed " }
{ "timestamp": "2023-08-02 17:00:41.2613", "level": "INFO", "logger": "WypozyczalniaAPI.BooksClient", "message": "Request action  with path: https://localhost:7008/books/27 and bookId: 27, X-Request-ID: 673376a2-bd23-4c77-8aca-ac1b812ac54d  GET_BOOK_BY_ID action invoked" }
{ "timestamp": "2023-08-02 17:00:41.2613", "level": "INFO", "logger": "WypozyczalniaAPI.BooksClient", "message": "Request action  with path: https://localhost:7008/books/27 and bookId: 27, X-Request-ID: 673376a2-bd23-4c77-8aca-ac1b812ac54d  GET_BOOK_BY_ID action executed " }
{ "timestamp": "2023-08-02 17:00:41.2613", "level": "INFO", "logger": "WypozyczalniaAPI.BooksClient", "message": "Request action  with path: https://localhost:7008/books/27 and bookId: 27, X-Request-ID: 673376a2-bd23-4c77-8aca-ac1b812ac54d  GET_BOOK_BY_ID action invoked" }
{ "timestamp": "2023-08-02 17:00:41.2613", "level": "INFO", "logger": "WypozyczalniaAPI.BooksClient", "message": "Request action  with path: https://localhost:7008/books/27 and bookId: 27, X-Request-ID: 673376a2-bd23-4c77-8aca-ac1b812ac54d  GET_BOOK_BY_ID action executed " }
{ "timestamp": "2023-08-02 17:00:41.2613", "level": "INFO", "logger": "WypozyczalniaAPI.BooksClient", "message": "Request action  with path: https://localhost:7008/books/28 and bookId: 28, X-Request-ID: 673376a2-bd23-4c77-8aca-ac1b812ac54d  GET_BOOK_BY_ID action invoked" }
{ "timestamp": "2023-08-02 17:00:41.2613", "level": "INFO", "logger": "WypozyczalniaAPI.BooksClient", "message": "Request action  with path: https://localhost:7008/books/28 and bookId: 28, X-Request-ID: 673376a2-bd23-4c77-8aca-ac1b812ac54d  GET_BOOK_BY_ID action executed " }
{ "timestamp": "2023-08-02 17:00:41.2613", "level": "INFO", "logger": "WypozyczalniaAPI.BooksClient", "message": "Request action  with path: https://localhost:7008/books/29 and bookId: 29, X-Request-ID: 673376a2-bd23-4c77-8aca-ac1b812ac54d  GET_BOOK_BY_ID action invoked" }
{ "timestamp": "2023-08-02 17:00:41.2786", "level": "INFO", "logger": "WypozyczalniaAPI.BooksClient", "message": "Request action  with path: https://localhost:7008/books/29 and bookId: 29, X-Request-ID: 673376a2-bd23-4c77-8aca-ac1b812ac54d  GET_BOOK_BY_ID action executed " }
{ "timestamp": "2023-08-02 17:00:41.2786", "level": "INFO", "logger": "WypozyczalniaAPI.BooksClient", "message": "Request action  with path: https://localhost:7008/books/29 and bookId: 29, X-Request-ID: 673376a2-bd23-4c77-8aca-ac1b812ac54d  GET_BOOK_BY_ID action invoked" }
{ "timestamp": "2023-08-02 17:00:41.2786", "level": "INFO", "logger": "WypozyczalniaAPI.BooksClient", "message": "Request action  with path: https://localhost:7008/books/29 and bookId: 29, X-Request-ID: 673376a2-bd23-4c77-8aca-ac1b812ac54d  GET_BOOK_BY_ID action executed " }
{ "timestamp": "2023-08-02 17:00:41.2786", "level": "INFO", "logger": "WypozyczalniaAPI.BooksClient", "message": "Request action  with path: https://localhost:7008/books/31 and bookId: 31, X-Request-ID: 673376a2-bd23-4c77-8aca-ac1b812ac54d  GET_BOOK_BY_ID action invoked" }
{ "timestamp": "2023-08-02 17:00:41.2786", "level": "INFO", "logger": "WypozyczalniaAPI.BooksClient", "message": "Request action  with path: https://localhost:7008/books/31 and bookId: 31, X-Request-ID: 673376a2-bd23-4c77-8aca-ac1b812ac54d  GET_BOOK_BY_ID action executed " }
{ "timestamp": "2023-08-02 17:00:41.2786", "level": "INFO", "logger": "WypozyczalniaAPI.BooksClient", "message": "Request action  with path: https://localhost:7008/books/31 and bookId: 31, X-Request-ID: 673376a2-bd23-4c77-8aca-ac1b812ac54d  GET_BOOK_BY_ID action invoked" }
{ "timestamp": "2023-08-02 17:00:41.2786", "level": "INFO", "logger": "WypozyczalniaAPI.BooksClient", "message": "Request action  with path: https://localhost:7008/books/31 and bookId: 31, X-Request-ID: 673376a2-bd23-4c77-8aca-ac1b812ac54d  GET_BOOK_BY_ID action executed " }
{ "timestamp": "2023-08-02 17:00:41.2786", "level": "INFO", "logger": "WypozyczalniaAPI.BooksClient", "message": "Request action  with path: https://localhost:7008/books/33 and bookId: 33, X-Request-ID: 673376a2-bd23-4c77-8aca-ac1b812ac54d  GET_BOOK_BY_ID action invoked" }
{ "timestamp": "2023-08-02 17:00:41.2921", "level": "INFO", "logger": "WypozyczalniaAPI.BooksClient", "message": "Request action  with path: https://localhost:7008/books/33 and bookId: 33, X-Request-ID: 673376a2-bd23-4c77-8aca-ac1b812ac54d  GET_BOOK_BY_ID action executed " }
{ "timestamp": "2023-08-02 17:00:41.2921", "level": "INFO", "logger": "WypozyczalniaAPI.BooksClient", "message": "Request action  with path: https://localhost:7008/books/33 and bookId: 33, X-Request-ID: 673376a2-bd23-4c77-8aca-ac1b812ac54d  GET_BOOK_BY_ID action invoked" }
{ "timestamp": "2023-08-02 17:00:41.2921", "level": "INFO", "logger": "WypozyczalniaAPI.BooksClient", "message": "Request action  with path: https://localhost:7008/books/33 and bookId: 33, X-Request-ID: 673376a2-bd23-4c77-8aca-ac1b812ac54d  GET_BOOK_BY_ID action executed " }
{ "timestamp": "2023-08-02 17:00:41.2921", "level": "INFO", "logger": "WypozyczalniaAPI.BooksClient", "message": "Request action  with path: https://localhost:7008/books/33 and bookId: 33, X-Request-ID: 673376a2-bd23-4c77-8aca-ac1b812ac54d  GET_BOOK_BY_ID action invoked" }
{ "timestamp": "2023-08-02 17:00:41.2921", "level": "INFO", "logger": "WypozyczalniaAPI.BooksClient", "message": "Request action  with path: https://localhost:7008/books/33 and bookId: 33, X-Request-ID: 673376a2-bd23-4c77-8aca-ac1b812ac54d  GET_BOOK_BY_ID action executed " }
{ "timestamp": "2023-08-02 17:00:41.2921", "level": "INFO", "logger": "WypozyczalniaAPI.BooksClient", "message": "Request action  with path: https://localhost:7008/books/32 and bookId: 32, X-Request-ID: 673376a2-bd23-4c77-8aca-ac1b812ac54d  GET_BOOK_BY_ID action invoked" }
{ "timestamp": "2023-08-02 17:00:41.2921", "level": "INFO", "logger": "WypozyczalniaAPI.BooksClient", "message": "Request action  with path: https://localhost:7008/books/32 and bookId: 32, X-Request-ID: 673376a2-bd23-4c77-8aca-ac1b812ac54d  GET_BOOK_BY_ID action executed " }
{ "timestamp": "2023-08-02 17:00:41.2921", "level": "INFO", "logger": "WypozyczalniaAPI.BooksClient", "message": "Request action  with path: https://localhost:7008/books/32 and bookId: 32, X-Request-ID: 673376a2-bd23-4c77-8aca-ac1b812ac54d  GET_BOOK_BY_ID action invoked" }
{ "timestamp": "2023-08-02 17:00:41.2921", "level": "INFO", "logger": "WypozyczalniaAPI.BooksClient", "message": "Request action  with path: https://localhost:7008/books/32 and bookId: 32, X-Request-ID: 673376a2-bd23-4c77-8aca-ac1b812ac54d  GET_BOOK_BY_ID action executed " }
{ "timestamp": "2023-08-02 17:00:41.2921", "level": "INFO", "logger": "WypozyczalniaAPI.BooksClient", "message": "Request action  with path: https://localhost:7008/books/32 and bookId: 32, X-Request-ID: 673376a2-bd23-4c77-8aca-ac1b812ac54d  GET_BOOK_BY_ID action invoked" }
{ "timestamp": "2023-08-02 17:00:41.3086", "level": "INFO", "logger": "WypozyczalniaAPI.BooksClient", "message": "Request action  with path: https://localhost:7008/books/32 and bookId: 32, X-Request-ID: 673376a2-bd23-4c77-8aca-ac1b812ac54d  GET_BOOK_BY_ID action executed " }
{ "timestamp": "2023-08-02 17:00:41.3086", "level": "INFO", "logger": "WypozyczalniaAPI.BooksClient", "message": "Request action  with path: https://localhost:7008/books/33 and bookId: 33, X-Request-ID: 673376a2-bd23-4c77-8aca-ac1b812ac54d  GET_BOOK_BY_ID action invoked" }
{ "timestamp": "2023-08-02 17:00:41.3086", "level": "INFO", "logger": "WypozyczalniaAPI.BooksClient", "message": "Request action  with path: https://localhost:7008/books/33 and bookId: 33, X-Request-ID: 673376a2-bd23-4c77-8aca-ac1b812ac54d  GET_BOOK_BY_ID action executed " }
{ "timestamp": "2023-08-02 17:00:41.3086", "level": "INFO", "logger": "WypozyczalniaAPI.BooksClient", "message": "Request action  with path: https://localhost:7008/books/30 and bookId: 30, X-Request-ID: 673376a2-bd23-4c77-8aca-ac1b812ac54d  GET_BOOK_BY_ID action invoked" }
{ "timestamp": "2023-08-02 17:00:41.3086", "level": "INFO", "logger": "WypozyczalniaAPI.BooksClient", "message": "Request action  with path: https://localhost:7008/books/30 and bookId: 30, X-Request-ID: 673376a2-bd23-4c77-8aca-ac1b812ac54d  GET_BOOK_BY_ID action executed " }
{ "timestamp": "2023-08-02 17:00:41.3086", "level": "INFO", "logger": "WypozyczalniaAPI.BooksClient", "message": "Request action  with path: https://localhost:7008/books/30 and bookId: 30, X-Request-ID: 673376a2-bd23-4c77-8aca-ac1b812ac54d  GET_BOOK_BY_ID action invoked" }
{ "timestamp": "2023-08-02 17:00:41.3086", "level": "INFO", "logger": "WypozyczalniaAPI.BooksClient", "message": "Request action  with path: https://localhost:7008/books/30 and bookId: 30, X-Request-ID: 673376a2-bd23-4c77-8aca-ac1b812ac54d  GET_BOOK_BY_ID action executed " }
{ "timestamp": "2023-08-02 17:00:41.3086", "level": "INFO", "logger": "WypozyczalniaAPI.BooksClient", "message": "Request action  with path: https://localhost:7008/books/30 and bookId: 30, X-Request-ID: 673376a2-bd23-4c77-8aca-ac1b812ac54d  GET_BOOK_BY_ID action invoked" }
{ "timestamp": "2023-08-02 17:00:41.3237", "level": "INFO", "logger": "WypozyczalniaAPI.BooksClient", "message": "Request action  with path: https://localhost:7008/books/30 and bookId: 30, X-Request-ID: 673376a2-bd23-4c77-8aca-ac1b812ac54d  GET_BOOK_BY_ID action executed " }
{ "timestamp": "2023-08-02 17:00:41.3237", "level": "INFO", "logger": "WypozyczalniaAPI.BooksClient", "message": "Request action  with path: https://localhost:7008/books/30 and bookId: 30, X-Request-ID: 673376a2-bd23-4c77-8aca-ac1b812ac54d  GET_BOOK_BY_ID action invoked" }
{ "timestamp": "2023-08-02 17:00:41.3237", "level": "INFO", "logger": "WypozyczalniaAPI.BooksClient", "message": "Request action  with path: https://localhost:7008/books/30 and bookId: 30, X-Request-ID: 673376a2-bd23-4c77-8aca-ac1b812ac54d  GET_BOOK_BY_ID action executed " }
{ "timestamp": "2023-08-02 17:00:41.3237", "level": "INFO", "logger": "WypozyczalniaAPI.BooksClient", "message": "Request action  with path: https://localhost:7008/books/25 and bookId: 25, X-Request-ID: 673376a2-bd23-4c77-8aca-ac1b812ac54d  GET_BOOK_BY_ID action invoked" }
{ "timestamp": "2023-08-02 17:00:41.3237", "level": "INFO", "logger": "WypozyczalniaAPI.BooksClient", "message": "Request action  with path: https://localhost:7008/books/25 and bookId: 25, X-Request-ID: 673376a2-bd23-4c77-8aca-ac1b812ac54d  GET_BOOK_BY_ID action executed " }
{ "timestamp": "2023-08-02 17:00:41.3237", "level": "INFO", "logger": "WypozyczalniaAPI.BooksClient", "message": "Request action  with path: https://localhost:7008/books/25 and bookId: 25, X-Request-ID: 673376a2-bd23-4c77-8aca-ac1b812ac54d  GET_BOOK_BY_ID action invoked" }
{ "timestamp": "2023-08-02 17:00:41.3393", "level": "INFO", "logger": "WypozyczalniaAPI.BooksClient", "message": "Request action  with path: https://localhost:7008/books/25 and bookId: 25, X-Request-ID: 673376a2-bd23-4c77-8aca-ac1b812ac54d  GET_BOOK_BY_ID action executed " }
{ "timestamp": "2023-08-02 17:00:41.3393", "level": "INFO", "logger": "WypozyczalniaAPI.BooksClient", "message": "Request action  with path: https://localhost:7008/books/25 and bookId: 25, X-Request-ID: 673376a2-bd23-4c77-8aca-ac1b812ac54d  GET_BOOK_BY_ID action invoked" }
{ "timestamp": "2023-08-02 17:00:41.3393", "level": "INFO", "logger": "WypozyczalniaAPI.BooksClient", "message": "Request action  with path: https://localhost:7008/books/25 and bookId: 25, X-Request-ID: 673376a2-bd23-4c77-8aca-ac1b812ac54d  GET_BOOK_BY_ID action executed " }
{ "timestamp": "2023-08-02 17:00:41.3393", "level": "INFO", "logger": "WypozyczalniaAPI.BooksClient", "message": "Request action  with path: https://localhost:7008/books/25 and bookId: 25, X-Request-ID: 673376a2-bd23-4c77-8aca-ac1b812ac54d  GET_BOOK_BY_ID action invoked" }
{ "timestamp": "2023-08-02 17:00:41.3393", "level": "INFO", "logger": "WypozyczalniaAPI.BooksClient", "message": "Request action  with path: https://localhost:7008/books/25 and bookId: 25, X-Request-ID: 673376a2-bd23-4c77-8aca-ac1b812ac54d  GET_BOOK_BY_ID action executed " }
{ "timestamp": "2023-08-02 17:00:41.3393", "level": "INFO", "logger": "WypozyczalniaAPI.BooksClient", "message": "Request action  with path: https://localhost:7008/books/25 and bookId: 25, X-Request-ID: 673376a2-bd23-4c77-8aca-ac1b812ac54d  GET_BOOK_BY_ID action invoked" }
{ "timestamp": "2023-08-02 17:00:41.3393", "level": "INFO", "logger": "WypozyczalniaAPI.BooksClient", "message": "Request action  with path: https://localhost:7008/books/25 and bookId: 25, X-Request-ID: 673376a2-bd23-4c77-8aca-ac1b812ac54d  GET_BOOK_BY_ID action executed " }
{ "timestamp": "2023-08-02 17:00:41.3544", "level": "INFO", "logger": "WypozyczalniaAPI.BooksClient", "message": "Request action  with path: https://localhost:7008/books/25 and bookId: 25, X-Request-ID: 673376a2-bd23-4c77-8aca-ac1b812ac54d  GET_BOOK_BY_ID action invoked" }
{ "timestamp": "2023-08-02 17:00:41.3544", "level": "INFO", "logger": "WypozyczalniaAPI.BooksClient", "message": "Request action  with path: https://localhost:7008/books/25 and bookId: 25, X-Request-ID: 673376a2-bd23-4c77-8aca-ac1b812ac54d  GET_BOOK_BY_ID action executed " }
{ "timestamp": "2023-08-02 17:00:41.3544", "level": "INFO", "logger": "WypozyczalniaAPI.BooksClient", "message": "Request action  with path: https://localhost:7008/books/25 and bookId: 25, X-Request-ID: 673376a2-bd23-4c77-8aca-ac1b812ac54d  GET_BOOK_BY_ID action invoked" }
{ "timestamp": "2023-08-02 17:00:41.3544", "level": "INFO", "logger": "WypozyczalniaAPI.BooksClient", "message": "Request action  with path: https://localhost:7008/books/25 and bookId: 25, X-Request-ID: 673376a2-bd23-4c77-8aca-ac1b812ac54d  GET_BOOK_BY_ID action executed " }
{ "timestamp": "2023-08-02 17:00:41.3544", "level": "INFO", "logger": "WypozyczalniaAPI.BooksClient", "message": "Request action  with path: https://localhost:7008/books/25 and bookId: 25, X-Request-ID: 673376a2-bd23-4c77-8aca-ac1b812ac54d  GET_BOOK_BY_ID action invoked" }
{ "timestamp": "2023-08-02 17:00:41.3544", "level": "INFO", "logger": "WypozyczalniaAPI.BooksClient", "message": "Request action  with path: https://localhost:7008/books/25 and bookId: 25, X-Request-ID: 673376a2-bd23-4c77-8aca-ac1b812ac54d  GET_BOOK_BY_ID action executed " }
{ "timestamp": "2023-08-02 17:00:41.3544", "level": "INFO", "logger": "WypozyczalniaAPI.BooksClient", "message": "Request action  with path: https://localhost:7008/books/25 and bookId: 25, X-Request-ID: 673376a2-bd23-4c77-8aca-ac1b812ac54d  GET_BOOK_BY_ID action invoked" }
{ "timestamp": "2023-08-02 17:00:41.3721", "level": "INFO", "logger": "WypozyczalniaAPI.BooksClient", "message": "Request action  with path: https://localhost:7008/books/25 and bookId: 25, X-Request-ID: 673376a2-bd23-4c77-8aca-ac1b812ac54d  GET_BOOK_BY_ID action executed " }
{ "timestamp": "2023-08-02 17:00:41.3721", "level": "INFO", "logger": "WypozyczalniaAPI.BooksClient", "message": "Request action  with path: https://localhost:7008/books/25 and bookId: 25, X-Request-ID: 673376a2-bd23-4c77-8aca-ac1b812ac54d  GET_BOOK_BY_ID action invoked" }
{ "timestamp": "2023-08-02 17:00:41.3721", "level": "INFO", "logger": "WypozyczalniaAPI.BooksClient", "message": "Request action  with path: https://localhost:7008/books/25 and bookId: 25, X-Request-ID: 673376a2-bd23-4c77-8aca-ac1b812ac54d  GET_BOOK_BY_ID action executed " }
{ "timestamp": "2023-08-02 17:00:41.3721", "level": "INFO", "logger": "WypozyczalniaAPI.BooksClient", "message": "Request action  with path: https://localhost:7008/books/25 and bookId: 25, X-Request-ID: 673376a2-bd23-4c77-8aca-ac1b812ac54d  GET_BOOK_BY_ID action invoked" }
{ "timestamp": "2023-08-02 17:00:41.3721", "level": "INFO", "logger": "WypozyczalniaAPI.BooksClient", "message": "Request action  with path: https://localhost:7008/books/25 and bookId: 25, X-Request-ID: 673376a2-bd23-4c77-8aca-ac1b812ac54d  GET_BOOK_BY_ID action executed " }
{ "timestamp": "2023-08-02 17:00:41.3721", "level": "INFO", "logger": "WypozyczalniaAPI.BooksClient", "message": "Request action  with path: https://localhost:7008/books/25 and bookId: 25, X-Request-ID: 673376a2-bd23-4c77-8aca-ac1b812ac54d  GET_BOOK_BY_ID action invoked" }
{ "timestamp": "2023-08-02 17:00:41.3721", "level": "INFO", "logger": "WypozyczalniaAPI.BooksClient", "message": "Request action  with path: https://localhost:7008/books/25 and bookId: 25, X-Request-ID: 673376a2-bd23-4c77-8aca-ac1b812ac54d  GET_BOOK_BY_ID action executed " }
{ "timestamp": "2023-08-02 17:00:41.3721", "level": "INFO", "logger": "WypozyczalniaAPI.BooksClient", "message": "Request action  with path: https://localhost:7008/books/25 and bookId: 25, X-Request-ID: 673376a2-bd23-4c77-8aca-ac1b812ac54d  GET_BOOK_BY_ID action invoked" }
{ "timestamp": "2023-08-02 17:00:41.3721", "level": "INFO", "logger": "WypozyczalniaAPI.BooksClient", "message": "Request action  with path: https://localhost:7008/books/25 and bookId: 25, X-Request-ID: 673376a2-bd23-4c77-8aca-ac1b812ac54d  GET_BOOK_BY_ID action executed " }
{ "timestamp": "2023-08-02 17:00:41.3854", "level": "INFO", "logger": "WypozyczalniaAPI.BooksClient", "message": "Request action  with path: https://localhost:7008/books/25 and bookId: 25, X-Request-ID: 673376a2-bd23-4c77-8aca-ac1b812ac54d  GET_BOOK_BY_ID action invoked" }
{ "timestamp": "2023-08-02 17:00:41.3854", "level": "INFO", "logger": "WypozyczalniaAPI.BooksClient", "message": "Request action  with path: https://localhost:7008/books/25 and bookId: 25, X-Request-ID: 673376a2-bd23-4c77-8aca-ac1b812ac54d  GET_BOOK_BY_ID action executed " }
{ "timestamp": "2023-08-02 17:00:41.3854", "level": "INFO", "logger": "WypozyczalniaAPI.BooksClient", "message": "Request action  with path: https://localhost:7008/books/25 and bookId: 25, X-Request-ID: 673376a2-bd23-4c77-8aca-ac1b812ac54d  GET_BOOK_BY_ID action invoked" }
{ "timestamp": "2023-08-02 17:00:41.3854", "level": "INFO", "logger": "WypozyczalniaAPI.BooksClient", "message": "Request action  with path: https://localhost:7008/books/25 and bookId: 25, X-Request-ID: 673376a2-bd23-4c77-8aca-ac1b812ac54d  GET_BOOK_BY_ID action executed " }
{ "timestamp": "2023-08-02 17:00:41.3854", "level": "INFO", "logger": "WypozyczalniaAPI.BooksClient", "message": "Request action  with path: https://localhost:7008/books/25 and bookId: 25, X-Request-ID: 673376a2-bd23-4c77-8aca-ac1b812ac54d  GET_BOOK_BY_ID action invoked" }
{ "timestamp": "2023-08-02 17:00:41.3854", "level": "INFO", "logger": "WypozyczalniaAPI.BooksClient", "message": "Request action  with path: https://localhost:7008/books/25 and bookId: 25, X-Request-ID: 673376a2-bd23-4c77-8aca-ac1b812ac54d  GET_BOOK_BY_ID action executed " }
{ "timestamp": "2023-08-02 17:00:41.3854", "level": "INFO", "logger": "WypozyczalniaAPI.BooksClient", "message": "Request action  with path: https://localhost:7008/books/25 and bookId: 25, X-Request-ID: 673376a2-bd23-4c77-8aca-ac1b812ac54d  GET_BOOK_BY_ID action invoked" }
{ "timestamp": "2023-08-02 17:00:41.3854", "level": "INFO", "logger": "WypozyczalniaAPI.BooksClient", "message": "Request action  with path: https://localhost:7008/books/25 and bookId: 25, X-Request-ID: 673376a2-bd23-4c77-8aca-ac1b812ac54d  GET_BOOK_BY_ID action executed " }
{ "timestamp": "2023-08-02 17:00:41.3854", "level": "INFO", "logger": "WypozyczalniaAPI.BooksClient", "message": "Request action  with path: https://localhost:7008/books/25 and bookId: 25, X-Request-ID: 673376a2-bd23-4c77-8aca-ac1b812ac54d  GET_BOOK_BY_ID action invoked" }
{ "timestamp": "2023-08-02 17:00:41.4013", "level": "INFO", "logger": "WypozyczalniaAPI.BooksClient", "message": "Request action  with path: https://localhost:7008/books/25 and bookId: 25, X-Request-ID: 673376a2-bd23-4c77-8aca-ac1b812ac54d  GET_BOOK_BY_ID action executed " }
{ "timestamp": "2023-08-02 17:00:41.4013", "level": "INFO", "logger": "WypozyczalniaAPI.BooksClient", "message": "Request action  with path: https://localhost:7008/books/25 and bookId: 25, X-Request-ID: 673376a2-bd23-4c77-8aca-ac1b812ac54d  GET_BOOK_BY_ID action invoked" }
{ "timestamp": "2023-08-02 17:00:41.4013", "level": "INFO", "logger": "WypozyczalniaAPI.BooksClient", "message": "Request action  with path: https://localhost:7008/books/25 and bookId: 25, X-Request-ID: 673376a2-bd23-4c77-8aca-ac1b812ac54d  GET_BOOK_BY_ID action executed " }
{ "timestamp": "2023-08-02 17:00:41.4013", "level": "INFO", "logger": "WypozyczalniaAPI.BooksClient", "message": "Request action  with path: https://localhost:7008/books/25 and bookId: 25, X-Request-ID: 673376a2-bd23-4c77-8aca-ac1b812ac54d  GET_BOOK_BY_ID action invoked" }
{ "timestamp": "2023-08-02 17:00:41.4013", "level": "INFO", "logger": "WypozyczalniaAPI.BooksClient", "message": "Request action  with path: https://localhost:7008/books/25 and bookId: 25, X-Request-ID: 673376a2-bd23-4c77-8aca-ac1b812ac54d  GET_BOOK_BY_ID action executed " }
{ "timestamp": "2023-08-02 17:00:41.4013", "level": "INFO", "logger": "WypozyczalniaAPI.BooksClient", "message": "Request action  with path: https://localhost:7008/books/25 and bookId: 25, X-Request-ID: 673376a2-bd23-4c77-8aca-ac1b812ac54d  GET_BOOK_BY_ID action invoked" }
{ "timestamp": "2023-08-02 17:00:41.4013", "level": "INFO", "logger": "WypozyczalniaAPI.BooksClient", "message": "Request action  with path: https://localhost:7008/books/25 and bookId: 25, X-Request-ID: 673376a2-bd23-4c77-8aca-ac1b812ac54d  GET_BOOK_BY_ID action executed " }
{ "timestamp": "2023-08-02 17:00:41.4013", "level": "INFO", "logger": "WypozyczalniaAPI.BooksClient", "message": "Request action  with path: https://localhost:7008/books/25 and bookId: 25, X-Request-ID: 673376a2-bd23-4c77-8aca-ac1b812ac54d  GET_BOOK_BY_ID action invoked" }
{ "timestamp": "2023-08-02 17:00:41.4013", "level": "INFO", "logger": "WypozyczalniaAPI.BooksClient", "message": "Request action  with path: https://localhost:7008/books/25 and bookId: 25, X-Request-ID: 673376a2-bd23-4c77-8aca-ac1b812ac54d  GET_BOOK_BY_ID action executed " }
{ "timestamp": "2023-08-02 17:00:41.4013", "level": "INFO", "logger": "WypozyczalniaAPI.BooksClient", "message": "Request action  with path: https://localhost:7008/books/25 and bookId: 25, X-Request-ID: 673376a2-bd23-4c77-8aca-ac1b812ac54d  GET_BOOK_BY_ID action invoked" }
{ "timestamp": "2023-08-02 17:00:41.4180", "level": "INFO", "logger": "WypozyczalniaAPI.BooksClient", "message": "Request action  with path: https://localhost:7008/books/25 and bookId: 25, X-Request-ID: 673376a2-bd23-4c77-8aca-ac1b812ac54d  GET_BOOK_BY_ID action executed " }
{ "timestamp": "2023-08-02 17:00:41.4180", "level": "INFO", "logger": "WypozyczalniaAPI.BooksClient", "message": "Request action  with path: https://localhost:7008/books/25 and bookId: 25, X-Request-ID: 673376a2-bd23-4c77-8aca-ac1b812ac54d  GET_BOOK_BY_ID action invoked" }
{ "timestamp": "2023-08-02 17:00:41.4180", "level": "INFO", "logger": "WypozyczalniaAPI.BooksClient", "message": "Request action  with path: https://localhost:7008/books/25 and bookId: 25, X-Request-ID: 673376a2-bd23-4c77-8aca-ac1b812ac54d  GET_BOOK_BY_ID action executed " }
{ "timestamp": "2023-08-02 17:00:41.4180", "level": "INFO", "logger": "WypozyczalniaAPI.BooksClient", "message": "Request action  with path: https://localhost:7008/books/25 and bookId: 25, X-Request-ID: 673376a2-bd23-4c77-8aca-ac1b812ac54d  GET_BOOK_BY_ID action invoked" }
{ "timestamp": "2023-08-02 17:00:41.4180", "level": "INFO", "logger": "WypozyczalniaAPI.BooksClient", "message": "Request action  with path: https://localhost:7008/books/25 and bookId: 25, X-Request-ID: 673376a2-bd23-4c77-8aca-ac1b812ac54d  GET_BOOK_BY_ID action executed " }
{ "timestamp": "2023-08-02 17:00:41.4180", "level": "INFO", "logger": "WypozyczalniaAPI.BooksClient", "message": "Request action  with path: https://localhost:7008/books/25 and bookId: 25, X-Request-ID: 673376a2-bd23-4c77-8aca-ac1b812ac54d  GET_BOOK_BY_ID action invoked" }
{ "timestamp": "2023-08-02 17:00:41.4180", "level": "INFO", "logger": "WypozyczalniaAPI.BooksClient", "message": "Request action  with path: https://localhost:7008/books/25 and bookId: 25, X-Request-ID: 673376a2-bd23-4c77-8aca-ac1b812ac54d  GET_BOOK_BY_ID action executed " }
{ "timestamp": "2023-08-02 17:00:41.4180", "level": "INFO", "logger": "WypozyczalniaAPI.BooksClient", "message": "Request action  with path: https://localhost:7008/books/25 and bookId: 25, X-Request-ID: 673376a2-bd23-4c77-8aca-ac1b812ac54d  GET_BOOK_BY_ID action invoked" }
{ "timestamp": "2023-08-02 17:00:41.4180", "level": "INFO", "logger": "WypozyczalniaAPI.BooksClient", "message": "Request action  with path: https://localhost:7008/books/25 and bookId: 25, X-Request-ID: 673376a2-bd23-4c77-8aca-ac1b812ac54d  GET_BOOK_BY_ID action executed " }
{ "timestamp": "2023-08-02 17:00:41.4180", "level": "INFO", "logger": "WypozyczalniaAPI.BooksClient", "message": "Request action  with path: https://localhost:7008/books/25 and bookId: 25, X-Request-ID: 673376a2-bd23-4c77-8aca-ac1b812ac54d  GET_BOOK_BY_ID action invoked" }
{ "timestamp": "2023-08-02 17:00:41.4346", "level": "INFO", "logger": "WypozyczalniaAPI.BooksClient", "message": "Request action  with path: https://localhost:7008/books/25 and bookId: 25, X-Request-ID: 673376a2-bd23-4c77-8aca-ac1b812ac54d  GET_BOOK_BY_ID action executed " }
{ "timestamp": "2023-08-02 17:00:41.4346", "level": "INFO", "logger": "WypozyczalniaAPI.BooksClient", "message": "Request action  with path: https://localhost:7008/books/25 and bookId: 25, X-Request-ID: 673376a2-bd23-4c77-8aca-ac1b812ac54d  GET_BOOK_BY_ID action invoked" }
{ "timestamp": "2023-08-02 17:00:41.4346", "level": "INFO", "logger": "WypozyczalniaAPI.BooksClient", "message": "Request action  with path: https://localhost:7008/books/25 and bookId: 25, X-Request-ID: 673376a2-bd23-4c77-8aca-ac1b812ac54d  GET_BOOK_BY_ID action executed " }
{ "timestamp": "2023-08-02 17:00:41.4346", "level": "INFO", "logger": "WypozyczalniaAPI.Services.RentService", "message": "GET action for all rents with data filtering executed, , X-Request-ID: 673376a2-bd23-4c77-8aca-ac1b812ac54d" }
{ "timestamp": "2023-08-02 17:00:41.4346", "level": "INFO", "logger": "WypozyczalniaAPI.Filters.LoggerFilterAttribbute", "message": "Request finished: GET /rentals/, Response: 200, Duration: 292 ms, X-Request-ID: 673376a2-bd23-4c77-8aca-ac1b812ac54d" }
{ "timestamp": "2023-08-02 17:02:07.9113", "level": "INFO", "logger": "WypozyczalniaAPI.Filters.LoggerFilterAttribbute", "message": "Request started: GET /rentals/ X-Request-ID: 124f7524-315c-45a0-ba99-6f86592a6d4b" }
{ "timestamp": "2023-08-02 17:02:07.9113", "level": "INFO", "logger": "WypozyczalniaAPI.Services.RentService", "message": "GET action for all rents with data filtering parameters:  and  invoked, , X-Request-ID: 124f7524-315c-45a0-ba99-6f86592a6d4b" }
{ "timestamp": "2023-08-02 17:02:07.9183", "level": "INFO", "logger": "WypozyczalniaAPI.BooksClient", "message": "Request action  with path: https://localhost:7008/books/27 and bookId: 27, X-Request-ID: 124f7524-315c-45a0-ba99-6f86592a6d4b  GET_BOOK_BY_ID action invoked" }
{ "timestamp": "2023-08-02 17:02:08.1283", "level": "INFO", "logger": "WypozyczalniaAPI.BooksClient", "message": "Request action  with path: https://localhost:7008/books/27 and bookId: 27, X-Request-ID: 124f7524-315c-45a0-ba99-6f86592a6d4b  GET_BOOK_BY_ID action executed " }
{ "timestamp": "2023-08-02 17:02:08.1283", "level": "INFO", "logger": "WypozyczalniaAPI.BooksClient", "message": "Request action  with path: https://localhost:7008/books/27 and bookId: 27, X-Request-ID: 124f7524-315c-45a0-ba99-6f86592a6d4b  GET_BOOK_BY_ID action invoked" }
{ "timestamp": "2023-08-02 17:02:08.1283", "level": "INFO", "logger": "WypozyczalniaAPI.BooksClient", "message": "Request action  with path: https://localhost:7008/books/27 and bookId: 27, X-Request-ID: 124f7524-315c-45a0-ba99-6f86592a6d4b  GET_BOOK_BY_ID action executed " }
{ "timestamp": "2023-08-02 17:02:08.1283", "level": "INFO", "logger": "WypozyczalniaAPI.BooksClient", "message": "Request action  with path: https://localhost:7008/books/27 and bookId: 27, X-Request-ID: 124f7524-315c-45a0-ba99-6f86592a6d4b  GET_BOOK_BY_ID action invoked" }
{ "timestamp": "2023-08-02 17:02:08.1283", "level": "INFO", "logger": "WypozyczalniaAPI.BooksClient", "message": "Request action  with path: https://localhost:7008/books/27 and bookId: 27, X-Request-ID: 124f7524-315c-45a0-ba99-6f86592a6d4b  GET_BOOK_BY_ID action executed " }
{ "timestamp": "2023-08-02 17:02:08.1283", "level": "INFO", "logger": "WypozyczalniaAPI.BooksClient", "message": "Request action  with path: https://localhost:7008/books/27 and bookId: 27, X-Request-ID: 124f7524-315c-45a0-ba99-6f86592a6d4b  GET_BOOK_BY_ID action invoked" }
{ "timestamp": "2023-08-02 17:02:08.1361", "level": "INFO", "logger": "WypozyczalniaAPI.BooksClient", "message": "Request action  with path: https://localhost:7008/books/27 and bookId: 27, X-Request-ID: 124f7524-315c-45a0-ba99-6f86592a6d4b  GET_BOOK_BY_ID action executed " }
{ "timestamp": "2023-08-02 17:02:08.1361", "level": "INFO", "logger": "WypozyczalniaAPI.BooksClient", "message": "Request action  with path: https://localhost:7008/books/28 and bookId: 28, X-Request-ID: 124f7524-315c-45a0-ba99-6f86592a6d4b  GET_BOOK_BY_ID action invoked" }
{ "timestamp": "2023-08-02 17:02:08.1361", "level": "INFO", "logger": "WypozyczalniaAPI.BooksClient", "message": "Request action  with path: https://localhost:7008/books/28 and bookId: 28, X-Request-ID: 124f7524-315c-45a0-ba99-6f86592a6d4b  GET_BOOK_BY_ID action executed " }
{ "timestamp": "2023-08-02 17:02:08.1361", "level": "INFO", "logger": "WypozyczalniaAPI.BooksClient", "message": "Request action  with path: https://localhost:7008/books/29 and bookId: 29, X-Request-ID: 124f7524-315c-45a0-ba99-6f86592a6d4b  GET_BOOK_BY_ID action invoked" }
{ "timestamp": "2023-08-02 17:02:08.1361", "level": "INFO", "logger": "WypozyczalniaAPI.BooksClient", "message": "Request action  with path: https://localhost:7008/books/29 and bookId: 29, X-Request-ID: 124f7524-315c-45a0-ba99-6f86592a6d4b  GET_BOOK_BY_ID action executed " }
{ "timestamp": "2023-08-02 17:02:08.1361", "level": "INFO", "logger": "WypozyczalniaAPI.BooksClient", "message": "Request action  with path: https://localhost:7008/books/29 and bookId: 29, X-Request-ID: 124f7524-315c-45a0-ba99-6f86592a6d4b  GET_BOOK_BY_ID action invoked" }
{ "timestamp": "2023-08-02 17:02:08.1361", "level": "INFO", "logger": "WypozyczalniaAPI.BooksClient", "message": "Request action  with path: https://localhost:7008/books/29 and bookId: 29, X-Request-ID: 124f7524-315c-45a0-ba99-6f86592a6d4b  GET_BOOK_BY_ID action executed " }
{ "timestamp": "2023-08-02 17:02:08.1361", "level": "INFO", "logger": "WypozyczalniaAPI.BooksClient", "message": "Request action  with path: https://localhost:7008/books/31 and bookId: 31, X-Request-ID: 124f7524-315c-45a0-ba99-6f86592a6d4b  GET_BOOK_BY_ID action invoked" }
{ "timestamp": "2023-08-02 17:02:08.1517", "level": "INFO", "logger": "WypozyczalniaAPI.BooksClient", "message": "Request action  with path: https://localhost:7008/books/31 and bookId: 31, X-Request-ID: 124f7524-315c-45a0-ba99-6f86592a6d4b  GET_BOOK_BY_ID action executed " }
{ "timestamp": "2023-08-02 17:02:08.1517", "level": "INFO", "logger": "WypozyczalniaAPI.BooksClient", "message": "Request action  with path: https://localhost:7008/books/31 and bookId: 31, X-Request-ID: 124f7524-315c-45a0-ba99-6f86592a6d4b  GET_BOOK_BY_ID action invoked" }
{ "timestamp": "2023-08-02 17:02:08.1517", "level": "INFO", "logger": "WypozyczalniaAPI.BooksClient", "message": "Request action  with path: https://localhost:7008/books/31 and bookId: 31, X-Request-ID: 124f7524-315c-45a0-ba99-6f86592a6d4b  GET_BOOK_BY_ID action executed " }
{ "timestamp": "2023-08-02 17:02:08.1517", "level": "INFO", "logger": "WypozyczalniaAPI.BooksClient", "message": "Request action  with path: https://localhost:7008/books/33 and bookId: 33, X-Request-ID: 124f7524-315c-45a0-ba99-6f86592a6d4b  GET_BOOK_BY_ID action invoked" }
{ "timestamp": "2023-08-02 17:02:08.1517", "level": "INFO", "logger": "WypozyczalniaAPI.BooksClient", "message": "Request action  with path: https://localhost:7008/books/33 and bookId: 33, X-Request-ID: 124f7524-315c-45a0-ba99-6f86592a6d4b  GET_BOOK_BY_ID action executed " }
{ "timestamp": "2023-08-02 17:02:08.1517", "level": "INFO", "logger": "WypozyczalniaAPI.BooksClient", "message": "Request action  with path: https://localhost:7008/books/33 and bookId: 33, X-Request-ID: 124f7524-315c-45a0-ba99-6f86592a6d4b  GET_BOOK_BY_ID action invoked" }
{ "timestamp": "2023-08-02 17:02:08.1517", "level": "INFO", "logger": "WypozyczalniaAPI.BooksClient", "message": "Request action  with path: https://localhost:7008/books/33 and bookId: 33, X-Request-ID: 124f7524-315c-45a0-ba99-6f86592a6d4b  GET_BOOK_BY_ID action executed " }
{ "timestamp": "2023-08-02 17:02:08.1517", "level": "INFO", "logger": "WypozyczalniaAPI.BooksClient", "message": "Request action  with path: https://localhost:7008/books/33 and bookId: 33, X-Request-ID: 124f7524-315c-45a0-ba99-6f86592a6d4b  GET_BOOK_BY_ID action invoked" }
{ "timestamp": "2023-08-02 17:02:08.1517", "level": "INFO", "logger": "WypozyczalniaAPI.BooksClient", "message": "Request action  with path: https://localhost:7008/books/33 and bookId: 33, X-Request-ID: 124f7524-315c-45a0-ba99-6f86592a6d4b  GET_BOOK_BY_ID action executed " }
{ "timestamp": "2023-08-02 17:02:08.1517", "level": "INFO", "logger": "WypozyczalniaAPI.BooksClient", "message": "Request action  with path: https://localhost:7008/books/32 and bookId: 32, X-Request-ID: 124f7524-315c-45a0-ba99-6f86592a6d4b  GET_BOOK_BY_ID action invoked" }
{ "timestamp": "2023-08-02 17:02:08.1517", "level": "INFO", "logger": "WypozyczalniaAPI.BooksClient", "message": "Request action  with path: https://localhost:7008/books/32 and bookId: 32, X-Request-ID: 124f7524-315c-45a0-ba99-6f86592a6d4b  GET_BOOK_BY_ID action executed " }
{ "timestamp": "2023-08-02 17:02:08.1517", "level": "INFO", "logger": "WypozyczalniaAPI.BooksClient", "message": "Request action  with path: https://localhost:7008/books/32 and bookId: 32, X-Request-ID: 124f7524-315c-45a0-ba99-6f86592a6d4b  GET_BOOK_BY_ID action invoked" }
{ "timestamp": "2023-08-02 17:02:08.1517", "level": "INFO", "logger": "WypozyczalniaAPI.BooksClient", "message": "Request action  with path: https://localhost:7008/books/32 and bookId: 32, X-Request-ID: 124f7524-315c-45a0-ba99-6f86592a6d4b  GET_BOOK_BY_ID action executed " }
{ "timestamp": "2023-08-02 17:02:08.1517", "level": "INFO", "logger": "WypozyczalniaAPI.BooksClient", "message": "Request action  with path: https://localhost:7008/books/32 and bookId: 32, X-Request-ID: 124f7524-315c-45a0-ba99-6f86592a6d4b  GET_BOOK_BY_ID action invoked" }
{ "timestamp": "2023-08-02 17:02:08.1689", "level": "INFO", "logger": "WypozyczalniaAPI.BooksClient", "message": "Request action  with path: https://localhost:7008/books/32 and bookId: 32, X-Request-ID: 124f7524-315c-45a0-ba99-6f86592a6d4b  GET_BOOK_BY_ID action executed " }
{ "timestamp": "2023-08-02 17:02:08.1689", "level": "INFO", "logger": "WypozyczalniaAPI.BooksClient", "message": "Request action  with path: https://localhost:7008/books/33 and bookId: 33, X-Request-ID: 124f7524-315c-45a0-ba99-6f86592a6d4b  GET_BOOK_BY_ID action invoked" }
{ "timestamp": "2023-08-02 17:02:08.1689", "level": "INFO", "logger": "WypozyczalniaAPI.BooksClient", "message": "Request action  with path: https://localhost:7008/books/33 and bookId: 33, X-Request-ID: 124f7524-315c-45a0-ba99-6f86592a6d4b  GET_BOOK_BY_ID action executed " }
{ "timestamp": "2023-08-02 17:02:08.1689", "level": "INFO", "logger": "WypozyczalniaAPI.BooksClient", "message": "Request action  with path: https://localhost:7008/books/30 and bookId: 30, X-Request-ID: 124f7524-315c-45a0-ba99-6f86592a6d4b  GET_BOOK_BY_ID action invoked" }
{ "timestamp": "2023-08-02 17:02:08.1689", "level": "INFO", "logger": "WypozyczalniaAPI.BooksClient", "message": "Request action  with path: https://localhost:7008/books/30 and bookId: 30, X-Request-ID: 124f7524-315c-45a0-ba99-6f86592a6d4b  GET_BOOK_BY_ID action executed " }
{ "timestamp": "2023-08-02 17:02:08.1689", "level": "INFO", "logger": "WypozyczalniaAPI.BooksClient", "message": "Request action  with path: https://localhost:7008/books/30 and bookId: 30, X-Request-ID: 124f7524-315c-45a0-ba99-6f86592a6d4b  GET_BOOK_BY_ID action invoked" }
{ "timestamp": "2023-08-02 17:02:08.1689", "level": "INFO", "logger": "WypozyczalniaAPI.BooksClient", "message": "Request action  with path: https://localhost:7008/books/30 and bookId: 30, X-Request-ID: 124f7524-315c-45a0-ba99-6f86592a6d4b  GET_BOOK_BY_ID action executed " }
{ "timestamp": "2023-08-02 17:02:08.1689", "level": "INFO", "logger": "WypozyczalniaAPI.BooksClient", "message": "Request action  with path: https://localhost:7008/books/30 and bookId: 30, X-Request-ID: 124f7524-315c-45a0-ba99-6f86592a6d4b  GET_BOOK_BY_ID action invoked" }
{ "timestamp": "2023-08-02 17:02:08.1689", "level": "INFO", "logger": "WypozyczalniaAPI.BooksClient", "message": "Request action  with path: https://localhost:7008/books/30 and bookId: 30, X-Request-ID: 124f7524-315c-45a0-ba99-6f86592a6d4b  GET_BOOK_BY_ID action executed " }
{ "timestamp": "2023-08-02 17:02:08.1689", "level": "INFO", "logger": "WypozyczalniaAPI.BooksClient", "message": "Request action  with path: https://localhost:7008/books/30 and bookId: 30, X-Request-ID: 124f7524-315c-45a0-ba99-6f86592a6d4b  GET_BOOK_BY_ID action invoked" }
{ "timestamp": "2023-08-02 17:02:08.1689", "level": "INFO", "logger": "WypozyczalniaAPI.BooksClient", "message": "Request action  with path: https://localhost:7008/books/30 and bookId: 30, X-Request-ID: 124f7524-315c-45a0-ba99-6f86592a6d4b  GET_BOOK_BY_ID action executed " }
{ "timestamp": "2023-08-02 17:02:08.1689", "level": "INFO", "logger": "WypozyczalniaAPI.BooksClient", "message": "Request action  with path: https://localhost:7008/books/25 and bookId: 25, X-Request-ID: 124f7524-315c-45a0-ba99-6f86592a6d4b  GET_BOOK_BY_ID action invoked" }
{ "timestamp": "2023-08-02 17:02:08.1848", "level": "INFO", "logger": "WypozyczalniaAPI.BooksClient", "message": "Request action  with path: https://localhost:7008/books/25 and bookId: 25, X-Request-ID: 124f7524-315c-45a0-ba99-6f86592a6d4b  GET_BOOK_BY_ID action executed " }
{ "timestamp": "2023-08-02 17:02:08.1848", "level": "INFO", "logger": "WypozyczalniaAPI.BooksClient", "message": "Request action  with path: https://localhost:7008/books/25 and bookId: 25, X-Request-ID: 124f7524-315c-45a0-ba99-6f86592a6d4b  GET_BOOK_BY_ID action invoked" }
{ "timestamp": "2023-08-02 17:02:08.1848", "level": "INFO", "logger": "WypozyczalniaAPI.BooksClient", "message": "Request action  with path: https://localhost:7008/books/25 and bookId: 25, X-Request-ID: 124f7524-315c-45a0-ba99-6f86592a6d4b  GET_BOOK_BY_ID action executed " }
{ "timestamp": "2023-08-02 17:02:08.1848", "level": "INFO", "logger": "WypozyczalniaAPI.BooksClient", "message": "Request action  with path: https://localhost:7008/books/25 and bookId: 25, X-Request-ID: 124f7524-315c-45a0-ba99-6f86592a6d4b  GET_BOOK_BY_ID action invoked" }
{ "timestamp": "2023-08-02 17:02:08.1848", "level": "INFO", "logger": "WypozyczalniaAPI.BooksClient", "message": "Request action  with path: https://localhost:7008/books/25 and bookId: 25, X-Request-ID: 124f7524-315c-45a0-ba99-6f86592a6d4b  GET_BOOK_BY_ID action executed " }
{ "timestamp": "2023-08-02 17:02:08.1848", "level": "INFO", "logger": "WypozyczalniaAPI.BooksClient", "message": "Request action  with path: https://localhost:7008/books/25 and bookId: 25, X-Request-ID: 124f7524-315c-45a0-ba99-6f86592a6d4b  GET_BOOK_BY_ID action invoked" }
{ "timestamp": "2023-08-02 17:02:08.1848", "level": "INFO", "logger": "WypozyczalniaAPI.BooksClient", "message": "Request action  with path: https://localhost:7008/books/25 and bookId: 25, X-Request-ID: 124f7524-315c-45a0-ba99-6f86592a6d4b  GET_BOOK_BY_ID action executed " }
{ "timestamp": "2023-08-02 17:02:08.1848", "level": "INFO", "logger": "WypozyczalniaAPI.BooksClient", "message": "Request action  with path: https://localhost:7008/books/25 and bookId: 25, X-Request-ID: 124f7524-315c-45a0-ba99-6f86592a6d4b  GET_BOOK_BY_ID action invoked" }
{ "timestamp": "2023-08-02 17:02:08.1848", "level": "INFO", "logger": "WypozyczalniaAPI.BooksClient", "message": "Request action  with path: https://localhost:7008/books/25 and bookId: 25, X-Request-ID: 124f7524-315c-45a0-ba99-6f86592a6d4b  GET_BOOK_BY_ID action executed " }
{ "timestamp": "2023-08-02 17:02:08.1848", "level": "INFO", "logger": "WypozyczalniaAPI.BooksClient", "message": "Request action  with path: https://localhost:7008/books/25 and bookId: 25, X-Request-ID: 124f7524-315c-45a0-ba99-6f86592a6d4b  GET_BOOK_BY_ID action invoked" }
{ "timestamp": "2023-08-02 17:02:08.1848", "level": "INFO", "logger": "WypozyczalniaAPI.BooksClient", "message": "Request action  with path: https://localhost:7008/books/25 and bookId: 25, X-Request-ID: 124f7524-315c-45a0-ba99-6f86592a6d4b  GET_BOOK_BY_ID action executed " }
{ "timestamp": "2023-08-02 17:02:08.1848", "level": "INFO", "logger": "WypozyczalniaAPI.BooksClient", "message": "Request action  with path: https://localhost:7008/books/25 and bookId: 25, X-Request-ID: 124f7524-315c-45a0-ba99-6f86592a6d4b  GET_BOOK_BY_ID action invoked" }
{ "timestamp": "2023-08-02 17:02:08.1995", "level": "INFO", "logger": "WypozyczalniaAPI.BooksClient", "message": "Request action  with path: https://localhost:7008/books/25 and bookId: 25, X-Request-ID: 124f7524-315c-45a0-ba99-6f86592a6d4b  GET_BOOK_BY_ID action executed " }
{ "timestamp": "2023-08-02 17:02:08.1995", "level": "INFO", "logger": "WypozyczalniaAPI.BooksClient", "message": "Request action  with path: https://localhost:7008/books/25 and bookId: 25, X-Request-ID: 124f7524-315c-45a0-ba99-6f86592a6d4b  GET_BOOK_BY_ID action invoked" }
{ "timestamp": "2023-08-02 17:02:08.1995", "level": "INFO", "logger": "WypozyczalniaAPI.BooksClient", "message": "Request action  with path: https://localhost:7008/books/25 and bookId: 25, X-Request-ID: 124f7524-315c-45a0-ba99-6f86592a6d4b  GET_BOOK_BY_ID action executed " }
{ "timestamp": "2023-08-02 17:02:08.1995", "level": "INFO", "logger": "WypozyczalniaAPI.BooksClient", "message": "Request action  with path: https://localhost:7008/books/25 and bookId: 25, X-Request-ID: 124f7524-315c-45a0-ba99-6f86592a6d4b  GET_BOOK_BY_ID action invoked" }
{ "timestamp": "2023-08-02 17:02:08.1995", "level": "INFO", "logger": "WypozyczalniaAPI.BooksClient", "message": "Request action  with path: https://localhost:7008/books/25 and bookId: 25, X-Request-ID: 124f7524-315c-45a0-ba99-6f86592a6d4b  GET_BOOK_BY_ID action executed " }
{ "timestamp": "2023-08-02 17:02:08.1995", "level": "INFO", "logger": "WypozyczalniaAPI.BooksClient", "message": "Request action  with path: https://localhost:7008/books/25 and bookId: 25, X-Request-ID: 124f7524-315c-45a0-ba99-6f86592a6d4b  GET_BOOK_BY_ID action invoked" }
{ "timestamp": "2023-08-02 17:02:08.1995", "level": "INFO", "logger": "WypozyczalniaAPI.BooksClient", "message": "Request action  with path: https://localhost:7008/books/25 and bookId: 25, X-Request-ID: 124f7524-315c-45a0-ba99-6f86592a6d4b  GET_BOOK_BY_ID action executed " }
{ "timestamp": "2023-08-02 17:02:08.1995", "level": "INFO", "logger": "WypozyczalniaAPI.BooksClient", "message": "Request action  with path: https://localhost:7008/books/25 and bookId: 25, X-Request-ID: 124f7524-315c-45a0-ba99-6f86592a6d4b  GET_BOOK_BY_ID action invoked" }
{ "timestamp": "2023-08-02 17:02:08.2143", "level": "INFO", "logger": "WypozyczalniaAPI.BooksClient", "message": "Request action  with path: https://localhost:7008/books/25 and bookId: 25, X-Request-ID: 124f7524-315c-45a0-ba99-6f86592a6d4b  GET_BOOK_BY_ID action executed " }
{ "timestamp": "2023-08-02 17:02:08.2143", "level": "INFO", "logger": "WypozyczalniaAPI.BooksClient", "message": "Request action  with path: https://localhost:7008/books/25 and bookId: 25, X-Request-ID: 124f7524-315c-45a0-ba99-6f86592a6d4b  GET_BOOK_BY_ID action invoked" }
{ "timestamp": "2023-08-02 17:02:08.2143", "level": "INFO", "logger": "WypozyczalniaAPI.BooksClient", "message": "Request action  with path: https://localhost:7008/books/25 and bookId: 25, X-Request-ID: 124f7524-315c-45a0-ba99-6f86592a6d4b  GET_BOOK_BY_ID action executed " }
{ "timestamp": "2023-08-02 17:02:08.2143", "level": "INFO", "logger": "WypozyczalniaAPI.BooksClient", "message": "Request action  with path: https://localhost:7008/books/25 and bookId: 25, X-Request-ID: 124f7524-315c-45a0-ba99-6f86592a6d4b  GET_BOOK_BY_ID action invoked" }
{ "timestamp": "2023-08-02 17:02:08.2143", "level": "INFO", "logger": "WypozyczalniaAPI.BooksClient", "message": "Request action  with path: https://localhost:7008/books/25 and bookId: 25, X-Request-ID: 124f7524-315c-45a0-ba99-6f86592a6d4b  GET_BOOK_BY_ID action executed " }
{ "timestamp": "2023-08-02 17:02:08.2143", "level": "INFO", "logger": "WypozyczalniaAPI.BooksClient", "message": "Request action  with path: https://localhost:7008/books/25 and bookId: 25, X-Request-ID: 124f7524-315c-45a0-ba99-6f86592a6d4b  GET_BOOK_BY_ID action invoked" }
{ "timestamp": "2023-08-02 17:02:08.2143", "level": "INFO", "logger": "WypozyczalniaAPI.BooksClient", "message": "Request action  with path: https://localhost:7008/books/25 and bookId: 25, X-Request-ID: 124f7524-315c-45a0-ba99-6f86592a6d4b  GET_BOOK_BY_ID action executed " }
{ "timestamp": "2023-08-02 17:02:08.2143", "level": "INFO", "logger": "WypozyczalniaAPI.BooksClient", "message": "Request action  with path: https://localhost:7008/books/25 and bookId: 25, X-Request-ID: 124f7524-315c-45a0-ba99-6f86592a6d4b  GET_BOOK_BY_ID action invoked" }
{ "timestamp": "2023-08-02 17:02:08.2143", "level": "INFO", "logger": "WypozyczalniaAPI.BooksClient", "message": "Request action  with path: https://localhost:7008/books/25 and bookId: 25, X-Request-ID: 124f7524-315c-45a0-ba99-6f86592a6d4b  GET_BOOK_BY_ID action executed " }
{ "timestamp": "2023-08-02 17:02:08.2143", "level": "INFO", "logger": "WypozyczalniaAPI.BooksClient", "message": "Request action  with path: https://localhost:7008/books/25 and bookId: 25, X-Request-ID: 124f7524-315c-45a0-ba99-6f86592a6d4b  GET_BOOK_BY_ID action invoked" }
{ "timestamp": "2023-08-02 17:02:08.2143", "level": "INFO", "logger": "WypozyczalniaAPI.BooksClient", "message": "Request action  with path: https://localhost:7008/books/25 and bookId: 25, X-Request-ID: 124f7524-315c-45a0-ba99-6f86592a6d4b  GET_BOOK_BY_ID action executed " }
{ "timestamp": "2023-08-02 17:02:08.2143", "level": "INFO", "logger": "WypozyczalniaAPI.BooksClient", "message": "Request action  with path: https://localhost:7008/books/25 and bookId: 25, X-Request-ID: 124f7524-315c-45a0-ba99-6f86592a6d4b  GET_BOOK_BY_ID action invoked" }
{ "timestamp": "2023-08-02 17:02:08.2289", "level": "INFO", "logger": "WypozyczalniaAPI.BooksClient", "message": "Request action  with path: https://localhost:7008/books/25 and bookId: 25, X-Request-ID: 124f7524-315c-45a0-ba99-6f86592a6d4b  GET_BOOK_BY_ID action executed " }
{ "timestamp": "2023-08-02 17:02:08.2289", "level": "INFO", "logger": "WypozyczalniaAPI.BooksClient", "message": "Request action  with path: https://localhost:7008/books/25 and bookId: 25, X-Request-ID: 124f7524-315c-45a0-ba99-6f86592a6d4b  GET_BOOK_BY_ID action invoked" }
{ "timestamp": "2023-08-02 17:02:08.2289", "level": "INFO", "logger": "WypozyczalniaAPI.BooksClient", "message": "Request action  with path: https://localhost:7008/books/25 and bookId: 25, X-Request-ID: 124f7524-315c-45a0-ba99-6f86592a6d4b  GET_BOOK_BY_ID action executed " }
{ "timestamp": "2023-08-02 17:02:08.2289", "level": "INFO", "logger": "WypozyczalniaAPI.BooksClient", "message": "Request action  with path: https://localhost:7008/books/25 and bookId: 25, X-Request-ID: 124f7524-315c-45a0-ba99-6f86592a6d4b  GET_BOOK_BY_ID action invoked" }
{ "timestamp": "2023-08-02 17:02:08.2289", "level": "INFO", "logger": "WypozyczalniaAPI.BooksClient", "message": "Request action  with path: https://localhost:7008/books/25 and bookId: 25, X-Request-ID: 124f7524-315c-45a0-ba99-6f86592a6d4b  GET_BOOK_BY_ID action executed " }
{ "timestamp": "2023-08-02 17:02:08.2289", "level": "INFO", "logger": "WypozyczalniaAPI.BooksClient", "message": "Request action  with path: https://localhost:7008/books/25 and bookId: 25, X-Request-ID: 124f7524-315c-45a0-ba99-6f86592a6d4b  GET_BOOK_BY_ID action invoked" }
{ "timestamp": "2023-08-02 17:02:08.2289", "level": "INFO", "logger": "WypozyczalniaAPI.BooksClient", "message": "Request action  with path: https://localhost:7008/books/25 and bookId: 25, X-Request-ID: 124f7524-315c-45a0-ba99-6f86592a6d4b  GET_BOOK_BY_ID action executed " }
{ "timestamp": "2023-08-02 17:02:08.2289", "level": "INFO", "logger": "WypozyczalniaAPI.BooksClient", "message": "Request action  with path: https://localhost:7008/books/25 and bookId: 25, X-Request-ID: 124f7524-315c-45a0-ba99-6f86592a6d4b  GET_BOOK_BY_ID action invoked" }
{ "timestamp": "2023-08-02 17:02:08.2289", "level": "INFO", "logger": "WypozyczalniaAPI.BooksClient", "message": "Request action  with path: https://localhost:7008/books/25 and bookId: 25, X-Request-ID: 124f7524-315c-45a0-ba99-6f86592a6d4b  GET_BOOK_BY_ID action executed " }
{ "timestamp": "2023-08-02 17:02:08.2289", "level": "INFO", "logger": "WypozyczalniaAPI.BooksClient", "message": "Request action  with path: https://localhost:7008/books/25 and bookId: 25, X-Request-ID: 124f7524-315c-45a0-ba99-6f86592a6d4b  GET_BOOK_BY_ID action invoked" }
{ "timestamp": "2023-08-02 17:02:08.2289", "level": "INFO", "logger": "WypozyczalniaAPI.BooksClient", "message": "Request action  with path: https://localhost:7008/books/25 and bookId: 25, X-Request-ID: 124f7524-315c-45a0-ba99-6f86592a6d4b  GET_BOOK_BY_ID action executed " }
{ "timestamp": "2023-08-02 17:02:08.2289", "level": "INFO", "logger": "WypozyczalniaAPI.BooksClient", "message": "Request action  with path: https://localhost:7008/books/25 and bookId: 25, X-Request-ID: 124f7524-315c-45a0-ba99-6f86592a6d4b  GET_BOOK_BY_ID action invoked" }
{ "timestamp": "2023-08-02 17:02:08.2289", "level": "INFO", "logger": "WypozyczalniaAPI.BooksClient", "message": "Request action  with path: https://localhost:7008/books/25 and bookId: 25, X-Request-ID: 124f7524-315c-45a0-ba99-6f86592a6d4b  GET_BOOK_BY_ID action executed " }
{ "timestamp": "2023-08-02 17:02:08.2289", "level": "INFO", "logger": "WypozyczalniaAPI.BooksClient", "message": "Request action  with path: https://localhost:7008/books/25 and bookId: 25, X-Request-ID: 124f7524-315c-45a0-ba99-6f86592a6d4b  GET_BOOK_BY_ID action invoked" }
{ "timestamp": "2023-08-02 17:02:08.2463", "level": "INFO", "logger": "WypozyczalniaAPI.BooksClient", "message": "Request action  with path: https://localhost:7008/books/25 and bookId: 25, X-Request-ID: 124f7524-315c-45a0-ba99-6f86592a6d4b  GET_BOOK_BY_ID action executed " }
{ "timestamp": "2023-08-02 17:02:08.2463", "level": "INFO", "logger": "WypozyczalniaAPI.BooksClient", "message": "Request action  with path: https://localhost:7008/books/25 and bookId: 25, X-Request-ID: 124f7524-315c-45a0-ba99-6f86592a6d4b  GET_BOOK_BY_ID action invoked" }
{ "timestamp": "2023-08-02 17:02:08.2463", "level": "INFO", "logger": "WypozyczalniaAPI.BooksClient", "message": "Request action  with path: https://localhost:7008/books/25 and bookId: 25, X-Request-ID: 124f7524-315c-45a0-ba99-6f86592a6d4b  GET_BOOK_BY_ID action executed " }
{ "timestamp": "2023-08-02 17:02:08.2463", "level": "INFO", "logger": "WypozyczalniaAPI.BooksClient", "message": "Request action  with path: https://localhost:7008/books/25 and bookId: 25, X-Request-ID: 124f7524-315c-45a0-ba99-6f86592a6d4b  GET_BOOK_BY_ID action invoked" }
{ "timestamp": "2023-08-02 17:02:08.2463", "level": "INFO", "logger": "WypozyczalniaAPI.BooksClient", "message": "Request action  with path: https://localhost:7008/books/25 and bookId: 25, X-Request-ID: 124f7524-315c-45a0-ba99-6f86592a6d4b  GET_BOOK_BY_ID action executed " }
{ "timestamp": "2023-08-02 17:02:08.2463", "level": "INFO", "logger": "WypozyczalniaAPI.BooksClient", "message": "Request action  with path: https://localhost:7008/books/25 and bookId: 25, X-Request-ID: 124f7524-315c-45a0-ba99-6f86592a6d4b  GET_BOOK_BY_ID action invoked" }
{ "timestamp": "2023-08-02 17:02:08.2463", "level": "INFO", "logger": "WypozyczalniaAPI.BooksClient", "message": "Request action  with path: https://localhost:7008/books/25 and bookId: 25, X-Request-ID: 124f7524-315c-45a0-ba99-6f86592a6d4b  GET_BOOK_BY_ID action executed " }
{ "timestamp": "2023-08-02 17:02:08.2463", "level": "INFO", "logger": "WypozyczalniaAPI.BooksClient", "message": "Request action  with path: https://localhost:7008/books/25 and bookId: 25, X-Request-ID: 124f7524-315c-45a0-ba99-6f86592a6d4b  GET_BOOK_BY_ID action invoked" }
{ "timestamp": "2023-08-02 17:02:08.2463", "level": "INFO", "logger": "WypozyczalniaAPI.BooksClient", "message": "Request action  with path: https://localhost:7008/books/25 and bookId: 25, X-Request-ID: 124f7524-315c-45a0-ba99-6f86592a6d4b  GET_BOOK_BY_ID action executed " }
{ "timestamp": "2023-08-02 17:02:08.2463", "level": "INFO", "logger": "WypozyczalniaAPI.BooksClient", "message": "Request action  with path: https://localhost:7008/books/25 and bookId: 25, X-Request-ID: 124f7524-315c-45a0-ba99-6f86592a6d4b  GET_BOOK_BY_ID action invoked" }
{ "timestamp": "2023-08-02 17:02:08.2463", "level": "INFO", "logger": "WypozyczalniaAPI.BooksClient", "message": "Request action  with path: https://localhost:7008/books/25 and bookId: 25, X-Request-ID: 124f7524-315c-45a0-ba99-6f86592a6d4b  GET_BOOK_BY_ID action executed " }
{ "timestamp": "2023-08-02 17:02:08.2463", "level": "INFO", "logger": "WypozyczalniaAPI.Services.RentService", "message": "GET action for all rents with data filtering executed, , X-Request-ID: 124f7524-315c-45a0-ba99-6f86592a6d4b" }
{ "timestamp": "2023-08-02 17:02:08.2463", "level": "INFO", "logger": "WypozyczalniaAPI.Filters.LoggerFilterAttribbute", "message": "Request finished: GET /rentals/, Response: 200, Duration: 348 ms, X-Request-ID: 124f7524-315c-45a0-ba99-6f86592a6d4b" }
